2021-01-06T16:14:08.248981600Z Traceback (most recent call last):
2021-01-06T16:14:08.249698400Z   File "/tmp/entrypoint.py", line 82, in <module>
2021-01-06T16:14:08.251832200Z     main()
2021-01-06T16:14:08.251872400Z   File "/tmp/entrypoint.py", line 78, in main
2021-01-06T16:14:08.251902800Z     run_model(options.script, *options.args)
2021-01-06T16:14:08.251944500Z   File "/tmp/entrypoint.py", line 41, in run_model
2021-01-06T16:14:08.251975600Z     return check_output(log_file)
2021-01-06T16:14:08.252009200Z   File "/tmp/entrypoint.py", line 56, in check_output
2021-01-06T16:14:08.252042700Z     raise RuntimeError(f"Problem found running stata script:\n\n{output}")
2021-01-06T16:14:08.252078500Z RuntimeError: Problem found running stata script:
2021-01-06T16:14:08.252121400Z 
2021-01-06T16:14:08.252152300Z 
2021-01-06T16:14:08.252183300Z   ___  ____  ____  ____  ____ (R)
2021-01-06T16:14:08.252216200Z  /__    /   ____/   /   ____/
2021-01-06T16:14:08.252245200Z ___/   /   /___/   /   /___/   16.1   Copyright 1985-2019 StataCorp LLC
2021-01-06T16:14:08.252290400Z   Statistics/Data Analysis            StataCorp
2021-01-06T16:14:08.252415000Z                                       4905 Lakeway Drive
2021-01-06T16:14:08.252444900Z      MP - Parallel Edition            College Station, Texas 77845 USA
2021-01-06T16:14:08.252487000Z                                       800-STATA-PC        http://www.stata.com
2021-01-06T16:14:08.252517500Z                                       979-696-4600        stata@stata.com
2021-01-06T16:14:08.252551500Z                                       979-696-4601 (fax)
2021-01-06T16:14:08.252584700Z 
2021-01-06T16:14:08.252613900Z 3-user 32-core Stata network license expires 29 Apr 2021:
2021-01-06T16:14:08.252710500Z        Serial number:  501609309502
2021-01-06T16:14:08.252798300Z          Licensed to:  EBM DataLab
2021-01-06T16:14:08.252832600Z                        University of Oxford
2021-01-06T16:14:08.252866100Z 
2021-01-06T16:14:08.252940500Z Notes:
2021-01-06T16:14:08.252971600Z       1.  Stata is running in batch mode.
2021-01-06T16:14:08.253001900Z Some Unicode string functions will not behave correctly because ICU data file
2021-01-06T16:14:08.253030900Z     icudt54l.dat cannot be found at directory: "/usr/local/stata/utilities"
2021-01-06T16:14:08.253060000Z       2.  Unicode is supported; see help unicode_advice.
2021-01-06T16:14:08.253091100Z       3.  More than 2 billion observations are allowed; see help obs_advice.
2021-01-06T16:14:08.253113000Z       4.  Maximum number of variables is set to 5000; see help set_maxvar.
2021-01-06T16:14:08.253142000Z 
2021-01-06T16:14:08.253170600Z . do analysis/07b_eth_sensanalysis_nostp_eth5.do 
2021-01-06T16:14:08.253199400Z 
2021-01-06T16:14:08.253251400Z . /*===========================================================================
2021-01-06T16:14:08.253281900Z > ===
2021-01-06T16:14:08.253409900Z > DO FILE NAME:                   07a_eth_sensanalysis_no_stp
2021-01-06T16:14:08.253442000Z > PROJECT:                                Ethnicity and COVID
2021-01-06T16:14:08.253480700Z > AUTHOR:                                 R Mathur (modified from A wong and A 
2021-01-06T16:14:08.253510200Z > Schultze)
2021-01-06T16:14:08.253539100Z > DATE:                                   15 July 2020                         
2021-01-06T16:14:08.253569300Z >            
2021-01-06T16:14:08.253598100Z > DESCRIPTION OF FILE:    program 06 
2021-01-06T16:14:08.253635700Z >                                                 univariable regression
2021-01-06T16:14:08.253668300Z >                                                 multivariable regression 
2021-01-06T16:14:08.253698700Z > DATASETS USED:                  data in memory ($tempdir/analysis_dataset_STS
2021-01-06T16:14:08.253729600Z > ET_outcome)
2021-01-06T16:14:08.253764000Z > DATASETS CREATED:               none
2021-01-06T16:14:08.253794600Z > OTHER OUTPUT:                   logfiles, printed to folder analysis/$logdir
2021-01-06T16:14:08.253828200Z >                                                 table2, printed to $Tabfigdir
2021-01-06T16:14:08.253863100Z >                                                 complete case analysis  
2021-01-06T16:14:08.253893400Z > =============================================================================
2021-01-06T16:14:08.253926800Z > =*/
2021-01-06T16:14:08.253960700Z . sysdir set PLUS ./analysis/adofiles
2021-01-06T16:14:08.253991100Z 
2021-01-06T16:14:08.254034500Z . adopath + ./analysis/adofiles
2021-01-06T16:14:08.254065400Z   [1]  (BASE)      "/usr/local/stata/ado/base/"
2021-01-06T16:14:08.254098300Z   [2]  (SITE)      "/usr/local/ado/"
2021-01-06T16:14:08.254131900Z   [3]              "."
2021-01-06T16:14:08.254162100Z   [4]  (PERSONAL)  "~/ado/personal/"
2021-01-06T16:14:08.254205200Z   [5]  (PLUS)      "./analysis/adofiles/"
2021-01-06T16:14:08.254230100Z   [6]  (OLDPLACE)  "~/ado/"
2021-01-06T16:14:08.254261400Z   [7]              "./analysis/adofiles"
2021-01-06T16:14:08.254291100Z 
2021-01-06T16:14:08.254611300Z . sysdir
2021-01-06T16:14:08.254646000Z    STATA:  /usr/local/stata/
2021-01-06T16:14:08.254679200Z     BASE:  /usr/local/stata/ado/base/
2021-01-06T16:14:08.254708600Z     SITE:  /usr/local/ado/
2021-01-06T16:14:08.254751600Z     PLUS:  ./analysis/adofiles/
2021-01-06T16:14:08.254786600Z PERSONAL:  ~/ado/personal/
2021-01-06T16:14:08.254835100Z OLDPLACE:  ~/ado/
2021-01-06T16:14:08.254869600Z 
2021-01-06T16:14:08.254898900Z . 
2021-01-06T16:14:08.254927400Z . global outcomes "tested positivetest icu hes onscoviddeath ons_noncoviddeath 
2021-01-06T16:14:08.254970300Z > onsdeath"
2021-01-06T16:14:08.255003600Z 
2021-01-06T16:14:08.255032700Z . 
2021-01-06T16:14:08.255061200Z . 
2021-01-06T16:14:08.255089600Z . * Open a log file
2021-01-06T16:14:08.255110000Z . 
2021-01-06T16:14:08.255139200Z . cap log close
2021-01-06T16:14:08.255167900Z 
2021-01-06T16:14:08.255196500Z . macro drop hr
2021-01-06T16:14:08.255234400Z 
2021-01-06T16:14:08.255263300Z . log using ./logs/07a_eth_sensanalysis_nostp_eth5, replace t 
2021-01-06T16:14:08.255287400Z -------------------------------------------------------------------------------
2021-01-06T16:14:08.255421400Z       name:  <unnamed>
2021-01-06T16:14:08.255600500Z        log:  /workspace/logs/07a_eth_sensanalysis_nostp_eth5.log
2021-01-06T16:14:08.255636400Z   log type:  text
2021-01-06T16:14:08.255670300Z  opened on:   6 Jan 2021, 16:10:28
2021-01-06T16:14:08.255699600Z 
2021-01-06T16:14:08.255738200Z . 
2021-01-06T16:14:08.256927700Z . cap file close tablecontent
2021-01-06T16:14:08.257040100Z 
2021-01-06T16:14:08.257081000Z . file open tablecontent using ./output/sens_nostp_eth5.txt, write text replace
2021-01-06T16:14:08.257204000Z (note: file ./output/sens_nostp_eth5.txt not found)
2021-01-06T16:14:08.257284500Z 
2021-01-06T16:14:08.257319800Z . file write tablecontent ("Table 2: Association between ethnicity in 16 catego
2021-01-06T16:14:08.257468400Z > ries and COVID-19 outcomes - no STP") _n
2021-01-06T16:14:08.257502300Z 
2021-01-06T16:14:08.257540000Z . file write tablecontent _tab ("Denominator") _tab ("Event") _tab ("Total pers
2021-01-06T16:14:08.257572300Z > on-weeks") _tab ("Rate per 1,000") _tab ("with stp") _tab _tab ("without stp"
2021-01-06T16:14:08.257610300Z > )   _tab _tab  _n
2021-01-06T16:14:08.257644400Z 
2021-01-06T16:14:08.257682600Z . file write tablecontent _tab _tab _tab _tab _tab   ("HR") _tab ("95% CI") _ta
2021-01-06T16:14:08.257713200Z > b  ("HR") _tab ("95% CI")  _tab _tab _n
2021-01-06T16:14:08.259972000Z 
2021-01-06T16:14:08.260031000Z . 
2021-01-06T16:14:08.260066700Z . 
2021-01-06T16:14:08.260101400Z . foreach i of global outcomes {
2021-01-06T16:14:08.260136500Z   2.         di "`i'"
2021-01-06T16:14:08.260172000Z   3.         
2021-01-06T16:14:08.260207900Z . * Open Stata dataset
2021-01-06T16:14:08.260309100Z . use ./output/analysis_dataset_STSET_`i'.dta, clear
2021-01-06T16:14:08.260350000Z   4. drop if carehome==1
2021-01-06T16:14:08.260814200Z   5. 
2021-01-06T16:14:08.260864100Z . 
2021-01-06T16:14:08.260893500Z . /* Main Model================================================================
2021-01-06T16:14:08.260923000Z > =*/
2021-01-06T16:14:08.260952300Z .  
2021-01-06T16:14:08.260981400Z .                                                                              
2021-01-06T16:14:08.261010400Z >    
2021-01-06T16:14:08.261039800Z . * with strata
2021-01-06T16:14:08.261075300Z . stcox i.eth5 i.male age1 age2 age3      i.imd                                
2021-01-06T16:14:08.261109600Z >            ///
2021-01-06T16:14:08.261146100Z >                                                                              
2021-01-06T16:14:08.261179000Z >    i.bmicat_sa     i.hba1ccat                      ///
2021-01-06T16:14:08.261214600Z >                                                                              
2021-01-06T16:14:08.261249700Z >    gp_consult_count                        ///
2021-01-06T16:14:08.261275700Z >                                                                              
2021-01-06T16:14:08.261307200Z >    i.smoke_nomiss                          ///
2021-01-06T16:14:08.261981700Z >                                                                              
2021-01-06T16:14:08.262040200Z >    i.hypertension i.bp_cat         ///     
2021-01-06T16:14:08.262074600Z >                                                                              
2021-01-06T16:14:08.262105200Z >    i.asthma                                        ///
2021-01-06T16:14:08.262135700Z >                                                                              
2021-01-06T16:14:08.262167700Z >    i.chronic_respiratory_disease ///
2021-01-06T16:14:08.262211200Z >                                                                              
2021-01-06T16:14:08.262572000Z >    i.chronic_cardiac_disease       ///
2021-01-06T16:14:08.262600900Z >                                                                              
2021-01-06T16:14:08.262632700Z >    i.dm_type                                       ///     
2021-01-06T16:14:08.262661200Z >                                                                              
2021-01-06T16:14:08.262690300Z >    i.cancer                    ///
2021-01-06T16:14:08.266709400Z >                                                                              
2021-01-06T16:14:08.266844700Z >    i.chronic_liver_disease         ///
2021-01-06T16:14:08.266875500Z >                                                                              
2021-01-06T16:14:08.266921300Z >    i.stroke                                        ///
2021-01-06T16:14:08.266963600Z >                                                                              
2021-01-06T16:14:08.267031500Z >    i.dementia                                      ///
2021-01-06T16:14:08.267072800Z >                                                                              
2021-01-06T16:14:08.267110600Z >    i.other_neuro                           ///
2021-01-06T16:14:08.267180100Z >                                                                              
2021-01-06T16:14:08.267250500Z >    i.egfr60                                        ///
2021-01-06T16:14:08.267289900Z >                                                                              
2021-01-06T16:14:08.267443100Z >    i.esrf                                          ///
2021-01-06T16:14:08.267509100Z >                                                                              
2021-01-06T16:14:08.267541800Z >    i.immunosuppressed                      ///
2021-01-06T16:14:08.267576800Z >                                                                              
2021-01-06T16:14:08.267685000Z >    i.ra_sle_psoriasis                      ///
2021-01-06T16:14:08.267720100Z >                                                                              
2021-01-06T16:14:08.267749700Z >    i.hh_total_cat, strata(stp) nolog               
2021-01-06T16:14:08.267783600Z   6. estimates save ./output/model/modela_`i'_eth5, replace
2021-01-06T16:14:08.267812200Z   7. eststo modela
2021-01-06T16:14:08.267841300Z   8. 
2021-01-06T16:14:08.267870400Z . parmest, label eform format(estimate p lb ub) saving(./output/model/modela_`i
2021-01-06T16:14:08.267897500Z > '_eth5, replace) idstr(modela_`i'_eth5) 
2021-01-06T16:14:08.267928200Z   9. local hr "`hr' ./output/model/modela_`i'_eth5 "
2021-01-06T16:14:08.267958700Z  10. 
2021-01-06T16:14:08.267995700Z . 
2021-01-06T16:14:08.268127300Z . * without strata
2021-01-06T16:14:08.268169400Z . stcox i.eth5 i.male age1 age2 age3      i.imd                                
2021-01-06T16:14:08.268200000Z >            ///
2021-01-06T16:14:08.268229900Z >                                                                              
2021-01-06T16:14:08.268291800Z >    i.bmicat_sa     i.hba1ccat                      ///
2021-01-06T16:14:08.268314200Z >                                                                              
2021-01-06T16:14:08.268490400Z >    gp_consult_count                        ///
2021-01-06T16:14:08.268519700Z >                                                                              
2021-01-06T16:14:08.268548700Z >    i.smoke_nomiss                          ///
2021-01-06T16:14:08.268762600Z >                                                                              
2021-01-06T16:14:08.268804100Z >    i.hypertension i.bp_cat         ///     
2021-01-06T16:14:08.268843000Z >                                                                              
2021-01-06T16:14:08.268880300Z >    i.asthma                                        ///
2021-01-06T16:14:08.268915700Z >                                                                              
2021-01-06T16:14:08.268950600Z >    i.chronic_respiratory_disease ///
2021-01-06T16:14:08.268985400Z >                                                                              
2021-01-06T16:14:08.269053100Z >    i.chronic_cardiac_disease       ///
2021-01-06T16:14:08.269093800Z >                                                                              
2021-01-06T16:14:08.269125500Z >    i.dm_type                                       ///     
2021-01-06T16:14:08.269152500Z >                                                                              
2021-01-06T16:14:08.269188000Z >    i.cancer                    ///
2021-01-06T16:14:08.269216900Z >                                                                              
2021-01-06T16:14:08.269246100Z >    i.chronic_liver_disease         ///
2021-01-06T16:14:08.269274800Z >                                                                              
2021-01-06T16:14:08.269303800Z >    i.stroke                                        ///
2021-01-06T16:14:08.269332600Z >                                                                              
2021-01-06T16:14:08.269361600Z >    i.dementia                                      ///
2021-01-06T16:14:08.269395200Z >                                                                              
2021-01-06T16:14:08.269538000Z >    i.other_neuro                           ///
2021-01-06T16:14:08.269573000Z >                                                                              
2021-01-06T16:14:08.269689700Z >    i.egfr60                                        ///
2021-01-06T16:14:08.269730500Z >                                                                              
2021-01-06T16:14:08.269760600Z >    i.esrf                                          ///
2021-01-06T16:14:08.269790200Z >                                                                              
2021-01-06T16:14:08.269819900Z >    i.immunosuppressed                      ///
2021-01-06T16:14:08.269849100Z >                                                                              
2021-01-06T16:14:08.269878400Z >    i.ra_sle_psoriasis                      ///
2021-01-06T16:14:08.269907800Z >                                                                              
2021-01-06T16:14:08.269937400Z >    i.hh_total_cat,  nolog          
2021-01-06T16:14:08.269988000Z  11. estimates save ./output/model/modelb_`i'_eth5, replace
2021-01-06T16:14:08.270018000Z  12. eststo modelb
2021-01-06T16:14:08.270047100Z  13. 
2021-01-06T16:14:08.270094100Z . parmest, label eform format(estimate p lb ub) saving(./output/model/modelb_`i
2021-01-06T16:14:08.270148900Z > '_eth5, replace) idstr(modelb_`i'_eth5) 
2021-01-06T16:14:08.270185600Z  14. local hr "`hr' ./output/model/modelb_`i'_eth5 "
2021-01-06T16:14:08.270221700Z  15. 
2021-01-06T16:14:08.270273000Z . /* Estout================================================================*/ 
2021-01-06T16:14:08.270892100Z . esttab modela modelb using ./output/estout_sens_nostp_eth5.txt, b(a2) ci(2) l
2021-01-06T16:14:08.270928900Z > abel wide compress eform ///
2021-01-06T16:14:08.270965000Z >         title ("`i'") ///
2021-01-06T16:14:08.271005000Z >         varlabels(`e(labels)') ///
2021-01-06T16:14:08.271041000Z >         stats(N_sub) ///
2021-01-06T16:14:08.271076700Z >         append 
2021-01-06T16:14:08.271112200Z  16. eststo clear
2021-01-06T16:14:08.271148200Z  17. 
2021-01-06T16:14:08.271183500Z .                                                                              
2021-01-06T16:14:08.271219400Z >    
2021-01-06T16:14:08.271254700Z . /* Print table===============================================================
2021-01-06T16:14:08.271290200Z > =*/ 
2021-01-06T16:14:08.271326000Z . *  Print the results for the main model 
2021-01-06T16:14:08.271362500Z . 
2021-01-06T16:14:08.271409400Z . 
2021-01-06T16:14:08.271602900Z . * Column headings 
2021-01-06T16:14:08.271643600Z . file write tablecontent ("`i'") _n
2021-01-06T16:14:08.271679500Z  18. 
2021-01-06T16:14:08.271714600Z . * eth5 labelled columns
2021-01-06T16:14:08.271749800Z . 
2021-01-06T16:14:08.271784800Z . local lab1: label eth5 1
2021-01-06T16:14:08.271820000Z  19. local lab2: label eth5 2
2021-01-06T16:14:08.271855200Z  20. local lab3: label eth5 3
2021-01-06T16:14:08.271890400Z  21. local lab4: label eth5 4
2021-01-06T16:14:08.271925800Z  22. local lab5: label eth5 5
2021-01-06T16:14:08.271961300Z  23. local lab6: label eth5 6
2021-01-06T16:14:08.271997000Z  24. 
2021-01-06T16:14:08.272032500Z . /* counts */
2021-01-06T16:14:08.272067800Z .  
2021-01-06T16:14:08.272667500Z . * First row, eth5 = 1 (White British) reference cat
2021-01-06T16:14:08.272713400Z .         qui safecount if eth5==1
2021-01-06T16:14:08.272749100Z  25.         local denominator = r(N)
2021-01-06T16:14:08.272784700Z  26.         qui safecount if eth5 == 1 & `i' == 1
2021-01-06T16:14:08.272840800Z  27.         local event = r(N)
2021-01-06T16:14:08.272877100Z  28.     bysort eth5: egen total_follow_up = total(_t)
2021-01-06T16:14:08.272912200Z  29.         qui su total_follow_up if eth5 == 1
2021-01-06T16:14:08.273023600Z  30.         local person_week = r(mean)/7
2021-01-06T16:14:08.273076800Z  31.         local rate = 1000*(`event'/`person_week')
2021-01-06T16:14:08.273113600Z  32.         
2021-01-06T16:14:08.273149100Z .         file write tablecontent  ("`lab1'") _tab (`denominator') _tab (`event
2021-01-06T16:14:08.273184600Z > ') _tab %10.0f (`person_week') _tab %3.2f (`rate') _tab
2021-01-06T16:14:08.273220300Z  33.         file write tablecontent ("1.00") _tab _tab ("1.00") _tab _tab ("1.
2021-01-06T16:14:08.273256600Z > 00")  _tab _tab ("1.00") _tab _tab ("1.00") _n
2021-01-06T16:14:08.273292500Z  34.         
2021-01-06T16:14:08.273328100Z . * Subsequent ethnic groups
2021-01-06T16:14:08.273363500Z . forvalues eth=2/6 {
2021-01-06T16:14:08.273398700Z  35.         qui safecount if eth5==`eth'
2021-01-06T16:14:08.273795400Z  36.         local denominator = r(N)
2021-01-06T16:14:08.273831000Z  37.         qui safecount if eth5 == `eth' & `i' == 1
2021-01-06T16:14:08.273868000Z  38.         local event = r(N)
2021-01-06T16:14:08.273903700Z  39.         qui su total_follow_up if eth5 == `eth'
2021-01-06T16:14:08.273939000Z  40.         local person_week = r(mean)/7
2021-01-06T16:14:08.273973800Z  41.         local rate = 1000*(`event'/`person_week')
2021-01-06T16:14:08.274009400Z  42.         file write tablecontent  ("`lab`eth''") _tab (`denominator') _tab 
2021-01-06T16:14:08.274045100Z > (`event') _tab %10.0f (`person_week') _tab %3.2f (`rate') _tab  
2021-01-06T16:14:08.274079200Z  43.         cap estimates use ./output/model/modela_`i'_eth5 
2021-01-06T16:14:08.274114000Z  44.          cap lincom `eth'.eth5, eform
2021-01-06T16:14:08.274149700Z  45.         file write tablecontent  %4.2f (r(estimate)) _tab ("(") %4.2f (r(l
2021-01-06T16:14:08.274228400Z > b)) (" - ") %4.2f (r(ub)) (")") _tab 
2021-01-06T16:14:08.274273300Z  46.         cap estimates clear
2021-01-06T16:14:08.274313400Z  47.         cap estimates use ./output/model/modelb_`i'_eth5 
2021-01-06T16:14:08.282489100Z  48.          cap lincom `eth'.eth5, eform
2021-01-06T16:14:08.282565800Z  49.         file write tablecontent  %4.2f (r(estimate)) _tab ("(") %4.2f (r(l
2021-01-06T16:14:08.282604900Z > b)) (" - ") %4.2f (r(ub)) (")") _n
2021-01-06T16:14:08.284966000Z  50. }  //end ethnic group
2021-01-06T16:14:08.285736100Z  51. 
2021-01-06T16:14:08.285785500Z . 
2021-01-06T16:14:08.285816800Z . } //end outcomes
2021-01-06T16:14:08.285874300Z tested
2021-01-06T16:14:08.285961400Z (1,189 observations deleted)
2021-01-06T16:14:08.286034100Z 
2021-01-06T16:14:08.286089800Z          failure _d:  tested
2021-01-06T16:14:08.286179700Z    analysis time _t:  (stime_tested-origin)
2021-01-06T16:14:08.286243500Z              origin:  time indexdate
2021-01-06T16:14:08.286574200Z   enter on or after:  time indexdate
2021-01-06T16:14:08.286650000Z                  id:  patient_id
2021-01-06T16:14:08.286689500Z 
2021-01-06T16:14:08.286733100Z Stratified Cox regr. -- no ties
2021-01-06T16:14:08.286768300Z 
2021-01-06T16:14:08.286796300Z No. of subjects =        6,684                  Number of obs    =       6,684
2021-01-06T16:14:08.286829800Z No. of failures =           11
2021-01-06T16:14:08.286864800Z Time at risk    =      1228652
2021-01-06T16:14:08.286900000Z                                                 LR chi2(29)      =       47.47
2021-01-06T16:14:08.287044300Z Log likelihood  =   -48.150998                  Prob > chi2      =      0.0167
2021-01-06T16:14:08.287111300Z 
2021-01-06T16:14:08.287169000Z ------------------------------------------------------------------------------
2021-01-06T16:14:08.287256500Z           _t | Haz. Ratio   Std. Err.      z    P>|z|     [95% Conf. Interval]
2021-01-06T16:14:08.287297000Z -------------+----------------------------------------------------------------
2021-01-06T16:14:08.287436000Z         eth5 |
2021-01-06T16:14:08.287474500Z South Asian  |   2.84e+09   3.66e+09    16.89   0.000     2.27e+08    3.55e+10
2021-01-06T16:14:08.287533100Z       Black  |   3.33e+09   4.34e+09    16.81   0.000     2.58e+08    4.29e+10
2021-01-06T16:14:08.287582300Z       Mixed  |   1.95e+09          .        .       .            .           .
2021-01-06T16:14:08.287616000Z       Other  |   3.99e+09   5.08e+09    17.37   0.000     3.30e+08    4.84e+10
2021-01-06T16:14:08.287672500Z     Unknown  |   5.43e+09   6.35e+09    19.17   0.000     5.49e+08    5.37e+10
2021-01-06T16:14:08.287733400Z              |
2021-01-06T16:14:08.287772600Z         male |
2021-01-06T16:14:08.287920000Z        Male  |   .2125346   .1723877    -1.91   0.056     .0433527     1.04194
2021-01-06T16:14:08.287962000Z         age1 |   1.009156   .0983569     0.09   0.925     .8336745    1.221576
2021-01-06T16:14:08.288005000Z         age2 |   .8818637   .2994671    -0.37   0.711     .4532593    1.715759
2021-01-06T16:14:08.288037400Z         age3 |   1.606962   1.405467     0.54   0.588     .2894244    8.922282
2021-01-06T16:14:08.288071100Z              |
2021-01-06T16:14:08.288108200Z          imd |
2021-01-06T16:14:08.288143400Z           4  |   1.53e-20          .        .       .            .           .
2021-01-06T16:14:08.288178200Z 5 most de..  |   .8420852   .9332292    -0.16   0.877     .0959453    7.390746
2021-01-06T16:14:08.288247500Z              |
2021-01-06T16:14:08.288291400Z    bmicat_sa |
2021-01-06T16:14:08.288451500Z Normal (..)  |   2.17e+08   3.34e+08    12.46   0.000     1.06e+07    4.44e+09
2021-01-06T16:14:08.288488600Z Overweig..)  |   1.95e+08   2.97e+08    12.52   0.000      9811895    3.87e+09
2021-01-06T16:14:08.288525000Z Obese I ..)  |   2.40e+08   3.22e+08    14.41   0.000     1.74e+07    3.32e+09
2021-01-06T16:14:08.288629100Z Obese II..)  |   1.14e+08   1.72e+08    12.34   0.000      5996872    2.18e+09
2021-01-06T16:14:08.288709500Z Obese II..)  |   4.76e+08   5.74e+08    16.57   0.000     4.48e+07    5.05e+09
2021-01-06T16:14:08.289117200Z     Unknown  |   9.87e+07          .        .       .            .           .
2021-01-06T16:14:08.289153600Z              |
2021-01-06T16:14:08.290064900Z     hba1ccat |
2021-01-06T16:14:08.290165700Z   >=6.5-7.4  |   1.171746   1.010062     0.18   0.854     .2163143    6.347188
2021-01-06T16:14:08.290235800Z   >=7.5-7.9  |   2.271048   2.694221     0.69   0.489     .2220328    23.22927
2021-01-06T16:14:08.290272300Z     >=8-8.9  |   5.246806   4.071015     2.14   0.033     1.146687     24.0074
2021-01-06T16:14:08.290586900Z         >=9  |   2.04e-19          .        .       .            .           .
2021-01-06T16:14:08.290663100Z     Unknown  |   5.84e-18          .        .       .            .           .
2021-01-06T16:14:08.290814300Z              |
2021-01-06T16:14:08.290855000Z gp_consult~t |   .7706308   .1340285    -1.50   0.134     .5480308    1.083647
2021-01-06T16:14:08.290913700Z              |
2021-01-06T16:14:08.290967700Z smoke_nomiss |
2021-01-06T16:14:08.291003700Z      Former  |   4.02e-19          .        .       .            .           .
2021-01-06T16:14:08.291063900Z     Current  |   2.00e-20          .        .       .            .           .
2021-01-06T16:14:08.291101700Z              |
2021-01-06T16:14:08.291136200Z 1.hyperten~n |   1.45e-20          .        .       .            .           .
2021-01-06T16:14:08.291281200Z              |
2021-01-06T16:14:08.291366800Z       bp_cat |
2021-01-06T16:14:08.291427600Z High, sta..  |   1.103595          .        .       .            .           .
2021-01-06T16:14:08.291580500Z     Unknown  |   7.97e-20          .        .       .            .           .
2021-01-06T16:14:08.291633700Z              |
2021-01-06T16:14:08.291691200Z     1.asthma |   5.84e-20          .        .       .            .           .
2021-01-06T16:14:08.291749300Z 1.~y_disease |   1.516079   1.093921     0.58   0.564     .3685876    6.235958
2021-01-06T16:14:08.291793900Z 1.~c_disease |   .3844279   .4192861    -0.88   0.381     .0453347    3.259864
2021-01-06T16:14:08.291825900Z              |
2021-01-06T16:14:08.291880700Z      dm_type |
2021-01-06T16:14:08.291960400Z        T1DM  |   8.11e-20          .        .       .            .           .
2021-01-06T16:14:08.292021500Z        T2DM  |   .8268149   .6990556    -0.22   0.822     .1576646     4.33593
2021-01-06T16:14:08.292047200Z  UNKNOWN_DM  |   2.10e-19          .        .       .            .           .
2021-01-06T16:14:08.292082700Z              |
2021-01-06T16:14:08.292137100Z     1.cancer |   1.699498   1.218419     0.74   0.459     .4169361    6.927424
2021-01-06T16:14:08.292195200Z 1.~r_disease |   .4141587   .4606207    -0.79   0.428     .0468246    3.663191
2021-01-06T16:14:08.292257600Z     1.stroke |   1.300445   .9272832     0.37   0.713     .3214712    5.260679
2021-01-06T16:14:08.292288600Z   1.dementia |   .7791012   .6519401    -0.30   0.765     .1511198    4.016673
2021-01-06T16:14:08.292543700Z 1.other_ne~o |   .8240681   .6744057    -0.24   0.813     .1657112    4.098024
2021-01-06T16:14:08.292575600Z              |
2021-01-06T16:14:08.292608500Z       egfr60 |
2021-01-06T16:14:08.292640400Z    eGFR <60  |   3.43e-19          .        .       .            .           .
2021-01-06T16:14:08.292696500Z       1.esrf |   .4574961   .4911655    -0.73   0.466     .0557881    3.751744
2021-01-06T16:14:08.292755300Z 1.immunosu~d |   2.279339   1.458964     1.29   0.198      .650085    7.991858
2021-01-06T16:14:08.292817100Z 1.ra_sle_p~s |    .919592    .781259    -0.10   0.921     .1739557    4.861291
2021-01-06T16:14:08.292847800Z              |
2021-01-06T16:14:08.292880100Z hh_total_cat |
2021-01-06T16:14:08.292912300Z        6-10  |   6.12e+15          .        .       .            .           .
2021-01-06T16:14:08.292966100Z         11+  |   .0286345          .        .       .            .           .
2021-01-06T16:14:08.292996400Z ------------------------------------------------------------------------------
2021-01-06T16:14:08.293032000Z                                                              Stratified by stp
2021-01-06T16:14:08.293073600Z file ./output/model/modela_tested_eth5.ster saved
2021-01-06T16:14:08.293117000Z file ./output/model/modela_tested_eth5.dta saved
2021-01-06T16:14:08.293146900Z 
2021-01-06T16:14:08.293176800Z          failure _d:  tested
2021-01-06T16:14:08.293206900Z    analysis time _t:  (stime_tested-origin)
2021-01-06T16:14:08.293241700Z              origin:  time indexdate
2021-01-06T16:14:08.293301000Z   enter on or after:  time indexdate
2021-01-06T16:14:08.293434400Z                  id:  patient_id
2021-01-06T16:14:08.293463300Z 
2021-01-06T16:14:08.293498500Z Cox regression -- no ties
2021-01-06T16:14:08.293669200Z 
2021-01-06T16:14:08.293712100Z No. of subjects =        6,684                  Number of obs    =       6,684
2021-01-06T16:14:08.293755200Z No. of failures =           11
2021-01-06T16:14:08.293791500Z Time at risk    =      1228652
2021-01-06T16:14:08.293839100Z                                                 LR chi2(33)      =       47.16
2021-01-06T16:14:08.293870700Z Log likelihood  =   -73.278971                  Prob > chi2      =      0.0524
2021-01-06T16:14:08.293893700Z 
2021-01-06T16:14:08.293925900Z ------------------------------------------------------------------------------
2021-01-06T16:14:08.293957100Z           _t | Haz. Ratio   Std. Err.      z    P>|z|     [95% Conf. Interval]
2021-01-06T16:14:08.293990100Z -------------+----------------------------------------------------------------
2021-01-06T16:14:08.294020400Z         eth5 |
2021-01-06T16:14:08.294052900Z South Asian  |   3.85e+09   4.80e+09    17.71   0.000     3.35e+08    4.43e+10
2021-01-06T16:14:08.294088500Z       Black  |   2.89e+09   3.62e+09    17.37   0.000     2.47e+08    3.37e+10
2021-01-06T16:14:08.294118100Z       Mixed  |   2.06e+09          .        .       .            .           .
2021-01-06T16:14:08.294150500Z       Other  |   3.56e+09   4.43e+09    17.68   0.000     3.11e+08    4.08e+10
2021-01-06T16:14:08.294181200Z     Unknown  |   4.73e+09   5.34e+09    19.74   0.000     5.18e+08    4.32e+10
2021-01-06T16:14:08.294212000Z              |
2021-01-06T16:14:08.294241300Z         male |
2021-01-06T16:14:08.294272900Z        Male  |   .2229836   .1762159    -1.90   0.058     .0473804    1.049414
2021-01-06T16:14:08.294303500Z         age1 |   1.011034   .0941955     0.12   0.906     .8422893    1.213584
2021-01-06T16:14:08.294436600Z         age2 |   .8656568   .2807457    -0.44   0.656     .4584459     1.63457
2021-01-06T16:14:08.294465700Z         age3 |   1.691231   1.413521     0.63   0.530     .3286803    8.702265
2021-01-06T16:14:08.294496100Z              |
2021-01-06T16:14:08.294522100Z          imd |
2021-01-06T16:14:08.294552200Z           4  |   1.34e-19   1.98e-10    -0.00   1.000            0           .
2021-01-06T16:14:08.294581000Z 5 most de..  |   .8189932    .874607    -0.19   0.852     .1009899    6.641753
2021-01-06T16:14:08.294609800Z              |
2021-01-06T16:14:08.294641200Z    bmicat_sa |
2021-01-06T16:14:08.294672200Z Normal (..)  |   3.25e+08   4.80e+08    13.28   0.000     1.80e+07    5.86e+09
2021-01-06T16:14:08.294704800Z Overweig..)  |   2.35e+08   3.48e+08    13.06   0.000     1.30e+07    4.25e+09
2021-01-06T16:14:08.294734000Z Obese I ..)  |   3.59e+08   4.64e+08    15.22   0.000     2.84e+07    4.53e+09
2021-01-06T16:14:08.294766800Z Obese II..)  |   1.72e+08   2.52e+08    12.95   0.000      9734325    3.03e+09
2021-01-06T16:14:08.294815000Z Obese II..)  |   5.97e+08   6.89e+08    17.51   0.000     6.22e+07    5.73e+09
2021-01-06T16:14:08.295080800Z     Unknown  |   1.51e+08          .        .       .            .           .
2021-01-06T16:14:08.295118900Z              |
2021-01-06T16:14:08.295153400Z     hba1ccat |
2021-01-06T16:14:08.295239100Z   >=6.5-7.4  |    1.54598   1.316747     0.51   0.609     .2912167    8.207137
2021-01-06T16:14:08.303882100Z   >=7.5-7.9  |   2.620843   2.960176     0.85   0.394      .286438    23.98013
2021-01-06T16:14:08.304165300Z     >=8-8.9  |   5.431158   4.092756     2.25   0.025     1.240089    23.78659
2021-01-06T16:14:08.304275600Z         >=9  |   2.30e-19          .        .       .            .           .
2021-01-06T16:14:08.305617900Z     Unknown  |   5.61e-18          .        .       .            .           .
2021-01-06T16:14:08.305666000Z              |
2021-01-06T16:14:08.305702800Z gp_consult~t |   .7971363   .1316383    -1.37   0.170     .5767213    1.101791
2021-01-06T16:14:08.305739100Z              |
2021-01-06T16:14:08.305778800Z smoke_nomiss |
2021-01-06T16:14:08.305837100Z      Former  |   1.49e-19          .        .       .            .           .
2021-01-06T16:14:08.305870500Z     Current  |   1.52e-19   2.89e-10    -0.00   1.000            0           .
2021-01-06T16:14:08.305903100Z              |
2021-01-06T16:14:08.305989700Z 1.hyperten~n |   1.27e-19   2.26e-10    -0.00   1.000            0           .
2021-01-06T16:14:08.306030800Z              |
2021-01-06T16:14:08.306065000Z       bp_cat |
2021-01-06T16:14:08.306099700Z High, sta..  |   3.21e+13          .        .       .            .           .
2021-01-06T16:14:08.306134600Z     Unknown  |   7.98e-06   14691.09    -0.00   1.000            0           .
2021-01-06T16:14:08.306169300Z              |
2021-01-06T16:14:08.306204700Z     1.asthma |   1.87e-19          .        .       .            .           .
2021-01-06T16:14:08.306239300Z 1.~y_disease |   1.452382   1.018958     0.53   0.595     .3671954    5.744663
2021-01-06T16:14:08.306274300Z 1.~c_disease |   .3918325   .4168827    -0.88   0.379     .0486946    3.152972
2021-01-06T16:14:08.306309300Z              |
2021-01-06T16:14:08.306343300Z      dm_type |
2021-01-06T16:14:08.306670500Z        T1DM  |   1.01e-19          .        .       .            .           .
2021-01-06T16:14:08.307032500Z        T2DM  |   .8964086   .7257118    -0.14   0.893     .1833973    4.381463
2021-01-06T16:14:08.307062300Z  UNKNOWN_DM  |   2.92e-19          .        .       .            .           .
2021-01-06T16:14:08.307249400Z              |
2021-01-06T16:14:08.307526100Z     1.cancer |   1.846416   1.288024     0.88   0.379     .4704875    7.246215
2021-01-06T16:14:08.307557600Z 1.~r_disease |   .4174352   .4463192    -0.82   0.414      .051344    3.393819
2021-01-06T16:14:08.307591400Z     1.stroke |   1.566225   1.091976     0.64   0.520     .3993874    6.142059
2021-01-06T16:14:08.316294800Z   1.dementia |   .8319058   .6771513    -0.23   0.821     .1687394    4.101396
2021-01-06T16:14:08.316796300Z 1.other_ne~o |   .7927634   .6320064    -0.29   0.771     .1661687    3.782143
2021-01-06T16:14:08.336302400Z              |
2021-01-06T16:14:08.337273000Z       egfr60 |
2021-01-06T16:14:08.337474600Z    eGFR <60  |   3.86e-19          .        .       .            .           .
2021-01-06T16:14:08.337558700Z       1.esrf |   .4041916   .4300231    -0.85   0.395     .0502327    3.252283
2021-01-06T16:14:08.337691500Z 1.immunosu~d |   2.016802   1.253839     1.13   0.259     .5963128    6.821071
2021-01-06T16:14:08.337726200Z 1.ra_sle_p~s |   .8942175   .7188406    -0.14   0.889     .1850044    4.322194
2021-01-06T16:14:08.339084900Z              |
2021-01-06T16:14:08.339129000Z hh_total_cat |
2021-01-06T16:14:08.339165900Z        6-10  |   5.50e+15          .        .       .            .           .
2021-01-06T16:14:08.339355400Z         11+  |   .0041003          .        .       .            .           .
2021-01-06T16:14:08.339391700Z ------------------------------------------------------------------------------
2021-01-06T16:14:08.339427100Z file ./output/model/modelb_tested_eth5.ster saved
2021-01-06T16:14:08.339462100Z file ./output/model/modelb_tested_eth5.dta saved
2021-01-06T16:14:08.339496100Z (note: file ./output/estout_sens_nostp_eth5.txt not found)
2021-01-06T16:14:08.339530100Z (output written to ./output/estout_sens_nostp_eth5.txt)
2021-01-06T16:14:08.339564300Z positivetest
2021-01-06T16:14:08.339603000Z (1,189 observations deleted)
2021-01-06T16:14:08.339638400Z 
2021-01-06T16:14:08.339672800Z          failure _d:  positivetest
2021-01-06T16:14:08.339713300Z    analysis time _t:  (stime_positivetest-origin)
2021-01-06T16:14:08.340055300Z              origin:  time indexdate
2021-01-06T16:14:08.340262800Z   enter on or after:  time indexdate
2021-01-06T16:14:08.340310600Z                  id:  patient_id
2021-01-06T16:14:08.340382700Z 
2021-01-06T16:14:08.340664000Z Stratified Cox regr. -- Breslow method for ties
2021-01-06T16:14:08.340998500Z 
2021-01-06T16:14:08.341039400Z No. of subjects =        6,684                  Number of obs    =       6,684
2021-01-06T16:14:08.341201900Z No. of failures =           19
2021-01-06T16:14:08.341237300Z Time at risk    =      1228481
2021-01-06T16:14:08.341272500Z                                                 LR chi2(37)      =       45.89
2021-01-06T16:14:08.341470900Z Log likelihood  =   -100.83923                  Prob > chi2      =      0.1498
2021-01-06T16:14:08.341505200Z 
2021-01-06T16:14:08.341541000Z ------------------------------------------------------------------------------
2021-01-06T16:14:08.341713200Z           _t | Haz. Ratio   Std. Err.      z    P>|z|     [95% Conf. Interval]
2021-01-06T16:14:08.341749500Z -------------+----------------------------------------------------------------
2021-01-06T16:14:08.341934500Z         eth5 |
2021-01-06T16:14:08.342164700Z South Asian  |   .4136925   .4881426    -0.75   0.454     .0409534    4.178933
2021-01-06T16:14:08.342497900Z       Black  |   1.112488   .9427371     0.13   0.900     .2113373    5.856184
2021-01-06T16:14:08.342535000Z       Mixed  |   1.253931   1.067689     0.27   0.790     .2363188    6.653483
2021-01-06T16:14:08.342707700Z       Other  |   1.683914   1.339776     0.65   0.512     .3540596    8.008724
2021-01-06T16:14:08.342750800Z     Unknown  |   1.184964   .8950515     0.22   0.822     .2696236    5.207776
2021-01-06T16:14:08.342917600Z              |
2021-01-06T16:14:08.342952800Z         male |
2021-01-06T16:14:08.343121700Z        Male  |   .7321646   .3494767    -0.65   0.514     .2872853    1.865968
2021-01-06T16:14:08.343157100Z         age1 |   .9451884   .0597983    -0.89   0.373     .8349612    1.069967
2021-01-06T16:14:08.343315400Z         age2 |   1.358153   .3369988     1.23   0.217     .8351029    2.208806
2021-01-06T16:14:08.343543500Z         age3 |   .3845691   .2700498    -1.36   0.174     .0971066    1.523001
2021-01-06T16:14:08.343583800Z              |
2021-01-06T16:14:08.344099200Z          imd |
2021-01-06T16:14:08.344134500Z           4  |     2.8079   1.385579     2.09   0.036     1.067456    7.386068
2021-01-06T16:14:08.344170600Z 5 most de..  |   .7211483   .7651749    -0.31   0.758     .0901274    5.770223
2021-01-06T16:14:08.344206000Z              |
2021-01-06T16:14:08.344241600Z    bmicat_sa |
2021-01-06T16:14:08.344276200Z Normal (..)  |   3.63e+10   4.25e+10    20.80   0.000     3.67e+09    3.59e+11
2021-01-06T16:14:08.344467900Z Overweig..)  |   1.20e+10          .        .       .            .           .
2021-01-06T16:14:08.344505200Z Obese I ..)  |   9.33e-10          .        .       .            .           .
2021-01-06T16:14:08.344544600Z Obese II..)  |   2.93e+10   3.41e+10    20.72   0.000     3.00e+09    2.86e+11
2021-01-06T16:14:08.344580100Z Obese II..)  |   3.39e+10   3.75e+10    21.93   0.000     3.88e+09    2.96e+11
2021-01-06T16:14:08.344615500Z     Unknown  |   5.53e+10   6.06e+10    22.59   0.000     6.47e+09    4.73e+11
2021-01-06T16:14:08.344651300Z              |
2021-01-06T16:14:08.344926700Z     hba1ccat |
2021-01-06T16:14:08.344963100Z   >=6.5-7.4  |    .632395   .4873561    -0.59   0.552     .1396396    2.863967
2021-01-06T16:14:08.344999500Z   >=7.5-7.9  |   1.682863   1.314438     0.67   0.505     .3640817    7.778551
2021-01-06T16:14:08.345165300Z     >=8-8.9  |   .7824664   .8271635    -0.23   0.817     .0985464    6.212847
2021-01-06T16:14:08.345201200Z         >=9  |   1.297277   1.376821     0.25   0.806      .162046    10.38549
2021-01-06T16:14:08.345236800Z     Unknown  |   7.374387   8.577919     1.72   0.086      .754405    72.08539
2021-01-06T16:14:08.345273600Z              |
2021-01-06T16:14:08.345308800Z gp_consult~t |   1.062258   .1083425     0.59   0.554     .8697884    1.297317
2021-01-06T16:14:08.345364600Z              |
2021-01-06T16:14:08.345400100Z smoke_nomiss |
2021-01-06T16:14:08.345435800Z      Former  |   1.10e-19          .        .       .            .           .
2021-01-06T16:14:08.345489400Z     Current  |   .4603325   .4770949    -0.75   0.454     .0603775    3.509688
2021-01-06T16:14:08.345525200Z              |
2021-01-06T16:14:08.345559800Z 1.hyperten~n |   .4673946   .3530381    -1.01   0.314     .1063516    2.054109
2021-01-06T16:14:08.345595600Z              |
2021-01-06T16:14:08.345630700Z       bp_cat |
2021-01-06T16:14:08.345666100Z High, sta..  |    9386727    7399570    20.37   0.000      2002215    4.40e+07
2021-01-06T16:14:08.345702000Z     Unknown  |    9252127          .        .       .            .           .
2021-01-06T16:14:08.345737500Z              |
2021-01-06T16:14:08.345772900Z     1.asthma |   5.145531   3.488535     2.42   0.016     1.362504    19.43222
2021-01-06T16:14:08.345808400Z 1.~y_disease |   1.002234   .5843836     0.00   0.997     .3196314    3.142596
2021-01-06T16:14:08.345844700Z 1.~c_disease |   .5077007   .3852231    -0.89   0.372     .1147493    2.246289
2021-01-06T16:14:08.345880100Z              |
2021-01-06T16:14:08.345915500Z      dm_type |
2021-01-06T16:14:08.345951400Z        T1DM  |   6.54e-20          .        .       .            .           .
2021-01-06T16:14:08.345992500Z        T2DM  |   2.203738   1.086612     1.60   0.109      .838402     5.79252
2021-01-06T16:14:08.346028000Z  UNKNOWN_DM  |   2.61e-19          .        .       .            .           .
2021-01-06T16:14:08.346063400Z              |
2021-01-06T16:14:08.346099000Z     1.cancer |   .7560024   .4850391    -0.44   0.663     .2149838    2.658524
2021-01-06T16:14:08.346134700Z 1.~r_disease |   1.417003   .7608518     0.65   0.516     .4946785    4.058996
2021-01-06T16:14:08.346170900Z     1.stroke |   1.352893   .7252565     0.56   0.573     .4731001     3.86878
2021-01-06T16:14:08.346206000Z   1.dementia |   1.968716   .9989814     1.33   0.182     .7282148    5.322387
2021-01-06T16:14:08.346245900Z 1.other_ne~o |   .9179257   .5448544    -0.14   0.885     .2867864    2.938031
2021-01-06T16:14:08.346281800Z              |
2021-01-06T16:14:08.346883200Z       egfr60 |
2021-01-06T16:14:08.347010700Z    eGFR <60  |   5.62e-19          .        .       .            .           .
2021-01-06T16:14:08.347154800Z       1.esrf |   .4701174    .355589    -1.00   0.318     .1067509    2.070337
2021-01-06T16:14:08.347546200Z 1.immunosu~d |   .9609672   .4696823    -0.08   0.935     .3687018     2.50462
2021-01-06T16:14:08.347589200Z 1.ra_sle_p~s |    1.97156   .9833452     1.36   0.174     .7417548    5.240341
2021-01-06T16:14:08.347626000Z              |
2021-01-06T16:14:08.347808200Z hh_total_cat |
2021-01-06T16:14:08.347975700Z        6-10  |    .559968   .6130456    -0.53   0.596     .0655057    4.786824
2021-01-06T16:14:08.348012400Z         11+  |   9.24e-19          .        .       .            .           .
2021-01-06T16:14:08.348049200Z ------------------------------------------------------------------------------
2021-01-06T16:14:08.348085000Z                                                              Stratified by stp
2021-01-06T16:14:08.348120800Z file ./output/model/modela_positivetest_eth5.ster saved
2021-01-06T16:14:08.348156100Z file ./output/model/modela_positivetest_eth5.dta saved
2021-01-06T16:14:08.348192200Z 
2021-01-06T16:14:08.348228100Z          failure _d:  positivetest
2021-01-06T16:14:08.348263700Z    analysis time _t:  (stime_positivetest-origin)
2021-01-06T16:14:08.348299300Z              origin:  time indexdate
2021-01-06T16:14:08.348352300Z   enter on or after:  time indexdate
2021-01-06T16:14:08.348389100Z                  id:  patient_id
2021-01-06T16:14:08.348426500Z 
2021-01-06T16:14:08.348464000Z Cox regression -- Breslow method for ties
2021-01-06T16:14:08.348501300Z 
2021-01-06T16:14:08.348539600Z No. of subjects =        6,684                  Number of obs    =       6,684
2021-01-06T16:14:08.348577800Z No. of failures =           19
2021-01-06T16:14:08.348711900Z Time at risk    =      1228481
2021-01-06T16:14:08.348754800Z                                                 LR chi2(42)      =       45.82
2021-01-06T16:14:08.349076100Z Log likelihood  =   -144.37876                  Prob > chi2      =      0.3166
2021-01-06T16:14:08.349122000Z 
2021-01-06T16:14:08.349159200Z ------------------------------------------------------------------------------
2021-01-06T16:14:08.349196300Z           _t | Haz. Ratio   Std. Err.      z    P>|z|     [95% Conf. Interval]
2021-01-06T16:14:08.349233200Z -------------+----------------------------------------------------------------
2021-01-06T16:14:08.349270100Z         eth5 |
2021-01-06T16:14:08.349307100Z South Asian  |   .3853098     .45118    -0.81   0.415     .0388233    3.824087
2021-01-06T16:14:08.349376800Z       Black  |    1.08725   .9136486     0.10   0.921     .2094301    5.644423
2021-01-06T16:14:08.349454600Z       Mixed  |   1.224668   1.028371     0.24   0.809     .2361851    6.350153
2021-01-06T16:14:08.349501800Z       Other  |   1.673362   1.322462     0.65   0.515     .3555354    7.875838
2021-01-06T16:14:08.349548200Z     Unknown  |   1.144154   .8573451     0.18   0.857      .263425    4.969497
2021-01-06T16:14:08.349585600Z              |
2021-01-06T16:14:08.349620000Z         male |
2021-01-06T16:14:08.349654400Z        Male  |   .7222604   .3409682    -0.69   0.491     .2863218    1.821936
2021-01-06T16:14:08.349689000Z         age1 |   .9498515   .0594334    -0.82   0.411     .8402238    1.073783
2021-01-06T16:14:08.349743300Z         age2 |   1.332718   .3286775     1.16   0.244     .8218894    2.161042
2021-01-06T16:14:08.349825100Z         age3 |   .4038703   .2824909    -1.30   0.195     .1025323    1.590827
2021-01-06T16:14:08.350011400Z              |
2021-01-06T16:14:08.350047100Z          imd |
2021-01-06T16:14:08.350082700Z           4  |   2.832035   1.385657     2.13   0.033     1.085482    7.388806
2021-01-06T16:14:08.350118100Z 5 most de..  |   .7320791   .7751656    -0.29   0.768     .0918881     5.83253
2021-01-06T16:14:08.350154200Z              |
2021-01-06T16:14:08.350188600Z    bmicat_sa |
2021-01-06T16:14:08.350223800Z Normal (..)  |   1.33e+10   1.56e+10    19.92   0.000     1.34e+09    1.32e+11
2021-01-06T16:14:08.350259400Z Overweig..)  |   4.33e+09          .        .       .            .           .
2021-01-06T16:14:08.350295200Z Obese I ..)  |   3.66e-08   10.98251    -0.00   1.000            0           .
2021-01-06T16:14:08.350331200Z Obese II..)  |   1.01e+10   1.18e+10    19.83   0.000     1.04e+09    9.87e+10
2021-01-06T16:14:08.350366800Z Obese II..)  |   1.21e+10   1.34e+10    21.03   0.000     1.40e+09    1.06e+11
2021-01-06T16:14:08.350401100Z     Unknown  |   1.99e+10   2.17e+10    21.76   0.000     2.35e+09    1.68e+11
2021-01-06T16:14:08.350434800Z              |
2021-01-06T16:14:08.350519900Z     hba1ccat |
2021-01-06T16:14:08.350561100Z   >=6.5-7.4  |   .5968366   .4590094    -0.67   0.502      .132197     2.69457
2021-01-06T16:14:08.350597300Z   >=7.5-7.9  |   1.608029   1.247771     0.61   0.540     .3513928     7.35859
2021-01-06T16:14:08.350632900Z     >=8-8.9  |    .733789   .7708847    -0.29   0.768     .0936135    5.751804
2021-01-06T16:14:08.350669200Z         >=9  |   1.213401   1.283229     0.18   0.855     .1526927    9.642517
2021-01-06T16:14:08.350704200Z     Unknown  |   6.957621    7.79288     1.73   0.083      .774592    62.49547
2021-01-06T16:14:08.350740300Z              |
2021-01-06T16:14:08.350775300Z gp_consult~t |   1.054107   .1060746     0.52   0.601     .8654233    1.283929
2021-01-06T16:14:08.351148300Z              |
2021-01-06T16:14:08.351188400Z smoke_nomiss |
2021-01-06T16:14:08.351227600Z      Former  |   2.11e-18   2.31e-09    -0.00   1.000            0           .
2021-01-06T16:14:08.351265000Z     Current  |   .4647552   .4802613    -0.74   0.458      .061323    3.522292
2021-01-06T16:14:08.351307300Z              |
2021-01-06T16:14:08.351351400Z 1.hyperten~n |   .4697078   .3537547    -1.00   0.316     .1073386    2.055416
2021-01-06T16:14:08.351399400Z              |
2021-01-06T16:14:08.351438200Z       bp_cat |
2021-01-06T16:14:08.351544200Z High, sta..  |   2.25e+07   1.73e+07    22.08   0.000      5014824    1.01e+08
2021-01-06T16:14:08.351596100Z     Unknown  |   2.69e+07          .        .       .            .           .
2021-01-06T16:14:08.351665800Z              |
2021-01-06T16:14:08.351863900Z     1.asthma |   4.718498   3.125816     2.34   0.019     1.288002    17.28585
2021-01-06T16:14:08.351922000Z 1.~y_disease |   1.001273   .5792719     0.00   0.998     .3221826    3.111736
2021-01-06T16:14:08.351958400Z 1.~c_disease |   .5081426   .3847543    -0.89   0.371     .1152059    2.241282
2021-01-06T16:14:08.351994000Z              |
2021-01-06T16:14:08.352028700Z      dm_type |
2021-01-06T16:14:08.352063800Z        T1DM  |   4.71e-18   2.91e-09    -0.00   1.000            0           .
2021-01-06T16:14:08.352099300Z        T2DM  |   2.273511   1.105028     1.69   0.091      .876951    5.894119
2021-01-06T16:14:08.352135300Z  UNKNOWN_DM  |   6.04e-18   4.20e-09    -0.00   1.000            0           .
2021-01-06T16:14:08.352172200Z              |
2021-01-06T16:14:08.352207400Z     1.cancer |    .752352   .4820274    -0.44   0.657     .2143194    2.641075
2021-01-06T16:14:08.352277800Z 1.~r_disease |   1.306431   .6973596     0.50   0.617     .4589062    3.719197
2021-01-06T16:14:08.352311400Z     1.stroke |   1.392289   .7454814     0.62   0.537     .4874901    3.976429
2021-01-06T16:14:08.352344400Z   1.dementia |   1.978576   .9993304     1.35   0.177     .7352443    5.324439
2021-01-06T16:14:08.352379700Z 1.other_ne~o |   .9874953   .5763458    -0.02   0.983     .3145838    3.099801
2021-01-06T16:14:08.352414900Z              |
2021-01-06T16:14:08.352448400Z       egfr60 |
2021-01-06T16:14:08.352482900Z    eGFR <60  |   1.22e-17   8.93e-09    -0.00   1.000            0           .
2021-01-06T16:14:08.352517800Z       1.esrf |    .451282   .3395712    -1.06   0.290     .1032651    1.972161
2021-01-06T16:14:08.352552600Z 1.immunosu~d |   .9646917   .4681179    -0.07   0.941      .372685    2.497096
2021-01-06T16:14:08.352587000Z 1.ra_sle_p~s |   1.969977    .971553     1.37   0.169     .7493169    5.179127
2021-01-06T16:14:08.352798100Z              |
2021-01-06T16:14:08.352839400Z hh_total_cat |
2021-01-06T16:14:08.352875100Z        6-10  |   .6067049   .6489201    -0.47   0.640     .0745673    4.936357
2021-01-06T16:14:08.352910500Z         11+  |   1.71e-18          .        .       .            .           .
2021-01-06T16:14:08.352974000Z ------------------------------------------------------------------------------
2021-01-06T16:14:08.353034400Z file ./output/model/modelb_positivetest_eth5.ster saved
2021-01-06T16:14:08.353069900Z file ./output/model/modelb_positivetest_eth5.dta saved
2021-01-06T16:14:08.353290700Z (output written to ./output/estout_sens_nostp_eth5.txt)
2021-01-06T16:14:08.353327000Z icu
2021-01-06T16:14:08.353361600Z (1,189 observations deleted)
2021-01-06T16:14:08.353395900Z 
2021-01-06T16:14:08.353430100Z          failure _d:  icu
2021-01-06T16:14:08.353464800Z    analysis time _t:  (stime_icu-origin)
2021-01-06T16:14:08.353522200Z              origin:  time indexdate
2021-01-06T16:14:08.353558000Z   enter on or after:  time indexdate
2021-01-06T16:14:08.353592100Z                  id:  patient_id
2021-01-06T16:14:08.353626900Z 
2021-01-06T16:14:08.353660900Z Stratified Cox regr. -- no ties
2021-01-06T16:14:08.353695800Z 
2021-01-06T16:14:08.353730800Z No. of subjects =        6,684                  Number of obs    =       6,684
2021-01-06T16:14:08.353765400Z No. of failures =           12
2021-01-06T16:14:08.353802700Z Time at risk    =      1202083
2021-01-06T16:14:08.353837500Z                                                 LR chi2(43)      =       38.91
2021-01-06T16:14:08.353973600Z Log likelihood  =   -58.796148                  Prob > chi2      =      0.6494
2021-01-06T16:14:08.354009100Z 
2021-01-06T16:14:08.354042800Z ------------------------------------------------------------------------------
2021-01-06T16:14:08.354077100Z           _t | Haz. Ratio   Std. Err.      z    P>|z|     [95% Conf. Interval]
2021-01-06T16:14:08.354111800Z -------------+----------------------------------------------------------------
2021-01-06T16:14:08.354145900Z         eth5 |
2021-01-06T16:14:08.354180500Z South Asian  |   .4211611   .3781922    -0.96   0.336     .0724587     2.44797
2021-01-06T16:14:08.354217100Z       Black  |   .6382226   .5114265    -0.56   0.575     .1327026    3.069481
2021-01-06T16:14:08.354253400Z       Mixed  |   .1610754   .1878539    -1.57   0.117     .0163801     1.58395
2021-01-06T16:14:08.354288100Z       Other  |   1.31e-16   4.66e-09    -0.00   1.000            0           .
2021-01-06T16:14:08.354322500Z     Unknown  |   .2744702   .2440061    -1.45   0.146     .0480585    1.567544
2021-01-06T16:14:08.354357600Z              |
2021-01-06T16:14:08.354482900Z         male |
2021-01-06T16:14:08.354519000Z        Male  |   2.323024   1.506947     1.30   0.194     .6514464    8.283784
2021-01-06T16:14:08.354553400Z         age1 |   .9543155   .0895959    -0.50   0.618     .7939204    1.147115
2021-01-06T16:14:08.354587700Z         age2 |   1.185268   .3830744     0.53   0.599     .6290881    2.233171
2021-01-06T16:14:08.354623400Z         age3 |   .6727616   .5596599    -0.48   0.634     .1317528    3.435283
2021-01-06T16:14:08.354659900Z              |
2021-01-06T16:14:08.354696000Z          imd |
2021-01-06T16:14:08.354731300Z           4  |   .7177997   .5796952    -0.41   0.681     .1474255    3.494893
2021-01-06T16:14:08.354766300Z 5 most de..  |   2.37e-16   1.13e-08    -0.00   1.000            0           .
2021-01-06T16:14:08.354801800Z              |
2021-01-06T16:14:08.354837300Z    bmicat_sa |
2021-01-06T16:14:08.354872800Z Normal (..)  |   2.46e+09   3.18e+09    16.72   0.000     1.95e+08    3.11e+10
2021-01-06T16:14:08.354926600Z Overweig..)  |   1.56e+09   1.98e+09    16.66   0.000     1.29e+08    1.88e+10
2021-01-06T16:14:08.354957900Z Obese I ..)  |   4.61e+08          .        .       .            .           .
2021-01-06T16:14:08.355006100Z Obese II..)  |   5.70e+08   8.30e+08    13.85   0.000     3.29e+07    9.89e+09
2021-01-06T16:14:08.355041000Z Obese II..)  |   2.27e+09   2.59e+09    18.90   0.000     2.43e+08    2.12e+10
2021-01-06T16:14:08.355076200Z     Unknown  |   5.28e+08   7.90e+08    13.42   0.000     2.81e+07    9.92e+09
2021-01-06T16:14:08.355112200Z              |
2021-01-06T16:14:08.355147900Z     hba1ccat |
2021-01-06T16:14:08.355184100Z   >=6.5-7.4  |   .3764603   .4246631    -0.87   0.386     .0412599    3.434871
2021-01-06T16:14:08.355221200Z   >=7.5-7.9  |   3.744995   3.169118     1.56   0.119     .7130846    19.66806
2021-01-06T16:14:08.355261400Z     >=8-8.9  |   1.131426   1.253761     0.11   0.911     .1289402    9.928045
2021-01-06T16:14:08.355297700Z         >=9  |   1.09e-15   5.64e-08    -0.00   1.000            0           .
2021-01-06T16:14:08.355332900Z     Unknown  |   5.36e-16   1.36e-07    -0.00   1.000            0           .
2021-01-06T16:14:08.355385800Z              |
2021-01-06T16:14:08.355421300Z gp_consult~t |   1.054579   .1377487     0.41   0.684     .8163859    1.362268
2021-01-06T16:14:08.355451700Z              |
2021-01-06T16:14:08.355490700Z smoke_nomiss |
2021-01-06T16:14:08.355650400Z      Former  |   3.844236   4.495174     1.15   0.249      .388576    38.03156
2021-01-06T16:14:08.355689300Z     Current  |   1.314067   1.088523     0.33   0.742     .2591281    6.663775
2021-01-06T16:14:08.355725900Z              |
2021-01-06T16:14:08.355762300Z 1.hyperten~n |   .2841854   .3111245    -1.15   0.250     .0332438    2.429362
2021-01-06T16:14:08.355799000Z              |
2021-01-06T16:14:08.355835300Z       bp_cat |
2021-01-06T16:14:08.355871400Z High, sta..  |   1.183138   1.288447     0.15   0.877     .1399812    10.00002
2021-01-06T16:14:08.355908500Z     Unknown  |   1.065134          .        .       .            .           .
2021-01-06T16:14:08.355945600Z              |
2021-01-06T16:14:08.355982200Z     1.asthma |   5.19e-16   3.23e-08    -0.00   1.000            0           .
2021-01-06T16:14:08.356019200Z 1.~y_disease |   1.168479   .9738251     0.19   0.852     .2281494    5.984431
2021-01-06T16:14:08.356056000Z 1.~c_disease |   4.04e-16   1.10e-08    -0.00   1.000            0           .
2021-01-06T16:14:08.356093100Z              |
2021-01-06T16:14:08.356129800Z      dm_type |
2021-01-06T16:14:08.356166400Z        T1DM  |   3.590219   4.020763     1.14   0.254     .3997993    32.24036
2021-01-06T16:14:08.356202500Z        T2DM  |   .8396348   .6848407    -0.21   0.830     .1697522    4.153033
2021-01-06T16:14:08.356239100Z  UNKNOWN_DM  |   6.52e-16   4.15e-08    -0.00   1.000            0           .
2021-01-06T16:14:08.356295200Z              |
2021-01-06T16:14:08.356350500Z     1.cancer |    2.75096   1.823071     1.53   0.127     .7505676    10.08274
2021-01-06T16:14:08.356887200Z 1.~r_disease |   1.720673    1.15314     0.81   0.418     .4626478    6.399505
2021-01-06T16:14:08.356943700Z     1.stroke |   .9300004   .7474711    -0.09   0.928     .1924621    4.493876
2021-01-06T16:14:08.356980600Z   1.dementia |   1.393315   1.012698     0.46   0.648     .3352537     5.79062
2021-01-06T16:14:08.357015400Z 1.other_ne~o |   2.288684   1.487636     1.27   0.203     .6401892    8.182075
2021-01-06T16:14:08.357052400Z              |
2021-01-06T16:14:08.357522600Z       egfr60 |
2021-01-06T16:14:08.361597800Z    eGFR <60  |   3.60e-16   6.14e-08    -0.00   1.000            0           .
2021-01-06T16:14:08.361695700Z       1.esrf |   1.473879   1.032415     0.55   0.580     .3734363    5.817105
2021-01-06T16:14:08.361734700Z 1.immunosu~d |   .6381925   .4461047    -0.64   0.521     .1621627    2.511611
2021-01-06T16:14:08.361775000Z 1.ra_sle_p~s |   1.592829   1.059029     0.70   0.484     .4327413    5.862869
2021-01-06T16:14:08.361813000Z              |
2021-01-06T16:14:08.361849400Z hh_total_cat |
2021-01-06T16:14:08.361885500Z        6-10  |   5.08e+15   3.43e+23     0.00   1.000            0           .
2021-01-06T16:14:08.361922100Z         11+  |   3.833051   2.14e+09     0.00   1.000            0           .
2021-01-06T16:14:08.361959500Z ------------------------------------------------------------------------------
2021-01-06T16:14:08.361996700Z                                                              Stratified by stp
2021-01-06T16:14:08.362034500Z (note: file ./output/model/modela_icu_eth5.ster not found)
2021-01-06T16:14:08.362071700Z file ./output/model/modela_icu_eth5.ster saved
2021-01-06T16:14:08.362109900Z (note: file ./output/model/modela_icu_eth5.dta not found)
2021-01-06T16:14:08.362148400Z file ./output/model/modela_icu_eth5.dta saved
2021-01-06T16:14:08.362190000Z 
2021-01-06T16:14:08.362226900Z          failure _d:  icu
2021-01-06T16:14:08.362309700Z    analysis time _t:  (stime_icu-origin)
2021-01-06T16:14:08.362464900Z              origin:  time indexdate
2021-01-06T16:14:08.362502700Z   enter on or after:  time indexdate
2021-01-06T16:14:08.362539800Z                  id:  patient_id
2021-01-06T16:14:08.362576800Z 
2021-01-06T16:14:08.362613800Z Cox regression -- Breslow method for ties
2021-01-06T16:14:08.362650600Z 
2021-01-06T16:14:08.362687200Z No. of subjects =        6,684                  Number of obs    =       6,684
2021-01-06T16:14:08.362715500Z No. of failures =           12
2021-01-06T16:14:08.362750900Z Time at risk    =      1202083
2021-01-06T16:14:08.362786900Z                                                 LR chi2(33)      =       38.73
2021-01-06T16:14:08.362857900Z Log likelihood  =   -86.295817                  Prob > chi2      =      0.2268
2021-01-06T16:14:08.362895000Z 
2021-01-06T16:14:08.362987700Z ------------------------------------------------------------------------------
2021-01-06T16:14:08.363028900Z           _t | Haz. Ratio   Std. Err.      z    P>|z|     [95% Conf. Interval]
2021-01-06T16:14:08.363086200Z -------------+----------------------------------------------------------------
2021-01-06T16:14:08.363124800Z         eth5 |
2021-01-06T16:14:08.363159100Z South Asian  |   .4420671   .3883717    -0.93   0.353     .0790091    2.473427
2021-01-06T16:14:08.363194900Z       Black  |   .6815964   .5338145    -0.49   0.625     .1468524    3.163542
2021-01-06T16:14:08.363232500Z       Mixed  |   .1752661   .2000295    -1.53   0.127     .0187167    1.641217
2021-01-06T16:14:08.363269400Z       Other  |   7.52e-21          .        .       .            .           .
2021-01-06T16:14:08.363306900Z     Unknown  |   .2442004   .2158095    -1.60   0.111     .0432022    1.380342
2021-01-06T16:14:08.363344300Z              |
2021-01-06T16:14:08.363381800Z         male |
2021-01-06T16:14:08.363418900Z        Male  |   2.109323   1.318363     1.19   0.232     .6196228    7.180567
2021-01-06T16:14:08.363455700Z         age1 |   .9602564   .0856761    -0.45   0.649      .806197    1.143756
2021-01-06T16:14:08.363492600Z         age2 |   1.152728   .3597555     0.46   0.649     .6252809    2.125097
2021-01-06T16:14:08.363534500Z         age3 |    .724421   .5848967    -0.40   0.690     .1488442     3.52574
2021-01-06T16:14:08.363573400Z              |
2021-01-06T16:14:08.363610400Z          imd |
2021-01-06T16:14:08.363647100Z           4  |   .7094398   .5590493    -0.44   0.663     .1514104    3.324109
2021-01-06T16:14:08.363683800Z 5 most de..  |   4.31e-20          .        .       .            .           .
2021-01-06T16:14:08.364946400Z              |
2021-01-06T16:14:08.365013700Z    bmicat_sa |
2021-01-06T16:14:08.365050300Z Normal (..)  |   7.28e+08   9.34e+08    15.90   0.000     5.89e+07    9.00e+09
2021-01-06T16:14:08.365088900Z Overweig..)  |   5.20e+08   6.61e+08    15.80   0.000     4.31e+07    6.27e+09
2021-01-06T16:14:08.365121000Z Obese I ..)  |   1.77e+08   2.57e+08    13.05   0.000     1.02e+07    3.07e+09
2021-01-06T16:14:08.365157700Z Obese II..)  |   2.01e+08   2.93e+08    13.13   0.000     1.16e+07    3.49e+09
2021-01-06T16:14:08.365196600Z Obese II..)  |   7.10e+08   8.14e+08    17.79   0.000     7.52e+07    6.71e+09
2021-01-06T16:14:08.365231800Z     Unknown  |   1.64e+08          .        .       .            .           .
2021-01-06T16:14:08.365281000Z              |
2021-01-06T16:14:08.365336600Z     hba1ccat |
2021-01-06T16:14:08.365376800Z   >=6.5-7.4  |   .3925286   .4244699    -0.86   0.387     .0471416     3.26842
2021-01-06T16:14:08.365614000Z   >=7.5-7.9  |   2.630998    2.14929     1.18   0.236     .5305976    13.04595
2021-01-06T16:14:08.365659800Z     >=8-8.9  |   .9877068   1.069967    -0.01   0.991     .1181777    8.255069
2021-01-06T16:14:08.365697700Z         >=9  |   9.34e-20          .        .       .            .           .
2021-01-06T16:14:08.365736600Z     Unknown  |   1.24e-18          .        .       .            .           .
2021-01-06T16:14:08.365775500Z              |
2021-01-06T16:14:08.365812700Z gp_consult~t |   1.072523   .1318769     0.57   0.569     .8428367    1.364803
2021-01-06T16:14:08.365849300Z              |
2021-01-06T16:14:08.367280800Z smoke_nomiss |
2021-01-06T16:14:08.367590100Z      Former  |   5.082104   5.558615     1.49   0.137     .5957048    43.35668
2021-01-06T16:14:08.367629000Z     Current  |   1.499458   1.201854     0.51   0.613     .3116554    7.214297
2021-01-06T16:14:08.367666200Z              |
2021-01-06T16:14:08.367703700Z 1.hyperten~n |   .3258866   .3472909    -1.05   0.293     .0403606    2.631329
2021-01-06T16:14:08.367739900Z              |
2021-01-06T16:14:08.367787800Z       bp_cat |
2021-01-06T16:14:08.367827900Z High, sta..  |     465596   495961.2    12.25   0.000     57715.71     3755990
2021-01-06T16:14:08.367871100Z     Unknown  |     380262          .        .       .            .           .
2021-01-06T16:14:08.367908500Z              |
2021-01-06T16:14:08.367950700Z     1.asthma |   8.28e-20          .        .       .            .           .
2021-01-06T16:14:08.367987900Z 1.~y_disease |   .9868286    .781431    -0.02   0.987     .2090299     4.65881
2021-01-06T16:14:08.368025300Z 1.~c_disease |   2.04e-20          .        .       .            .           .
2021-01-06T16:14:08.368083500Z              |
2021-01-06T16:14:08.368121000Z      dm_type |
2021-01-06T16:14:08.368162400Z        T1DM  |   3.150349   3.453509     1.05   0.295     .3674902    27.00671
2021-01-06T16:14:08.368200400Z        T2DM  |   .8163154   .6486031    -0.26   0.798      .172003    3.874181
2021-01-06T16:14:08.368238200Z  UNKNOWN_DM  |   1.27e-19          .        .       .            .           .
2021-01-06T16:14:08.368275900Z              |
2021-01-06T16:14:08.368312900Z     1.cancer |   2.385336   1.514968     1.37   0.171     .6869688    8.282516
2021-01-06T16:14:08.368408600Z 1.~r_disease |   1.878411    1.19269     0.99   0.321     .5411573    6.520154
2021-01-06T16:14:08.368446300Z     1.stroke |   .8350559   .6598329    -0.23   0.820       .17747    3.929219
2021-01-06T16:14:08.368483100Z   1.dementia |   1.410125   .9644079     0.50   0.615     .3690683    5.387763
2021-01-06T16:14:08.368520200Z 1.other_ne~o |   2.193088   1.372167     1.26   0.209     .6433951    7.475396
2021-01-06T16:14:08.368556800Z              |
2021-01-06T16:14:08.368618100Z       egfr60 |
2021-01-06T16:14:08.368656700Z    eGFR <60  |   4.13e-19          .        .       .            .           .
2021-01-06T16:14:08.368695000Z       1.esrf |   1.432443   .9762195     0.53   0.598     .3766843    5.447245
2021-01-06T16:14:08.368733200Z 1.immunosu~d |   .5584153   .3807456    -0.85   0.393     .1467508    2.124878
2021-01-06T16:14:08.368771200Z 1.ra_sle_p~s |   1.660287   1.050711     0.80   0.423     .4802875     5.73938
2021-01-06T16:14:08.368809200Z              |
2021-01-06T16:14:08.368847200Z hh_total_cat |
2021-01-06T16:14:08.368884900Z        6-10  |   2.05e+16          .        .       .            .           .
2021-01-06T16:14:08.368922100Z         11+  |   .0400221          .        .       .            .           .
2021-01-06T16:14:08.368959600Z ------------------------------------------------------------------------------
2021-01-06T16:14:08.368998000Z (note: file ./output/model/modelb_icu_eth5.ster not found)
2021-01-06T16:14:08.369036100Z file ./output/model/modelb_icu_eth5.ster saved
2021-01-06T16:14:08.369073800Z (note: file ./output/model/modelb_icu_eth5.dta not found)
2021-01-06T16:14:08.374395200Z file ./output/model/modelb_icu_eth5.dta saved
2021-01-06T16:14:08.374531900Z (output written to ./output/estout_sens_nostp_eth5.txt)
2021-01-06T16:14:08.374572000Z hes
2021-01-06T16:14:08.374610300Z (1,189 observations deleted)
2021-01-06T16:14:08.374647600Z 
2021-01-06T16:14:08.374684700Z          failure _d:  hes
2021-01-06T16:14:08.374722100Z    analysis time _t:  (stime_hes-origin)
2021-01-06T16:14:08.374759900Z              origin:  time indexdate
2021-01-06T16:14:08.374797700Z   enter on or after:  time indexdate
2021-01-06T16:14:08.374835400Z                  id:  patient_id
2021-01-06T16:14:08.374873200Z 
2021-01-06T16:14:08.374910000Z Stratified Cox regr. -- Breslow method for ties
2021-01-06T16:14:08.374947400Z 
2021-01-06T16:14:08.374984300Z No. of subjects =        6,684                  Number of obs    =       6,684
2021-01-06T16:14:08.375021600Z No. of failures =          896
2021-01-06T16:14:08.375059000Z Time at risk    =      1147712
2021-01-06T16:14:08.375096300Z                                                 LR chi2(44)      =       52.87
2021-01-06T16:14:08.375133400Z Log likelihood  =   -5739.3182                  Prob > chi2      =      0.1690
2021-01-06T16:14:08.375688600Z 
2021-01-06T16:14:08.375731600Z ------------------------------------------------------------------------------
2021-01-06T16:14:08.375925500Z           _t | Haz. Ratio   Std. Err.      z    P>|z|     [95% Conf. Interval]
2021-01-06T16:14:08.376150700Z -------------+----------------------------------------------------------------
2021-01-06T16:14:08.376532400Z         eth5 |
2021-01-06T16:14:08.376768900Z South Asian  |   1.030319    .131541     0.23   0.815       .80223    1.323259
2021-01-06T16:14:08.376972100Z       Black  |   1.230975   .1527249     1.67   0.094     .9652548    1.569843
2021-01-06T16:14:08.377008200Z       Mixed  |   .9963862   .1279382    -0.03   0.978     .7746964    1.281516
2021-01-06T16:14:08.377201400Z       Other  |    1.24426   .1531053     1.78   0.076      .977623     1.58362
2021-01-06T16:14:08.377472200Z     Unknown  |   1.175446   .1321701     1.44   0.151     .9429558    1.465257
2021-01-06T16:14:08.385054000Z              |
2021-01-06T16:14:08.389588400Z         male |
2021-01-06T16:14:08.391668900Z        Male  |   1.014847   .0684016     0.22   0.827     .8892598     1.15817
2021-01-06T16:14:08.391707400Z         age1 |   .9887548    .009099    -1.23   0.219     .9710809     1.00675
2021-01-06T16:14:08.391744400Z         age2 |   1.016131   .0341071     0.48   0.634     .9514341    1.085228
2021-01-06T16:14:08.394025500Z         age3 |   .9719003   .0867427    -0.32   0.749     .8159273    1.157689
2021-01-06T16:14:08.394064300Z              |
2021-01-06T16:14:08.394102300Z          imd |
2021-01-06T16:14:08.394139300Z           4  |   1.139779   .0921564     1.62   0.106     .9727408    1.335501
2021-01-06T16:14:08.394175900Z 5 most de..  |   .8000054   .0999877    -1.79   0.074     .6261906    1.022067
2021-01-06T16:14:08.394212000Z              |
2021-01-06T16:14:08.394249600Z    bmicat_sa |
2021-01-06T16:14:08.394349700Z Normal (..)  |   .8258799   .1731663    -0.91   0.362     .5475721     1.24564
2021-01-06T16:14:08.394390000Z Overweig..)  |   .7375092   .1508763    -1.49   0.137     .4938925    1.101292
2021-01-06T16:14:08.394587700Z Obese I ..)  |   .6503497   .1315037    -2.13   0.033     .4375524    .9666379
2021-01-06T16:14:08.394621300Z Obese II..)  |   .6673489   .1340211    -2.01   0.044     .4502041    .9892281
2021-01-06T16:14:08.394654900Z Obese II..)  |   .6964026   .1371326    -1.84   0.066     .4734188    1.024413
2021-01-06T16:14:08.394688900Z     Unknown  |   .6774682   .1366897    -1.93   0.054     .4561901    1.006079
2021-01-06T16:14:08.394723200Z              |
2021-01-06T16:14:08.394761900Z     hba1ccat |
2021-01-06T16:14:08.394796100Z   >=6.5-7.4  |   1.109843   .0981551     1.18   0.239     .9332136    1.319904
2021-01-06T16:14:08.395516800Z   >=7.5-7.9  |   1.298655   .1665917     2.04   0.042     1.009954    1.669883
2021-01-06T16:14:08.395626500Z     >=8-8.9  |   1.068198   .1345711     0.52   0.601     .8344833    1.367369
2021-01-06T16:14:08.395662400Z         >=9  |   1.131552   .1884064     0.74   0.458     .8164831    1.568201
2021-01-06T16:14:08.395700900Z     Unknown  |   1.332442   .6010882     0.64   0.525     .5503719    3.225822
2021-01-06T16:14:08.395736000Z              |
2021-01-06T16:14:08.395771100Z gp_consult~t |   .9973858   .0146869    -0.18   0.859     .9690115    1.026591
2021-01-06T16:14:08.395821100Z              |
2021-01-06T16:14:08.395856800Z smoke_nomiss |
2021-01-06T16:14:08.395891600Z      Former  |   .6873834   .1929935    -1.34   0.182     .3964706    1.191755
2021-01-06T16:14:08.395926800Z     Current  |   .9430623   .0988706    -0.56   0.576     .7678926    1.158191
2021-01-06T16:14:08.395961800Z              |
2021-01-06T16:14:08.400920600Z 1.hyperten~n |   .9432499   .0803781    -0.69   0.493     .7981646    1.114708
2021-01-06T16:14:08.400958300Z              |
2021-01-06T16:14:08.401080300Z       bp_cat |
2021-01-06T16:14:08.401116500Z High, sta..  |   2.53e+07    2854575   151.26   0.000     2.03e+07    3.16e+07
2021-01-06T16:14:08.401152200Z     Unknown  |   2.41e+07          .        .       .            .           .
2021-01-06T16:14:08.401186600Z              |
2021-01-06T16:14:08.401221500Z     1.asthma |   .9074703   .1591555    -0.55   0.580     .6434956    1.279733
2021-01-06T16:14:08.401256900Z 1.~y_disease |   .9972041    .084287    -0.03   0.974      .844963    1.176875
2021-01-06T16:14:08.401291500Z 1.~c_disease |   .8690869   .0756906    -1.61   0.107     .7327069    1.030851
2021-01-06T16:14:08.401326000Z              |
2021-01-06T16:14:08.401360100Z      dm_type |
2021-01-06T16:14:08.401395500Z        T1DM  |   .9056602   .1784222    -0.50   0.615      .615562    1.332474
2021-01-06T16:14:08.401445100Z        T2DM  |   1.018976   .0869607     0.22   0.826     .8620276    1.204499
2021-01-06T16:14:08.401479400Z  UNKNOWN_DM  |   .8641483   .2192412    -0.58   0.565     .5255715    1.420839
2021-01-06T16:14:08.401513600Z              |
2021-01-06T16:14:08.401551600Z     1.cancer |   1.099715   .0900875     1.16   0.246     .9365927    1.291249
2021-01-06T16:14:08.401585600Z 1.~r_disease |   .9883813    .082904    -0.14   0.889     .8385462     1.16499
2021-01-06T16:14:08.403162900Z     1.stroke |   .8772259    .075509    -1.52   0.128     .7410415    1.038437
2021-01-06T16:14:08.403199000Z   1.dementia |   1.026838   .0853387     0.32   0.750     .8724892    1.208492
2021-01-06T16:14:08.403235000Z 1.other_ne~o |   .8934215   .0772795    -1.30   0.193     .7540999    1.058483
2021-01-06T16:14:08.403271000Z              |
2021-01-06T16:14:08.403305300Z       egfr60 |
2021-01-06T16:14:08.403339900Z    eGFR <60  |   .8722543   .3363049    -0.35   0.723     .4096899    1.857082
2021-01-06T16:14:08.403375200Z       1.esrf |   .9684624   .0821324    -0.38   0.706      .820153    1.143591
2021-01-06T16:14:08.403411500Z 1.immunosu~d |   1.001592    .069789     0.02   0.982     .8737366    1.148156
2021-01-06T16:14:08.403447500Z 1.ra_sle_p~s |   1.190635   .0946775     2.19   0.028     1.018808    1.391442
2021-01-06T16:14:08.403484000Z              |
2021-01-06T16:14:08.403520800Z hh_total_cat |
2021-01-06T16:14:08.403573000Z        6-10  |   .9363248   .1991388    -0.31   0.757     .6171516    1.420565
2021-01-06T16:14:08.403613500Z         11+  |   .8806214   .6530423    -0.17   0.864     .2058562    3.767165
2021-01-06T16:14:08.403648900Z ------------------------------------------------------------------------------
2021-01-06T16:14:08.403683300Z                                                              Stratified by stp
2021-01-06T16:14:08.403717700Z (note: file ./output/model/modela_hes_eth5.ster not found)
2021-01-06T16:14:08.403754500Z file ./output/model/modela_hes_eth5.ster saved
2021-01-06T16:14:08.403790800Z (note: file ./output/model/modela_hes_eth5.dta not found)
2021-01-06T16:14:08.403827500Z file ./output/model/modela_hes_eth5.dta saved
2021-01-06T16:14:08.403863500Z 
2021-01-06T16:14:08.403898600Z          failure _d:  hes
2021-01-06T16:14:08.403933700Z    analysis time _t:  (stime_hes-origin)
2021-01-06T16:14:08.403968500Z              origin:  time indexdate
2021-01-06T16:14:08.404003800Z   enter on or after:  time indexdate
2021-01-06T16:14:08.404038900Z                  id:  patient_id
2021-01-06T16:14:08.404074000Z 
2021-01-06T16:14:08.404110000Z Cox regression -- Breslow method for ties
2021-01-06T16:14:08.404145400Z 
2021-01-06T16:14:08.404180200Z No. of subjects =        6,684                  Number of obs    =       6,684
2021-01-06T16:14:08.404214900Z No. of failures =          896
2021-01-06T16:14:08.404358200Z Time at risk    =      1147712
2021-01-06T16:14:08.404391400Z                                                 LR chi2(44)      =       51.59
2021-01-06T16:14:08.404428100Z Log likelihood  =   -7802.5377                  Prob > chi2      =      0.2013
2021-01-06T16:14:08.404465500Z 
2021-01-06T16:14:08.404501500Z ------------------------------------------------------------------------------
2021-01-06T16:14:08.404535700Z           _t | Haz. Ratio   Std. Err.      z    P>|z|     [95% Conf. Interval]
2021-01-06T16:14:08.404609200Z -------------+----------------------------------------------------------------
2021-01-06T16:14:08.404660600Z         eth5 |
2021-01-06T16:14:08.404695200Z South Asian  |   1.028402   .1311607     0.22   0.826     .8009442    1.320456
2021-01-06T16:14:08.404730600Z       Black  |   1.222438   .1515566     1.62   0.105     .9587286    1.558683
2021-01-06T16:14:08.404765400Z       Mixed  |   1.000535   .1284034     0.00   0.997      .778025    1.286681
2021-01-06T16:14:08.404845800Z       Other  |   1.250105   .1537643     1.81   0.070      .982308    1.590908
2021-01-06T16:14:08.404886400Z     Unknown  |   1.170003   .1314802     1.40   0.162     .9387125    1.458282
2021-01-06T16:14:08.404922900Z              |
2021-01-06T16:14:08.404958900Z         male |
2021-01-06T16:14:08.404994200Z        Male  |    1.01533   .0683218     0.23   0.821     .8898761     1.15847
2021-01-06T16:14:08.405071900Z         age1 |   .9890256   .0090946    -1.20   0.230     .9713601    1.007012
2021-01-06T16:14:08.405248800Z         age2 |   1.015707   .0340792     0.46   0.642     .9510617    1.084746
2021-01-06T16:14:08.405285800Z         age3 |   .9726387   .0867867    -0.31   0.756     .8165832    1.158518
2021-01-06T16:14:08.405321700Z              |
2021-01-06T16:14:08.405356300Z          imd |
2021-01-06T16:14:08.405391100Z           4  |   1.132558   .0913907     1.54   0.123     .9668819    1.326622
2021-01-06T16:14:08.405428300Z 5 most de..  |   .7980868   .0997018    -1.81   0.071     .6247596      1.0195
2021-01-06T16:14:08.405464300Z              |
2021-01-06T16:14:08.405499300Z    bmicat_sa |
2021-01-06T16:14:08.405533100Z Normal (..)  |   .8233286   .1724143    -0.93   0.353     .5461626     1.24115
2021-01-06T16:14:08.411130500Z Overweig..)  |   .7322705   .1496174    -1.53   0.127     .4906301    1.092921
2021-01-06T16:14:08.411170500Z Obese I ..)  |   .6445479   .1301606    -2.17   0.030     .4338731    .9575196
2021-01-06T16:14:08.412030900Z Obese II..)  |    .667286   .1338566    -2.02   0.044     .4503626    .9886937
2021-01-06T16:14:08.412086000Z Obese II..)  |   .6942932   .1365512    -1.86   0.064      .472206    1.020832
2021-01-06T16:14:08.412115100Z     Unknown  |    .667509   .1345071    -2.01   0.045     .4497124    .9907849
2021-01-06T16:14:08.412151100Z              |
2021-01-06T16:14:08.412186800Z     hba1ccat |
2021-01-06T16:14:08.412221800Z   >=6.5-7.4  |   1.106912   .0978235     1.15   0.250     .9308679    1.316249
2021-01-06T16:14:08.412257600Z   >=7.5-7.9  |   1.290801   .1654796     1.99   0.046     1.004005     1.65952
2021-01-06T16:14:08.412292900Z     >=8-8.9  |   1.061866   .1336863     0.48   0.634     .8296704    1.359045
2021-01-06T16:14:08.412328600Z         >=9  |   1.147356   .1908833     0.83   0.409     .8281053    1.589684
2021-01-06T16:14:08.412364200Z     Unknown  |   1.300497   .5862974     0.58   0.560     .5374841    3.146682
2021-01-06T16:14:08.412399900Z              |
2021-01-06T16:14:08.412434900Z gp_consult~t |   .9961055   .0146308    -0.27   0.790     .9678385    1.025198
2021-01-06T16:14:08.412470100Z              |
2021-01-06T16:14:08.412505300Z smoke_nomiss |
2021-01-06T16:14:08.412540400Z      Former  |   .7005981    .196539    -1.27   0.205      .404279    1.214106
2021-01-06T16:14:08.412576100Z     Current  |    .937264   .0981917    -0.62   0.536     .7632846    1.150899
2021-01-06T16:14:08.412611700Z              |
2021-01-06T16:14:08.412646700Z 1.hyperten~n |   .9431287   .0803136    -0.69   0.492     .7981518    1.114439
2021-01-06T16:14:08.412682700Z              |
2021-01-06T16:14:08.413276200Z       bp_cat |
2021-01-06T16:14:08.413327600Z High, sta..  |   2.51e+07    2831185   151.32   0.000     2.02e+07    3.14e+07
2021-01-06T16:14:08.413479500Z     Unknown  |   2.42e+07          .        .       .            .           .
2021-01-06T16:14:08.413795400Z              |
2021-01-06T16:14:08.413915100Z     1.asthma |   .9072826   .1590875    -0.55   0.579     .6434112    1.279371
2021-01-06T16:14:08.413953500Z 1.~y_disease |   .9907483   .0836434    -0.11   0.912     .8396555     1.16903
2021-01-06T16:14:08.413990400Z 1.~c_disease |   .8748539    .076141    -1.54   0.124     .7376546    1.037571
2021-01-06T16:14:08.414072000Z              |
2021-01-06T16:14:08.414109200Z      dm_type |
2021-01-06T16:14:08.414146000Z        T1DM  |   .9095626   .1791143    -0.48   0.630     .6183168    1.337994
2021-01-06T16:14:08.414183500Z        T2DM  |   1.019498    .086944     0.23   0.821     .8625714    1.204975
2021-01-06T16:14:08.414225400Z  UNKNOWN_DM  |   .8654714   .2193784    -0.57   0.569     .5266128    1.422375
2021-01-06T16:14:08.414263700Z              |
2021-01-06T16:14:08.414547600Z     1.cancer |   1.098602   .0898786     1.15   0.250      .935841     1.28967
2021-01-06T16:14:08.414600500Z 1.~r_disease |   .9818801   .0822572    -0.22   0.827     .8331992    1.157092
2021-01-06T16:14:08.414630800Z     1.stroke |   .8758315   .0753603    -1.54   0.123     .7399111     1.03672
2021-01-06T16:14:08.414672700Z   1.dementia |   1.028164   .0853901     0.33   0.738     .8737136    1.209917
2021-01-06T16:14:08.414709700Z 1.other_ne~o |   .8941905   .0772691    -1.29   0.196     .7548762    1.059216
2021-01-06T16:14:08.414795100Z              |
2021-01-06T16:14:08.414945900Z       egfr60 |
2021-01-06T16:14:08.414982900Z    eGFR <60  |   .8571998    .330479    -0.40   0.689     .4026388     1.82494
2021-01-06T16:14:08.415021000Z       1.esrf |   .9700781   .0821995    -0.36   0.720     .8216374    1.145337
2021-01-06T16:14:08.415058300Z 1.immunosu~d |   1.002354   .0698311     0.03   0.973     .8744205    1.149005
2021-01-06T16:14:08.415093200Z 1.ra_sle_p~s |    1.18614    .094257     2.15   0.032     1.015068    1.386044
2021-01-06T16:14:08.415134500Z              |
2021-01-06T16:14:08.415167700Z hh_total_cat |
2021-01-06T16:14:08.415205600Z        6-10  |   .9491524   .2017713    -0.25   0.806     .6257302    1.439743
2021-01-06T16:14:08.415477000Z         11+  |     .90538    .670644    -0.13   0.893     .2119916    3.866724
2021-01-06T16:14:08.415524700Z ------------------------------------------------------------------------------
2021-01-06T16:14:08.415562200Z (note: file ./output/model/modelb_hes_eth5.ster not found)
2021-01-06T16:14:08.415607800Z file ./output/model/modelb_hes_eth5.ster saved
2021-01-06T16:14:08.415736500Z (note: file ./output/model/modelb_hes_eth5.dta not found)
2021-01-06T16:14:08.415780600Z file ./output/model/modelb_hes_eth5.dta saved
2021-01-06T16:14:08.415823300Z (output written to ./output/estout_sens_nostp_eth5.txt)
2021-01-06T16:14:08.415885900Z onscoviddeath
2021-01-06T16:14:08.415925200Z (1,189 observations deleted)
2021-01-06T16:14:08.415970500Z 
2021-01-06T16:14:08.416099100Z          failure _d:  onscoviddeath
2021-01-06T16:14:08.416143400Z    analysis time _t:  (stime_onscoviddeath-origin)
2021-01-06T16:14:08.416186600Z              origin:  time indexdate
2021-01-06T16:14:08.416223400Z   enter on or after:  time indexdate
2021-01-06T16:14:08.416258500Z                  id:  patient_id
2021-01-06T16:14:08.416294700Z 
2021-01-06T16:14:08.416331000Z Stratified Cox regr. -- no ties
2021-01-06T16:14:08.416366700Z 
2021-01-06T16:14:08.416402700Z No. of subjects =        6,684                  Number of obs    =       6,684
2021-01-06T16:14:08.416439300Z No. of failures =            3
2021-01-06T16:14:08.416475400Z Time at risk    =      1229049
2021-01-06T16:14:08.416511900Z                                                 LR chi2(38)      =       39.02
2021-01-06T16:14:08.417665900Z Log likelihood  =   -5.684e-14                  Prob > chi2      =      0.4235
2021-01-06T16:14:08.417705500Z 
2021-01-06T16:14:08.417742300Z ------------------------------------------------------------------------------
2021-01-06T16:14:08.417866000Z           _t | Haz. Ratio   Std. Err.      z    P>|z|     [95% Conf. Interval]
2021-01-06T16:14:08.417913900Z -------------+----------------------------------------------------------------
2021-01-06T16:14:08.417951800Z         eth5 |
2021-01-06T16:14:08.420973200Z South Asian  |   4.11e+41   1.55e+49     0.00   1.000            0           .
2021-01-06T16:14:08.421012700Z       Black  |   1.29e-74   3.29e-66    -0.00   1.000            0           .
2021-01-06T16:14:08.421050400Z       Mixed  |   2.94e-67   4.10e-59    -0.00   1.000            0           .
2021-01-06T16:14:08.421088300Z       Other  |   16088.49          .        .       .            .           .
2021-01-06T16:14:08.421125600Z     Unknown  |   9.88e+34   3.27e+42     0.00   1.000            0           .
2021-01-06T16:14:08.421163300Z              |
2021-01-06T16:14:08.421200600Z         male |
2021-01-06T16:14:08.421237700Z        Male  |   1.42e+15   5.51e+22     0.00   1.000            0           .
2021-01-06T16:14:08.421275100Z         age1 |   14.18581   7.28e+07     0.00   1.000            0           .
2021-01-06T16:14:08.421765400Z         age2 |   1.45e-10   .0021066    -0.00   1.000            0           .
2021-01-06T16:14:08.421825700Z         age3 |   2.94e+26   9.94e+33     0.00   1.000            0           .
2021-01-06T16:14:08.421862300Z              |
2021-01-06T16:14:08.421898100Z          imd |
2021-01-06T16:14:08.421934500Z           4  |   5.32e-28   3.67e-20    -0.00   1.000            0           .
2021-01-06T16:14:08.421991100Z 5 most de..  |   3.17e-83   2.13e-75    -0.00   1.000            0           .
2021-01-06T16:14:08.422027700Z              |
2021-01-06T16:14:08.422063300Z    bmicat_sa |
2021-01-06T16:14:08.422099400Z Normal (..)  |   2.37e-51   2.63e-43    -0.00   1.000            0           .
2021-01-06T16:14:08.422135400Z Overweig..)  |   7.19e-69   1.03e-60    -0.00   1.000            0           .
2021-01-06T16:14:08.422171900Z Obese I ..)  |   1.09e+55          .        .       .            .           .
2021-01-06T16:14:08.422208300Z Obese II..)  |   .0146842    9902456    -0.00   1.000            0           .
2021-01-06T16:14:08.422245100Z Obese II..)  |   1.42e+33   6.14e+40     0.00   1.000            0           .
2021-01-06T16:14:08.422282100Z     Unknown  |   4.08e+37   1.89e+45     0.00   1.000            0           .
2021-01-06T16:14:08.422318200Z              |
2021-01-06T16:14:08.422354700Z     hba1ccat |
2021-01-06T16:14:08.422390700Z   >=6.5-7.4  |   1.06e-55          .        .       .            .           .
2021-01-06T16:14:08.422429700Z   >=7.5-7.9  |   6.16e-21          .        .       .            .           .
2021-01-06T16:14:08.422466800Z     >=8-8.9  |   6.41e+15   2.82e+23     0.00   1.000            0           .
2021-01-06T16:14:08.422504200Z         >=9  |   2.06e+27   9.61e+34     0.00   1.000            0           .
2021-01-06T16:14:08.422540800Z     Unknown  |   3.51e-23   5.33e-14    -0.00   1.000            0           .
2021-01-06T16:14:08.422899000Z              |
2021-01-06T16:14:08.422944800Z gp_consult~t |   6.832277   3.65e+07     0.00   1.000            0           .
2021-01-06T16:14:08.422987500Z              |
2021-01-06T16:14:08.423026000Z smoke_nomiss |
2021-01-06T16:14:08.423063200Z      Former  |   4.06e-38   1.14e-29    -0.00   1.000            0           .
2021-01-06T16:14:08.423179200Z     Current  |   .0000165    1705.48    -0.00   1.000            0           .
2021-01-06T16:14:08.423226600Z              |
2021-01-06T16:14:08.423262500Z 1.hyperten~n |   1.81e+29   8.80e+36     0.00   1.000            0           .
2021-01-06T16:14:08.423302100Z              |
2021-01-06T16:14:08.423349100Z       bp_cat |
2021-01-06T16:14:08.423384200Z High, sta..  |   .0010874          .        .       .            .           .
2021-01-06T16:14:08.423602500Z     Unknown  |   4.30e-14          .        .       .            .           .
2021-01-06T16:14:08.423638600Z              |
2021-01-06T16:14:08.423673800Z     1.asthma |   1.01e+79   4.96e+86     0.00   1.000            0           .
2021-01-06T16:14:08.423709200Z 1.~y_disease |   1.0e-104   1.89e-95    -0.00   1.000            0           .
2021-01-06T16:14:08.423809600Z 1.~c_disease |   9.12e-26   3.54e-18    -0.00   1.000            0           .
2021-01-06T16:14:08.423836400Z              |
2021-01-06T16:14:08.423889200Z      dm_type |
2021-01-06T16:14:08.423924700Z        T1DM  |   1.40e-15   1.93e-07    -0.00   1.000            0           .
2021-01-06T16:14:08.423950300Z        T2DM  |   92.64835   7.96e+09     0.00   1.000            0           .
2021-01-06T16:14:08.423986200Z  UNKNOWN_DM  |    4184543   1.33e+15     0.00   1.000            0           .
2021-01-06T16:14:08.424021400Z              |
2021-01-06T16:14:08.424124300Z     1.cancer |   1.15e-06   109.6421    -0.00   1.000            0           .
2021-01-06T16:14:08.424161100Z 1.~r_disease |   8.21e-27   5.41e-19    -0.00   1.000            0           .
2021-01-06T16:14:08.424200600Z     1.stroke |   7.08e-13   .0000593    -0.00   1.000            0           .
2021-01-06T16:14:08.424226400Z   1.dementia |   .1307426    5130112    -0.00   1.000            0           .
2021-01-06T16:14:08.424262400Z 1.other_ne~o |   2.62e+20   1.62e+28     0.00   1.000            0           .
2021-01-06T16:14:08.424298200Z              |
2021-01-06T16:14:08.424357500Z       egfr60 |
2021-01-06T16:14:08.424378600Z    eGFR <60  |   4.32e-33   5.04e-24    -0.00   1.000            0           .
2021-01-06T16:14:08.424428600Z       1.esrf |   2.59e-31          .        .       .            .           .
2021-01-06T16:14:08.425090200Z 1.immunosu~d |   3.73e+20   3.05e+28     0.00   1.000            0           .
2021-01-06T16:14:08.425129600Z 1.ra_sle_p~s |   2.37e-20   1.02e-12    -0.00   1.000            0           .
2021-01-06T16:14:08.425166600Z              |
2021-01-06T16:14:08.425203800Z hh_total_cat |
2021-01-06T16:14:08.425241100Z        6-10  |   1.50e-20   1.06e-12    -0.00   1.000            0           .
2021-01-06T16:14:08.425278800Z         11+  |   1.12e+19   2.29e+28     0.00   1.000            0           .
2021-01-06T16:14:08.425315800Z ------------------------------------------------------------------------------
2021-01-06T16:14:08.425359200Z                                                              Stratified by stp
2021-01-06T16:14:08.425397400Z (note: file ./output/model/modela_onscoviddeath_eth5.ster not found)
2021-01-06T16:14:08.425434500Z file ./output/model/modela_onscoviddeath_eth5.ster saved
2021-01-06T16:14:08.425471300Z (note: file ./output/model/modela_onscoviddeath_eth5.dta not found)
2021-01-06T16:14:08.425507400Z file ./output/model/modela_onscoviddeath_eth5.dta saved
2021-01-06T16:14:08.427696500Z 
2021-01-06T16:14:08.427740600Z          failure _d:  onscoviddeath
2021-01-06T16:14:08.427775900Z    analysis time _t:  (stime_onscoviddeath-origin)
2021-01-06T16:14:08.427811300Z              origin:  time indexdate
2021-01-06T16:14:08.427846800Z   enter on or after:  time indexdate
2021-01-06T16:14:08.427881700Z                  id:  patient_id
2021-01-06T16:14:08.427916900Z flat region resulting in a missing likelihood
2021-01-06T16:14:08.427969500Z r(430);
2021-01-06T16:14:08.428006400Z 
2021-01-06T16:14:08.428042200Z end of do-file
2021-01-06T16:14:08.428077400Z r(430);
2021-01-06T16:14:08.428112600Z 


state: failed
commit: none
docker_image_id: sha256:e4a676ff497b1550742032051cce1ba5502f65b172e86e4d82aadbaa1e056935
job_id: pp57kyebrz7jcz6y
run_by_user: None
created_at: 2021-01-06T16:08:53Z
started_at: 2021-01-06T16:10:28Z
completed_at: 2021-01-06T16:14:10Z

Job exited with an error code

outputs:
  output/estout_sens_nostp_eth5.txt  - moderately_sensitive
  output/sens_nostp_eth5.txt         - moderately_sensitive