2021-01-10T17:47:35.748230000Z Traceback (most recent call last):
2021-01-10T17:47:35.748337900Z   File "/tmp/entrypoint.py", line 82, in <module>
2021-01-10T17:47:35.748348900Z     main()
2021-01-10T17:47:35.748355900Z   File "/tmp/entrypoint.py", line 78, in main
2021-01-10T17:47:35.748362900Z     run_model(options.script, *options.args)
2021-01-10T17:47:35.748369700Z   File "/tmp/entrypoint.py", line 41, in run_model
2021-01-10T17:47:35.748376700Z     return check_output(log_file)
2021-01-10T17:47:35.748383300Z   File "/tmp/entrypoint.py", line 56, in check_output
2021-01-10T17:47:35.748390400Z     raise RuntimeError(f"Problem found running stata script:\n\n{output}")
2021-01-10T17:47:35.748399700Z RuntimeError: Problem found running stata script:
2021-01-10T17:47:35.748406600Z 
2021-01-10T17:47:35.748413100Z 
2021-01-10T17:47:35.748419900Z   ___  ____  ____  ____  ____ (R)
2021-01-10T17:47:35.748426600Z  /__    /   ____/   /   ____/
2021-01-10T17:47:35.748433600Z ___/   /   /___/   /   /___/   16.1   Copyright 1985-2019 StataCorp LLC
2021-01-10T17:47:35.748440600Z   Statistics/Data Analysis            StataCorp
2021-01-10T17:47:35.748447500Z                                       4905 Lakeway Drive
2021-01-10T17:47:35.748454300Z      MP - Parallel Edition            College Station, Texas 77845 USA
2021-01-10T17:47:35.748461200Z                                       800-STATA-PC        http://www.stata.com
2021-01-10T17:47:35.748468100Z                                       979-696-4600        stata@stata.com
2021-01-10T17:47:35.748475000Z                                       979-696-4601 (fax)
2021-01-10T17:47:35.748481700Z 
2021-01-10T17:47:35.748488300Z 3-user 32-core Stata network license expires 29 Apr 2021:
2021-01-10T17:47:35.748495200Z        Serial number:  501609309502
2021-01-10T17:47:35.748502000Z          Licensed to:  EBM DataLab
2021-01-10T17:47:35.748508600Z                        University of Oxford
2021-01-10T17:47:35.748515400Z 
2021-01-10T17:47:35.748521900Z Notes:
2021-01-10T17:47:35.748528600Z       1.  Stata is running in batch mode.
2021-01-10T17:47:35.748535400Z Some Unicode string functions will not behave correctly because ICU data file
2021-01-10T17:47:35.748542400Z     icudt54l.dat cannot be found at directory: "/usr/local/stata/utilities"
2021-01-10T17:47:35.748549400Z       2.  Unicode is supported; see help unicode_advice.
2021-01-10T17:47:35.748556300Z       3.  More than 2 billion observations are allowed; see help obs_advice.
2021-01-10T17:47:35.748563100Z       4.  Maximum number of variables is set to 5000; see help set_maxvar.
2021-01-10T17:47:35.748570000Z 
2021-01-10T17:47:35.748576600Z . do analysis/07c_eth_sensanalysis_ruralurban_eth16.do 
2021-01-10T17:47:35.748583800Z 
2021-01-10T17:47:35.748603500Z . /*===========================================================================
2021-01-10T17:47:35.748611300Z > ===
2021-01-10T17:47:35.748618200Z > DO FILE NAME:                   07c_eth_sensanalysis_ruralurban_eth16
2021-01-10T17:47:35.748625200Z > PROJECT:                                Ethnicity and COVID
2021-01-10T17:47:35.748632400Z > AUTHOR:                                 R Mathur (modified from A wong and A 
2021-01-10T17:47:35.748639600Z > Schultze)
2021-01-10T17:47:35.748646300Z > DATE:                                   15 July 2020                         
2021-01-10T17:47:35.748653300Z >            
2021-01-10T17:47:35.748661900Z > DESCRIPTION OF FILE:    program 06 
2021-01-10T17:47:35.748669000Z >                                                 univariable regression
2021-01-10T17:47:35.748676000Z >                                                 multivariable regression 
2021-01-10T17:47:35.748683100Z > DATASETS USED:                  data in memory ($tempdir/analysis_dataset_STS
2021-01-10T17:47:35.748690000Z > ET_outcome)
2021-01-10T17:47:35.748696800Z > DATASETS CREATED:               none
2021-01-10T17:47:35.748703700Z > OTHER OUTPUT:                   logfiles, printed to folder analysis/$logdir
2021-01-10T17:47:35.748710600Z >                                                 table2, printed to $Tabfigdir
2021-01-10T17:47:35.748717600Z >                                                 complete case analysis  
2021-01-10T17:47:35.748724400Z > =============================================================================
2021-01-10T17:47:35.748731400Z > =*/
2021-01-10T17:47:35.748738400Z . sysdir set PLUS ./analysis/adofiles
2021-01-10T17:47:35.748745300Z 
2021-01-10T17:47:35.748751900Z . adopath + ./analysis/adofiles
2021-01-10T17:47:35.748779800Z   [1]  (BASE)      "/usr/local/stata/ado/base/"
2021-01-10T17:47:35.748797100Z   [2]  (SITE)      "/usr/local/ado/"
2021-01-10T17:47:35.748805500Z   [3]              "."
2021-01-10T17:47:35.748812400Z   [4]  (PERSONAL)  "~/ado/personal/"
2021-01-10T17:47:35.748819400Z   [5]  (PLUS)      "./analysis/adofiles/"
2021-01-10T17:47:35.748826300Z   [6]  (OLDPLACE)  "~/ado/"
2021-01-10T17:47:35.748833200Z   [7]              "./analysis/adofiles"
2021-01-10T17:47:35.748839900Z 
2021-01-10T17:47:35.748846600Z . sysdir
2021-01-10T17:47:35.748853400Z    STATA:  /usr/local/stata/
2021-01-10T17:47:35.748860200Z     BASE:  /usr/local/stata/ado/base/
2021-01-10T17:47:35.748866900Z     SITE:  /usr/local/ado/
2021-01-10T17:47:35.748873600Z     PLUS:  ./analysis/adofiles/
2021-01-10T17:47:35.748880600Z PERSONAL:  ~/ado/personal/
2021-01-10T17:47:35.748896500Z OLDPLACE:  ~/ado/
2021-01-10T17:47:35.748904100Z 
2021-01-10T17:47:35.748910600Z . 
2021-01-10T17:47:35.748917400Z . global outcomes "tested positivetest icu hes onscoviddeath ons_noncoviddeath 
2021-01-10T17:47:35.748924300Z > onsdeath"
2021-01-10T17:47:35.748931400Z 
2021-01-10T17:47:35.748937900Z . 
2021-01-10T17:47:35.748944400Z . * Open a log file
2021-01-10T17:47:35.748951200Z . cap log close
2021-01-10T17:47:35.748957800Z 
2021-01-10T17:47:35.748964300Z . macro drop hr
2021-01-10T17:47:35.748971000Z 
2021-01-10T17:47:35.748977500Z . log using ./logs/07c_eth_sensanalysis_ruralurban_eth16.log, replace t 
2021-01-10T17:47:35.748984900Z -------------------------------------------------------------------------------
2021-01-10T17:47:35.748991900Z       name:  <unnamed>
2021-01-10T17:47:35.748998600Z        log:  /workspace/logs/07c_eth_sensanalysis_ruralurban_eth16.log
2021-01-10T17:47:35.749005400Z   log type:  text
2021-01-10T17:47:35.749012000Z  opened on:  10 Jan 2021, 17:47:08
2021-01-10T17:47:35.749018600Z 
2021-01-10T17:47:35.749025000Z . 
2021-01-10T17:47:35.749031500Z . 
2021-01-10T17:47:35.749038000Z . foreach i of global outcomes {
2021-01-10T17:47:35.749044700Z   2.         di "`i'"
2021-01-10T17:47:35.749051400Z   3.         
2021-01-10T17:47:35.749057900Z . * Open Stata dataset
2021-01-10T17:47:35.749064500Z . use ./output/analysis_dataset_STSET_`i'.dta, clear
2021-01-10T17:47:35.749071200Z   4. drop if carehome==1
2021-01-10T17:47:35.749077700Z   5. 
2021-01-10T17:47:35.749084300Z . gen urban=0 if rural_urban=="rural"
2021-01-10T17:47:35.749091000Z   6. replace urban=1 if rural_urban=="urban"
2021-01-10T17:47:35.749097700Z   7. tab urban
2021-01-10T17:47:35.749104400Z   8. 
2021-01-10T17:47:35.749111100Z . 
2021-01-10T17:47:35.749117600Z . *Adjusted for rural urban
2021-01-10T17:47:35.749124200Z . stcox i.ethnicity_16 i.male age1 age2 age3      i.imd                        
2021-01-10T17:47:35.749131000Z >                    ///
2021-01-10T17:47:35.749139100Z >                                                                              
2021-01-10T17:47:35.749146200Z >    i.bmicat_sa     i.hba1ccat                      ///
2021-01-10T17:47:35.749153200Z >                                                                              
2021-01-10T17:47:35.749160200Z >    gp_consult_count                        ///
2021-01-10T17:47:35.749166900Z >                                                                              
2021-01-10T17:47:35.749180300Z >    i.smoke_nomiss                          ///
2021-01-10T17:47:35.749187900Z >                                                                              
2021-01-10T17:47:35.749194800Z >    i.hypertension i.bp_cat         ///     
2021-01-10T17:47:35.749201700Z >                                                                              
2021-01-10T17:47:35.749208500Z >    i.asthma                                        ///
2021-01-10T17:47:35.749215500Z >                                                                              
2021-01-10T17:47:35.749248500Z >    i.chronic_respiratory_disease ///
2021-01-10T17:47:35.749259200Z >                                                                              
2021-01-10T17:47:35.749266300Z >    i.chronic_cardiac_disease       ///
2021-01-10T17:47:35.749273400Z >                                                                              
2021-01-10T17:47:35.749280500Z >    i.dm_type                                       ///     
2021-01-10T17:47:35.749287600Z >                                                                              
2021-01-10T17:47:35.749294700Z >    i.cancer                    ///
2021-01-10T17:47:35.749301700Z >                                                                              
2021-01-10T17:47:35.749308800Z >    i.chronic_liver_disease         ///
2021-01-10T17:47:35.749315600Z >                                                                              
2021-01-10T17:47:35.749322800Z >    i.stroke                                        ///
2021-01-10T17:47:35.749329800Z >                                                                              
2021-01-10T17:47:35.749336900Z >    i.dementia                                      ///
2021-01-10T17:47:35.749344100Z >                                                                              
2021-01-10T17:47:35.749351000Z >    i.other_neuro                           ///
2021-01-10T17:47:35.749358100Z >                                                                              
2021-01-10T17:47:35.749365000Z >    i.egfr60                                        ///
2021-01-10T17:47:35.749371900Z >                                                                              
2021-01-10T17:47:35.749378900Z >    i.esrf                                          ///
2021-01-10T17:47:35.749385700Z >                                                                              
2021-01-10T17:47:35.749392700Z >    i.immunosuppressed                      ///
2021-01-10T17:47:35.749401500Z >                                                                              
2021-01-10T17:47:35.749408700Z >    i.ra_sle_psoriasis                      ///
2021-01-10T17:47:35.749415600Z >                                                                              
2021-01-10T17:47:35.749431000Z >    i.hh_total_cat i.urban, strata(stp) nolog       
2021-01-10T17:47:35.749438600Z   9. eststo model_adj
2021-01-10T17:47:35.749445200Z  10. 
2021-01-10T17:47:35.749451700Z . *rural                                                                  
2021-01-10T17:47:35.749458500Z . stcox i.ethnicity_16 i.male age1 age2 age3      i.imd                        
2021-01-10T17:47:35.749465300Z >                    ///
2021-01-10T17:47:35.749471900Z >                                                                              
2021-01-10T17:47:35.749478800Z >    i.bmicat_sa     i.hba1ccat                      ///
2021-01-10T17:47:35.749485600Z >                                                                              
2021-01-10T17:47:35.749492400Z >    gp_consult_count                        ///
2021-01-10T17:47:35.749499200Z >                                                                              
2021-01-10T17:47:35.749506000Z >    i.smoke_nomiss                          ///
2021-01-10T17:47:35.749512700Z >                                                                              
2021-01-10T17:47:35.749519500Z >    i.hypertension i.bp_cat         ///     
2021-01-10T17:47:35.749526300Z >                                                                              
2021-01-10T17:47:35.749533100Z >    i.asthma                                        ///
2021-01-10T17:47:35.749539900Z >                                                                              
2021-01-10T17:47:35.749546700Z >    i.chronic_respiratory_disease ///
2021-01-10T17:47:35.749553400Z >                                                                              
2021-01-10T17:47:35.749560300Z >    i.chronic_cardiac_disease       ///
2021-01-10T17:47:35.749567000Z >                                                                              
2021-01-10T17:47:35.749573800Z >    i.dm_type                                       ///     
2021-01-10T17:47:35.749580600Z >                                                                              
2021-01-10T17:47:35.749587500Z >    i.cancer                    ///
2021-01-10T17:47:35.749594200Z >                                                                              
2021-01-10T17:47:35.749601000Z >    i.chronic_liver_disease         ///
2021-01-10T17:47:35.749607800Z >                                                                              
2021-01-10T17:47:35.749614700Z >    i.stroke                                        ///
2021-01-10T17:47:35.749621400Z >                                                                              
2021-01-10T17:47:35.749628200Z >    i.dementia                                      ///
2021-01-10T17:47:35.749637700Z >                                                                              
2021-01-10T17:47:35.749650500Z >    i.other_neuro                           ///
2021-01-10T17:47:35.749657800Z >                                                                              
2021-01-10T17:47:35.749664600Z >    i.egfr60                                        ///
2021-01-10T17:47:35.749671800Z >                                                                              
2021-01-10T17:47:35.749678600Z >    i.esrf                                          ///
2021-01-10T17:47:35.749685500Z >                                                                              
2021-01-10T17:47:35.749692500Z >    i.immunosuppressed                      ///
2021-01-10T17:47:35.749699200Z >                                                                              
2021-01-10T17:47:35.749706200Z >    i.ra_sle_psoriasis                      ///
2021-01-10T17:47:35.749712900Z >                                                                              
2021-01-10T17:47:35.749719900Z >    i.hh_total_cat if urban==0, strata(stp) nolog
2021-01-10T17:47:35.749726700Z  11. eststo model_rural
2021-01-10T17:47:35.749733300Z  12. *urban
2021-01-10T17:47:35.749740000Z . stcox i.ethnicity_16 i.male age1 age2 age3      i.imd                        
2021-01-10T17:47:35.749746900Z >                    ///
2021-01-10T17:47:35.749753600Z >                                                                              
2021-01-10T17:47:35.749760600Z >    i.bmicat_sa     i.hba1ccat                      ///
2021-01-10T17:47:35.749767500Z >                                                                              
2021-01-10T17:47:35.749774300Z >    gp_consult_count                        ///
2021-01-10T17:47:35.749781200Z >                                                                              
2021-01-10T17:47:35.749788000Z >    i.smoke_nomiss                          ///
2021-01-10T17:47:35.749794800Z >                                                                              
2021-01-10T17:47:35.749801700Z >    i.hypertension i.bp_cat         ///     
2021-01-10T17:47:35.749808400Z >                                                                              
2021-01-10T17:47:35.749815300Z >    i.asthma                                        ///
2021-01-10T17:47:35.749822000Z >                                                                              
2021-01-10T17:47:35.749828900Z >    i.chronic_respiratory_disease ///
2021-01-10T17:47:35.749835500Z >                                                                              
2021-01-10T17:47:35.749842400Z >    i.chronic_cardiac_disease       ///
2021-01-10T17:47:35.749849100Z >                                                                              
2021-01-10T17:47:35.749861100Z >    i.dm_type                                       ///     
2021-01-10T17:47:35.749868500Z >                                                                              
2021-01-10T17:47:35.749876200Z >    i.cancer                    ///
2021-01-10T17:47:35.749883000Z >                                                                              
2021-01-10T17:47:35.749889900Z >    i.chronic_liver_disease         ///
2021-01-10T17:47:35.749896600Z >                                                                              
2021-01-10T17:47:35.749903400Z >    i.stroke                                        ///
2021-01-10T17:47:35.749910100Z >                                                                              
2021-01-10T17:47:35.749916900Z >    i.dementia                                      ///
2021-01-10T17:47:35.749923600Z >                                                                              
2021-01-10T17:47:35.749930500Z >    i.other_neuro                           ///
2021-01-10T17:47:35.749937100Z >                                                                              
2021-01-10T17:47:35.749944000Z >    i.egfr60                                        ///
2021-01-10T17:47:35.749950600Z >                                                                              
2021-01-10T17:47:35.749957500Z >    i.esrf                                          ///
2021-01-10T17:47:35.749964300Z >                                                                              
2021-01-10T17:47:35.749971500Z >    i.immunosuppressed                      ///
2021-01-10T17:47:35.749978400Z >                                                                              
2021-01-10T17:47:35.749985200Z >    i.ra_sle_psoriasis                      ///
2021-01-10T17:47:35.749992100Z >                                                                              
2021-01-10T17:47:35.749998900Z >    i.hh_total_cat if urban==1, strata(stp) nolog           
2021-01-10T17:47:35.750005800Z  13. eststo model_urban
2021-01-10T17:47:35.750012400Z  14. /* Estout================================================================*
2021-01-10T17:47:35.750019300Z > / 
2021-01-10T17:47:35.750025800Z . esttab model_adj model_rural model_urban using ./output/estout_sens_ruralurba
2021-01-10T17:47:35.750032700Z > n_eth16.txt, b(a2) ci(2) label wide compress eform ///
2021-01-10T17:47:35.750039400Z >         title ("`i'") ///
2021-01-10T17:47:35.750046400Z >         varlabels(`e(labels)') ///
2021-01-10T17:47:35.750053000Z >         stats(N_sub) ///
2021-01-10T17:47:35.750059800Z >         append 
2021-01-10T17:47:35.750066300Z  15. eststo clear
2021-01-10T17:47:35.750073000Z  16. }
2021-01-10T17:47:35.750079400Z tested
2021-01-10T17:47:35.750091500Z (78,059 observations deleted)
2021-01-10T17:47:35.750098600Z type mismatch
2021-01-10T17:47:35.750105400Z r(109);
2021-01-10T17:47:35.750111900Z 
2021-01-10T17:47:35.750118300Z end of do-file
2021-01-10T17:47:35.750124900Z r(109);
2021-01-10T17:47:35.750131400Z 


state: failed
commit: efdccd12017f30643a4e58180aa78342c6071911
docker_image_id: sha256:8085fba2be1739b7c96fb76fcf8810895de8f66d8893745ab4114dd55e91ae12
job_id: j6j3appd5xpz6oni
run_by_user: rohinimathur
created_at: 2021-01-10T17:31:02Z
started_at: 2021-01-10T17:47:08Z
completed_at: 2021-01-10T17:47:39Z

Job exited with an error code

outputs:
  logs/07c_eth_sensanalysis_ruralurban_eth16.log  - moderately_sensitive