-------------------------------------------------------------------------------
      name:  <unnamed>
       log:  E:\analyses\ethnicity-covid-research/output/log\07a_eth_cr_forestp
> lots_eth16.log
  log type:  text
 opened on:  23 Jul 2020, 19:23:09

. 
. //capture {
. 
. foreach i of global outcomes {
  2.                 cap describe using "$Tempdir/model1_`i'_eth16.dta"
  3.        cap if r(N) > 0 local hr "`hr' "$Tempdir/model1_`i'_eth16.dta" "
  4. }

. 
. foreach i of global outcomes {
  2.                 cap describe using "$Tempdir/model2_`i'_eth16.dta"
  3.        cap if r(N) > 0 local hr "`hr' "$Tempdir/model2_`i'_eth16.dta" "
  4. }

. 
. foreach i of global outcomes {
  2.         cap     describe using "$Tempdir/model3_`i'_eth16.dta"
  3.      cap   if r(N) > 0 local hr "`hr' "$Tempdir/model3_`i'_eth16.dta" "
  4. }

. 
. dsconcat `hr'

. duplicates drop

Duplicates in terms of all variables

(0 observations are duplicates)

. 
. split idstr, p(_)
variables created as string: 
idstr1  idstr2  idstr3  idstr4

. drop idstr

. ren idstr1 model

. ren idstr2 outcome

. drop idstr3 

. 
. 
. *keep HRs for ethnic group
. keep if label=="Eth 16 collapsed"
(763 observations deleted)

. drop label

. 
. gen eth16=1 if regexm(parm, "1b")
(210 missing values generated)

. forvalues i=2/11 {
  2.         replace eth16=`i' if regexm(parm, "`i'.eth16")
  3. }
(21 real changes made)
(21 real changes made)
(21 real changes made)
(21 real changes made)
(21 real changes made)
(21 real changes made)
(21 real changes made)
(21 real changes made)
(21 real changes made)
(21 real changes made)

. 
. drop parm

. order outcome model eth16

. 
. label define eth16      ///
>                                                 1 "British or Mixed British" 
> ///
>                                                 2 "Irish" ///
>                                                 3 "Other White" ///
>                                                 4 "Indian" ///
>                                                 5 "Pakistani" ///
>                                                 6 "Bangladeshi" ///          
>                            
>                                                 7 "Caribbean" ///
>                                                 8 "African" ///
>                                                 9 "Chinese" ///
>                                                 10 "All mixed" ///
>                                                 11 "All Other" 

. label values eth16 eth16

. tab eth16,m

                   eth16 |      Freq.     Percent        Cum.
-------------------------+-----------------------------------
British or Mixed British |         21        9.09        9.09
                   Irish |         21        9.09       18.18
             Other White |         21        9.09       27.27
                  Indian |         21        9.09       36.36
               Pakistani |         21        9.09       45.45
             Bangladeshi |         21        9.09       54.55
               Caribbean |         21        9.09       63.64
                 African |         21        9.09       72.73
                 Chinese |         21        9.09       81.82
               All mixed |         21        9.09       90.91
               All Other |         21        9.09      100.00
-------------------------+-----------------------------------
                   Total |        231      100.00

. 
. graph set window 

   window           current
   setting          default          choices
   ------------------------------------------------------------------------
   fontface         Arial             font name
   fontfacesans     Arial             font name
   fontfaceserif    Times New Roman   font name
   fontfacemono     Courier New       font name
   fontfacesymbol   Symbol            font name
   ------------------------------------------------------------------------
   To change setting, type "graph set window setting choice"

. gen num=[_n]

. sum num

    Variable |        Obs        Mean    Std. Dev.       Min        Max
-------------+---------------------------------------------------------
         num |        231         116    66.82814          1        231

. 
. gen log_estimate = log(estimate)

. gen log_min95 = log(min95)

. gen log_max95 = log(max95)

. 
. save "$Tempdir/HR_forestplot_eth16_cc.dta", replace
file E:\analyses\ethnicity-covid-research/output/tempdata/HR_forestplot_eth16_c
> c.dta saved

. 
. 
. // *Create one graph for all fully adjusted outcomes
. // metan log_estimate log_min95 log_max95 if model=="model3" ///
. //  , eform random effect(Hazard Ratio) null(1) lcols(outcome eth16) dp(2) xl
> ab(.25,.5,1,2,4) ///
. //      nowt  nooverall nobox graphregion(color(white)) scheme(sj) texts(100)
>  astext(65)        ///
. //      title("fully adjusted eth16'", size(medsmall)) ///
. //      t2title("complete case analysis", size(small)) ///
. //      graphregion(margin(zero)) ///
. //      saving("$Tabfigdir\Forestplot_alloutcomes_eth16_cc.gph", replace)
. // *Export graph
. // graph export "$Tabfigdir\Forestplot_alloutcomes_eth16_cc.svg", replace 
. // //   } //end capture
. 
. *Create one graph per outcome
. replace model="" if eth16!=1
(210 real changes made)

. foreach i of global outcomes {
  2. metan log_estimate log_min95 log_max95 if outcome=="`i'" ///
>  , eform random effect(Hazard Ratio) null(1) lcols(model eth16) by(outcome) d
> p(2) xlab(.25,.5,1,2,4) ///
>         nowt nosubgroup  nooverall nobox graphregion(color(white)) scheme(sj)
>  texts(100) astext(65)     ///
>         title("`i'", size(medsmall)) ///
>         t2title("complete case analysis", size(small)) ///
>         graphregion(margin(zero)) ///
>         saving("$Tabfigdir\Forestplot_`i'_eth16_cc.gph", replace)
  3. *Export graph
. graph export "$Tabfigdir\Forestplot_`i'_eth16_cc.svg", replace  
  4. } //end outcomes

           Study     |     ES    [95% Conf. Interval]     
---------------------+---------------------------------------------------
     tested
model1               |    1.000     1.000     1.000        
                     |    1.076     1.043     1.110        
                     |    0.723     0.715     0.731        
                     |    1.087     1.071     1.103        
                     |    0.979     0.961     0.997        
                     |    0.726     0.696     0.757        
                     |    0.998     0.967     1.031        
                     |    1.011     0.988     1.034        
                     |    0.381     0.363     0.400        
                     |    0.972     0.949     0.996        
                     |    0.950     0.936     0.964        
model2               |    1.000     1.000     1.000        
                     |    1.097     1.060     1.136        
                     |    0.867     0.857     0.878        
                     |    1.099     1.081     1.118        
                     |    0.904     0.885     0.923        
                     |    0.664     0.632     0.697        
                     |    0.986     0.952     1.021        
                     |    1.092     1.064     1.122        
                     |    0.615     0.578     0.654        
                     |    1.032     1.003     1.062        
                     |    1.034     1.016     1.052        
model3               |    1.000     1.000     1.000        
                     |    1.095     1.058     1.133        
                     |    0.862     0.852     0.873        
                     |    1.096     1.077     1.114        
                     |    0.902     0.883     0.921        
                     |    0.662     0.631     0.695        
                     |    0.985     0.951     1.020        
                     |    1.089     1.061     1.118        
                     |    0.603     0.567     0.641        
                     |    1.029     1.000     1.059        
                     |    1.030     1.013     1.048        
---------------------+---------------------------------------------------
(file E:\analyses\ethnicity-covid-research/output/tabfig\Forestplot_tested_eth1
> 6_cc.gph saved)
(file E:\analyses\ethnicity-covid-research/output/tabfig\Forestplot_tested_eth1
> 6_cc.svg written in SVG format)

           Study     |     ES    [95% Conf. Interval]     
---------------------+---------------------------------------------------
     positivetest
model1               |    1.000     1.000     1.000        
                     |    1.172     1.060     1.297        
                     |    1.016     0.984     1.049        
                     |    2.187     2.107     2.271        
                     |    2.166     2.077     2.259        
                     |    1.213     1.083     1.358        
                     |    1.615     1.483     1.759        
                     |    2.102     1.987     2.224        
                     |    0.451     0.381     0.533        
                     |    1.501     1.398     1.612        
                     |    1.907     1.835     1.982        
model2               |    1.000     1.000     1.000        
                     |    1.179     1.055     1.317        
                     |    1.137     1.094     1.181        
                     |    1.928     1.845     2.015        
                     |    1.830     1.745     1.919        
                     |    1.043     0.918     1.185        
                     |    1.433     1.308     1.571        
                     |    2.083     1.952     2.223        
                     |    0.788     0.647     0.959        
                     |    1.532     1.410     1.665        
                     |    1.952     1.866     2.042        
model3               |    1.000     1.000     1.000        
                     |    1.176     1.052     1.314        
                     |    1.121     1.079     1.165        
                     |    1.922     1.839     2.008        
                     |    1.825     1.741     1.914        
                     |    1.040     0.916     1.182        
                     |    1.431     1.306     1.569        
                     |    2.076     1.946     2.215        
                     |    0.769     0.632     0.937        
                     |    1.527     1.406     1.660        
                     |    1.945     1.860     2.035        
---------------------+---------------------------------------------------
(file E:\analyses\ethnicity-covid-research/output/tabfig\Forestplot_positivetes
> t_eth16_cc.gph saved)
(file E:\analyses\ethnicity-covid-research/output/tabfig\Forestplot_positivetes
> t_eth16_cc.svg written in SVG format)

           Study     |     ES    [95% Conf. Interval]     
---------------------+---------------------------------------------------
     icu
model1               |    1.000     1.000     1.000        
                     |    0.229     0.057     0.919        
                     |    1.104     0.892     1.367        
                     |    2.894     2.322     3.606        
                     |    2.459     1.849     3.271        
                     |    2.770     1.591     4.823        
                     |    2.741     1.851     4.058        
                     |    4.572     3.531     5.921        
                     |    2.347     1.354     4.068        
                     |    2.816     1.958     4.049        
                     |    3.360     2.750     4.106        
model2               |    1.000     1.000     1.000        
                     |    0.278     0.069     1.117        
                     |    1.248     0.986     1.580        
                     |    2.559     2.002     3.269        
                     |    1.952     1.428     2.668        
                     |    2.821     1.577     5.046        
                     |    2.550     1.704     3.816        
                     |    3.822     2.862     5.105        
                     |    4.327     2.374     7.885        
                     |    2.660     1.776     3.985        
                     |    3.433     2.756     4.276        
model3               |    1.000     1.000     1.000        
                     |    0.278     0.069     1.116        
                     |    1.241     0.980     1.572        
                     |    2.552     1.997     3.261        
                     |    1.946     1.424     2.660        
                     |    2.812     1.572     5.032        
                     |    2.548     1.702     3.813        
                     |    3.812     2.854     5.091        
                     |    4.294     2.356     7.826        
                     |    2.656     1.773     3.979        
                     |    3.427     2.751     4.268        
---------------------+---------------------------------------------------
(file E:\analyses\ethnicity-covid-research/output/tabfig\Forestplot_icu_eth16_c
> c.gph saved)
(file E:\analyses\ethnicity-covid-research/output/tabfig\Forestplot_icu_eth16_c
> c.svg written in SVG format)

           Study     |     ES    [95% Conf. Interval]     
---------------------+---------------------------------------------------
     cpnsdeath
model1               |    1.000     1.000     1.000        
                     |    1.144     0.921     1.422        
                     |    0.900     0.808     1.003        
                     |    1.462     1.283     1.665        
                     |    1.646     1.404     1.928        
                     |    1.931     1.382     2.700        
                     |    1.436     1.187     1.737        
                     |    2.105     1.690     2.622        
                     |    0.959     0.603     1.524        
                     |    1.444     1.102     1.893        
                     |    1.732     1.509     1.987        
model2               |    1.000     1.000     1.000        
                     |    1.197     0.960     1.492        
                     |    0.975     0.871     1.092        
                     |    1.482     1.292     1.700        
                     |    1.392     1.178     1.645        
                     |    1.617     1.155     2.263        
                     |    1.221     1.003     1.488        
                     |    1.969     1.551     2.499        
                     |    1.321     0.807     2.161        
                     |    1.302     0.968     1.750        
                     |    1.785     1.547     2.060        
model3               |    1.000     1.000     1.000        
                     |    1.201     0.963     1.497        
                     |    0.961     0.857     1.076        
                     |    1.489     1.298     1.708        
                     |    1.393     1.179     1.646        
                     |    1.620     1.157     2.268        
                     |    1.228     1.008     1.496        
                     |    1.984     1.563     2.518        
                     |    1.319     0.806     2.158        
                     |    1.310     0.974     1.761        
                     |    1.796     1.557     2.072        
---------------------+---------------------------------------------------
(file E:\analyses\ethnicity-covid-research/output/tabfig\Forestplot_cpnsdeath_e
> th16_cc.gph saved)
(file E:\analyses\ethnicity-covid-research/output/tabfig\Forestplot_cpnsdeath_e
> th16_cc.svg written in SVG format)

           Study     |     ES    [95% Conf. Interval]     
---------------------+---------------------------------------------------
     onsdeath
model1               |    1.000     1.000     1.000        
                     |    1.061     0.979     1.150        
                     |    0.865     0.833     0.898        
                     |    0.840     0.789     0.893        
                     |    0.839     0.775     0.907        
                     |    0.955     0.802     1.137        
                     |    0.862     0.787     0.945        
                     |    0.868     0.764     0.986        
                     |    0.549     0.443     0.681        
                     |    0.833     0.733     0.946        
                     |    0.839     0.782     0.900        
model2               |    1.000     1.000     1.000        
                     |    1.033     0.949     1.124        
                     |    0.917     0.882     0.955        
                     |    0.906     0.849     0.967        
                     |    0.821     0.756     0.891        
                     |    0.838     0.700     1.003        
                     |    0.806     0.733     0.887        
                     |    0.972     0.847     1.115        
                     |    0.651     0.518     0.820        
                     |    0.878     0.766     1.005        
                     |    0.900     0.836     0.969        
model3               |    1.000     1.000     1.000        
                     |    1.034     0.950     1.125        
                     |    0.892     0.857     0.929        
                     |    0.910     0.852     0.971        
                     |    0.823     0.758     0.893        
                     |    0.842     0.703     1.007        
                     |    0.810     0.737     0.891        
                     |    0.981     0.855     1.126        
                     |    0.652     0.518     0.821        
                     |    0.884     0.772     1.013        
                     |    0.906     0.841     0.975        
---------------------+---------------------------------------------------
(file E:\analyses\ethnicity-covid-research/output/tabfig\Forestplot_onsdeath_et
> h16_cc.gph saved)
(file E:\analyses\ethnicity-covid-research/output/tabfig\Forestplot_onsdeath_et
> h16_cc.svg written in SVG format)

           Study     |     ES    [95% Conf. Interval]     
---------------------+---------------------------------------------------
     onscoviddeath
model1               |    1.000     1.000     1.000        
                     |    1.079     0.903     1.290        
                     |    0.860     0.787     0.939        
                     |    1.250     1.115     1.402        
                     |    1.307     1.133     1.509        
                     |    1.816     1.365     2.416        
                     |    1.317     1.123     1.546        
                     |    1.814     1.483     2.219        
                     |    0.993     0.685     1.440        
                     |    1.361     1.083     1.712        
                     |    1.437     1.271     1.624        
model2               |    1.000     1.000     1.000        
                     |    1.113     0.929     1.334        
                     |    0.911     0.829     1.000        
                     |    1.280     1.136     1.442        
                     |    1.123     0.965     1.305        
                     |    1.481     1.108     1.979        
                     |    1.110     0.939     1.313        
                     |    1.737     1.402     2.154        
                     |    1.222     0.830     1.798        
                     |    1.288     1.007     1.647        
                     |    1.441     1.268     1.639        
model3               |    1.000     1.000     1.000        
                     |    1.115     0.930     1.336        
                     |    0.864     0.785     0.951        
                     |    1.287     1.143     1.450        
                     |    1.126     0.969     1.310        
                     |    1.491     1.116     1.992        
                     |    1.116     0.944     1.320        
                     |    1.763     1.422     2.185        
                     |    1.225     0.833     1.803        
                     |    1.301     1.017     1.665        
                     |    1.454     1.279     1.653        
---------------------+---------------------------------------------------
(file E:\analyses\ethnicity-covid-research/output/tabfig\Forestplot_onscoviddea
> th_eth16_cc.gph saved)
(file E:\analyses\ethnicity-covid-research/output/tabfig\Forestplot_onscoviddea
> th_eth16_cc.svg written in SVG format)
Insufficient data to perform this meta-analysis
(file E:\analyses\ethnicity-covid-research/output/tabfig\Forestplot_ons_noncovi
> ddeath_eth16_cc.svg written in SVG format)

. 
. 
.         
. log close
      name:  <unnamed>
       log:  E:\analyses\ethnicity-covid-research/output/log\07a_eth_cr_forestp
> lots_eth16.log
  log type:  text
 closed on:  23 Jul 2020, 19:23:40
-------------------------------------------------------------------------------
