-------------------------------------------------------------------------------
      name:  <unnamed>
       log:  E:\analyses\ethnicity-covid-research/output/log/05b_eth_table1_des
> criptives_eth5.log
  log type:  text
 opened on:  11 Aug 2020, 13:36:12

. 
. * Open Stata dataset
. use $Tempdir/analysis_dataset, clear

. 
. 
.  /* PROGRAMS TO AUTOMATE TABULATIONS=========================================
> ==*/ 
. 
. *****************************************************************************
> ***
. * All below code from K Baskharan 
. * Generic code to output one row of table
. 
. cap prog drop generaterow

. program define generaterow
  1. syntax, variable(varname) condition(string) 
  2.         
.         cou
  3.         local overalldenom=r(N)
  4.         
.         sum `variable' if `variable' `condition'
  5.         file write tablecontent (r(max)) _tab
  6.         
.         cou if `variable' `condition'
  7.         local rowdenom = r(N)
  8.         local colpct = 100*(r(N)/`overalldenom')
  9.         file write tablecontent %9.0gc (`rowdenom')  (" (") %3.1f (`colpct
> ') (")") _tab
 10. 
.         forvalues i=1/5{
 11.         cou if eth5 == `i'
 12.         local rowdenom = r(N)
 13.         cou if eth5 == `i' & `variable' `condition'
 14.         local pct = 100*(r(N)/`rowdenom') 
 15.         file write tablecontent %9.0gc (r(N)) (" (") %3.1f (`pct') (")") _
> tab
 16.         }
 17.         
.         cou if eth5 == .
 18.         local rowdenom = r(N)
 19.         cou if eth5 == . & `variable' `condition'
 20.         local pct = 100*(r(N)/`rowdenom')
 21.         file write tablecontent %9.0gc (r(N)) (" (") %3.1f (`pct') (")") _
> n
 22.         
. end

. 
. 
. /* Explanatory Notes 
> 
> defines a program (SAS macro/R function equivalent), generate row
> the syntax row specifies two inputs for the program: 
> 
>         a VARNAME which is your variable 
>         a CONDITION which is a string of some condition you impose 
>         
> the program counts if variable and condition and returns the counts
> column percentages are then automatically generated
> this is then written to the text file 'tablecontent' 
> the number followed by space, brackets, formatted pct, end bracket and then t
> ab
> 
> the format %3.1f specifies length of 3, followed by 1 dp. 
> 
> */ 
. 
. *****************************************************************************
> ***
. * Generic code to output one section (varible) within table (calls above)
. 
. cap prog drop tabulatevariable

. prog define tabulatevariable
  1. syntax, variable(varname) min(real) max(real) [missing]
  2. 
.         local lab: variable label `variable'
  3.         file write tablecontent ("`lab'") _n 
  4. 
.         forvalues varlevel = `min'/`max'{ 
  5.                 generaterow, variable(`variable') condition("==`varlevel'"
> )
  6.         }
  7.         
.         if "`missing'"!="" generaterow, variable(`variable') condition("== 12
> ")
  8. 
. end

. 
. *****************************************************************************
> ***
. 
. /* Explanatory Notes 
> 
> defines program tabulate variable 
> syntax is : 
> 
>         - a VARNAME which you stick in variable 
>         - a numeric minimum 
>         - a numeric maximum 
>         - optional missing option, default value is . 
> 
> forvalues lowest to highest of the variable, manually set for each var
> run the generate row program for the level of the variable 
> if there is a missing specified, then run the generate row for missing vals
> 
> */ 
. 
. *****************************************************************************
> ***
. * Generic code to qui summarize a continous variable 
. 
. cap prog drop summarizevariable 

. prog define summarizevariable
  1. syntax, variable(varname) 
  2. 
.         local lab: variable label `variable'
  3.         file write tablecontent ("`lab'") _n 
  4. 
. 
.         qui summarize `variable', d
  5.         file write tablecontent ("Mean (SD)") _tab 
  6.         file write tablecontent  %3.1f (r(mean)) (" (") %3.1f (r(sd)) (")"
> ) _tab
  7.         
.         forvalues i=1/5{                                                     
>    
  8.         qui summarize `variable' if eth5 == `i', d
  9.         file write tablecontent  %3.1f (r(mean)) (" (") %3.1f (r(sd)) (")"
> ) _tab
 10.         }
 11.         
.         qui summarize `variable' if eth5 ==. , d
 12.         file write tablecontent  %3.1f (r(mean)) (" (") %3.1f (r(sd)) (")"
> ) _n
 13.         
.         qui summarize `variable', d
 14.         file write tablecontent ("Median (IQR)") _tab 
 15.         file write tablecontent %3.1f (r(p50)) (" (") %3.1f (r(p25)) ("-")
>  %3.1f (r(p75)) (")") _tab
 16.         
.         forvalues i=1/5{
 17.         qui summarize `variable' if eth5 == `i', d
 18.         file write tablecontent %3.1f (r(p50)) (" (") %3.1f (r(p25)) ("-")
>  %3.1f (r(p75)) (")") _tab
 19.         }
 20.         
.         qui summarize `variable' if eth5 ==. , d
 21.         file write tablecontent %3.1f (r(p50)) (" (") %3.1f (r(p25)) ("-")
>  %3.1f (r(p75)) (")") _n
 22. 
.         
. /*
>         qui summarize `variable', d
>         file write tablecontent ("Min, Max") _tab 
>         file write tablecontent %3.1f (r(min)) (", ") %3.1f (r(max)) ("") _ta
> b
>         
>         forvalues i=1/5{                                                     
>    
>         qui summarize `variable' if eth5 == `i', d
>         file write tablecontent %3.1f (r(min)) (", ") %3.1f (r(max)) ("") _ta
> b
>         
>         qui summarize `variable' if eth5==. , d
>         file write tablecontent ("Min, Max") _tab 
>         file write tablecontent %3.1f (r(min)) (", ") %3.1f (r(max)) ("") _ta
> b
> 
>         }
>         
> */
. end

. 
. /* INVOKE PROGRAMS FOR TABLE 1===============================================
> =*/ 
. 
. *Set up output file
. cap file close tablecontent

. file open tablecontent using $Tabfigdir/table1_eth5.txt, write text replace

. 
. file write tablecontent ("Table 1: Demographic and Clinical Characteristics")
>  _n

. 
. * eth5 labelled columns
. 
. local lab1: label eth5 1

. local lab2: label eth5 2

. local lab3: label eth5 3

. local lab4: label eth5 4

. local lab5: label eth5 5

. local lab6: label eth5 .u

. 
. 
. file write tablecontent _tab ("Total")                                       
>              _tab ///
>                                                          ("`lab1'")          
>                                      _tab ///
>                                                          ("`lab2'")          
>                                      _tab ///
>                                                          ("`lab3'")          
>                                      _tab ///
>                                                          ("`lab4'")          
>                                      _tab ///
>                                                          ("`lab5'")          
>                                      _tab ///
>                                                          ("`lab6'")          
>                                      _n 

. 
. * DEMOGRAPHICS (more than one level, potentially missing) 
. 
. gen byte cons=1

. tabulatevariable, variable(cons) min(1) max(1) 
  17,451,587

    Variable |        Obs        Mean    Std. Dev.       Min        Max
-------------+---------------------------------------------------------
        cons | 17,451,587           1           0          1          1
  17,451,587
  10,988,308
  10,988,308
  1,032,315
  1,032,315
  343,618
  343,618
  171,757
  171,757
  324,146
  324,146
  4,591,443
  4,591,443

. file write tablecontent _n 

. 
. qui summarizevariable, variable(age) 

. file write tablecontent _n

. 
. tabulatevariable, variable(agegroup) min(1) max(7) 
  17,451,587

    Variable |        Obs        Mean    Std. Dev.       Min        Max
-------------+---------------------------------------------------------
    agegroup |  2,991,923           1           0          1          1
  2,991,923
  10,988,308
  1,530,089
  1,032,315
  199,614
  343,618
  68,929
  171,757
  48,288
  324,146
  90,359
  4,591,443
  1,054,644
  17,451,587

    Variable |        Obs        Mean    Std. Dev.       Min        Max
-------------+---------------------------------------------------------
    agegroup |  3,005,221           2           0          2          2
  3,005,221
  10,988,308
  1,846,478
  1,032,315
  289,602
  343,618
  75,311
  171,757
  45,628
  324,146
  86,617
  4,591,443
  661,585
  17,451,587

    Variable |        Obs        Mean    Std. Dev.       Min        Max
-------------+---------------------------------------------------------
    agegroup |  2,879,114           3           0          3          3
  2,879,114
  10,988,308
  1,813,417
  1,032,315
  243,235
  343,618
  82,324
  171,757
  35,120
  324,146
  68,786
  4,591,443
  636,232
  17,451,587

    Variable |        Obs        Mean    Std. Dev.       Min        Max
-------------+---------------------------------------------------------
    agegroup |  3,073,809           4           0          4          4
  3,073,809
  10,988,308
  2,031,214
  1,032,315
  137,068
  343,618
  67,034
  171,757
  24,329
  324,146
  39,920
  4,591,443
  774,244
  17,451,587

    Variable |        Obs        Mean    Std. Dev.       Min        Max
-------------+---------------------------------------------------------
    agegroup |  2,409,976           5           0          5          5
  2,409,976
  10,988,308
  1,652,402
  1,032,315
  93,678
  343,618
  28,105
  171,757
  10,914
  324,146
  22,539
  4,591,443
  602,338
  17,451,587

    Variable |        Obs        Mean    Std. Dev.       Min        Max
-------------+---------------------------------------------------------
    agegroup |  1,952,589           6           0          6          6
  1,952,589
  10,988,308
  1,382,366
  1,032,315
  44,615
  343,618
  12,575
  171,757
  4,964
  324,146
  10,892
  4,591,443
  497,177
  17,451,587

    Variable |        Obs        Mean    Std. Dev.       Min        Max
-------------+---------------------------------------------------------
    agegroup |  1,138,955           7           0          7          7
  1,138,955
  10,988,308
  732,342
  1,032,315
  24,503
  343,618
  9,340
  171,757
  2,514
  324,146
  5,033
  4,591,443
  365,223

. file write tablecontent _n 

. 
. tabulatevariable, variable(male) min(0) max(1) 
  17,451,587

    Variable |        Obs        Mean    Std. Dev.       Min        Max
-------------+---------------------------------------------------------
        male |  8,742,935           0           0          0          0
  8,742,935
  10,988,308
  5,721,591
  1,032,315
  494,460
  343,618
  171,418
  171,757
  88,413
  324,146
  159,804
  4,591,443
  2,107,249
  17,451,587

    Variable |        Obs        Mean    Std. Dev.       Min        Max
-------------+---------------------------------------------------------
        male |  8,708,652           1           0          1          1
  8,708,652
  10,988,308
  5,266,717
  1,032,315
  537,855
  343,618
  172,200
  171,757
  83,344
  324,146
  164,342
  4,591,443
  2,484,194

. file write tablecontent _n 

. 
. qui summarizevariable, variable(gp_consult_count) 

. file write tablecontent _n 

. 
. tabulatevariable, variable(imd) min(1) max(5) 
  17,451,587

    Variable |        Obs        Mean    Std. Dev.       Min        Max
-------------+---------------------------------------------------------
         imd |  3,552,369           1           0          1          1
  3,552,369
  10,988,308
  2,331,218
  1,032,315
  88,956
  343,618
  22,895
  171,757
  22,462
  324,146
  43,523
  4,591,443
  1,043,315
  17,451,587

    Variable |        Obs        Mean    Std. Dev.       Min        Max
-------------+---------------------------------------------------------
         imd |  3,589,320           2           0          2          2
  3,589,320
  10,988,308
  2,356,376
  1,032,315
  122,136
  343,618
  36,066
  171,757
  28,237
  324,146
  56,825
  4,591,443
  989,680
  17,451,587

    Variable |        Obs        Mean    Std. Dev.       Min        Max
-------------+---------------------------------------------------------
         imd |  3,554,260           3           0          3          3
  3,554,260
  10,988,308
  2,255,129
  1,032,315
  197,220
  343,618
  58,057
  171,757
  33,313
  324,146
  63,528
  4,591,443
  947,013
  17,451,587

    Variable |        Obs        Mean    Std. Dev.       Min        Max
-------------+---------------------------------------------------------
         imd |  3,474,184           4           0          4          4
  3,474,184
  10,988,308
  2,111,154
  1,032,315
  298,780
  343,618
  92,851
  171,757
  40,648
  324,146
  78,921
  4,591,443
  851,830
  17,451,587

    Variable |        Obs        Mean    Std. Dev.       Min        Max
-------------+---------------------------------------------------------
         imd |  3,138,636           5           0          5          5
  3,138,636
  10,988,308
  1,837,475
  1,032,315
  316,858
  343,618
  130,377
  171,757
  45,272
  324,146
  77,798
  4,591,443
  730,856

. file write tablecontent _n 

. 
. tabulatevariable, variable(hh_total_cat) min(1) max(4) 
  17,451,587

    Variable |        Obs        Mean    Std. Dev.       Min        Max
-------------+---------------------------------------------------------
hh_total_cat |  7,581,104           1           0          1          1
  7,581,104
  10,988,308
  5,200,187
  1,032,315
  211,172
  343,618
  118,752
  171,757
  62,893
  324,146
  119,658
  4,591,443
  1,868,442
  17,451,587

    Variable |        Obs        Mean    Std. Dev.       Min        Max
-------------+---------------------------------------------------------
hh_total_cat |  6,229,560           2           0          2          2
  6,229,560
  10,988,308
  3,808,424
  1,032,315
  435,250
  343,618
  136,860
  171,757
  70,439
  324,146
  118,887
  4,591,443
  1,659,700
  17,451,587

    Variable |        Obs        Mean    Std. Dev.       Min        Max
-------------+---------------------------------------------------------
hh_total_cat |  1,021,386           3           0          3          3
  1,021,386
  10,988,308
  461,792
  1,032,315
  224,546
  343,618
  51,563
  171,757
  18,562
  324,146
  40,862
  4,591,443
  224,061
  17,451,587

    Variable |        Obs        Mean    Std. Dev.       Min        Max
-------------+---------------------------------------------------------
hh_total_cat |    191,475           4           0          4          4
  191,475
  10,988,308
  90,056
  1,032,315
  42,136
  343,618
  6,859
  171,757
  3,535
  324,146
  14,619
  4,591,443
  34,270

. file write tablecontent _n 

. 
. tabulatevariable, variable(carehome) min(0) max(1) 
  17,451,587

    Variable |        Obs        Mean    Std. Dev.       Min        Max
-------------+---------------------------------------------------------
    carehome | 17,373,321           0           0          0          0
  17,373,321
  10,988,308
  10,932,871
  1,032,315
  1,031,695
  343,618
  343,045
  171,757
  171,531
  324,146
  323,753
  4,591,443
  4,570,426
  17,451,587

    Variable |        Obs        Mean    Std. Dev.       Min        Max
-------------+---------------------------------------------------------
    carehome |     78,266           1           0          1          1
  78,266
  10,988,308
  55,437
  1,032,315
  620
  343,618
  573
  171,757
  226
  324,146
  393
  4,591,443
  21,017

. file write tablecontent _n 

. 
. qui summarizevariable, variable(bmi)

. file write tablecontent _n

. 
. tabulatevariable, variable(obese4cat_sa) min(1) max(4) 
  17,451,587

    Variable |        Obs        Mean    Std. Dev.       Min        Max
-------------+---------------------------------------------------------
obese4cat_sa | 13,541,716           1           0          1          1
  13,541,716
  10,988,308
  8,385,570
  1,032,315
  717,191
  343,618
  256,364
  171,757
  138,927
  324,146
  284,709
  4,591,443
  3,758,955
  17,451,587

    Variable |        Obs        Mean    Std. Dev.       Min        Max
-------------+---------------------------------------------------------
obese4cat_sa |  2,476,913           2           0          2          2
  2,476,913
  10,988,308
  1,646,315
  1,032,315
  214,295
  343,618
  55,359
  171,757
  20,820
  324,146
  27,442
  4,591,443
  512,682
  17,451,587

    Variable |        Obs        Mean    Std. Dev.       Min        Max
-------------+---------------------------------------------------------
obese4cat_sa |    955,857           3           0          3          3
  955,857
  10,988,308
  636,046
  1,032,315
  71,859
  343,618
  21,539
  171,757
  7,902
  324,146
  8,469
  4,591,443
  210,042
  17,451,587

    Variable |        Obs        Mean    Std. Dev.       Min        Max
-------------+---------------------------------------------------------
obese4cat_sa |    477,101           4           0          4          4
  477,101
  10,988,308
  320,377
  1,032,315
  28,970
  343,618
  10,356
  171,757
  4,108
  324,146
  3,526
  4,591,443
  109,764

. file write tablecontent _n 

. 
. tabulatevariable, variable(smoke_nomiss) min(1) max(3)  
  17,451,587

    Variable |        Obs        Mean    Std. Dev.       Min        Max
-------------+---------------------------------------------------------
smoke_nomiss |  8,737,870           1           0          1          1
  8,737,870
  10,988,308
  4,934,969
  1,032,315
  756,308
  343,618
  235,002
  171,757
  97,185
  324,146
  210,807
  4,591,443
  2,503,599
  17,451,587

    Variable |        Obs        Mean    Std. Dev.       Min        Max
-------------+---------------------------------------------------------
smoke_nomiss |  5,747,289           2           0          2          2
  5,747,289
  10,988,308
  4,084,580
  1,032,315
  160,292
  343,618
  63,788
  171,757
  40,147
  324,146
  59,404
  4,591,443
  1,339,078
  17,451,587

    Variable |        Obs        Mean    Std. Dev.       Min        Max
-------------+---------------------------------------------------------
smoke_nomiss |  2,966,428           3           0          3          3
  2,966,428
  10,988,308
  1,968,759
  1,032,315
  115,715
  343,618
  44,828
  171,757
  34,425
  324,146
  53,935
  4,591,443
  748,766

. file write tablecontent _n 

. 
. tabulatevariable, variable(dm_type) min(0) max(3)  
  17,451,587

    Variable |        Obs        Mean    Std. Dev.       Min        Max
-------------+---------------------------------------------------------
     dm_type | 15,725,515           0           0          0          0
  15,725,515
  10,988,308
  9,945,017
  1,032,315
  840,544
  343,618
  294,624
  171,757
  157,084
  324,146
  298,313
  4,591,443
  4,189,933
  17,451,587

    Variable |        Obs        Mean    Std. Dev.       Min        Max
-------------+---------------------------------------------------------
     dm_type |     89,262           1           0          1          1
  89,262
  10,988,308
  60,654
  1,032,315
  2,530
  343,618
  1,373
  171,757
  645
  324,146
  649
  4,591,443
  23,411
  17,451,587

    Variable |        Obs        Mean    Std. Dev.       Min        Max
-------------+---------------------------------------------------------
     dm_type |  1,251,237           2           0          2          2
  1,251,237
  10,988,308
  759,339
  1,032,315
  136,402
  343,618
  31,830
  171,757
  9,681
  324,146
  15,661
  4,591,443
  298,324
  17,451,587

    Variable |        Obs        Mean    Std. Dev.       Min        Max
-------------+---------------------------------------------------------
     dm_type |    385,573           3           0          3          3
  385,573
  10,988,308
  223,298
  1,032,315
  52,839
  343,618
  15,791
  171,757
  4,347
  324,146
  9,523
  4,591,443
  79,775

. file write tablecontent _n 

. 
. tabulatevariable, variable(dm_type_exeter_os) min(0) max(2)  
  17,451,587

    Variable |        Obs        Mean    Std. Dev.       Min        Max
-------------+---------------------------------------------------------
dm_type_ex~s | 16,124,468           0           0          0          0
  16,124,468
  10,988,308
  10,174,823
  1,032,315
  895,154
  343,618
  310,856
  171,757
  161,587
  324,146
  308,132
  4,591,443
  4,273,916
  17,451,587

    Variable |        Obs        Mean    Std. Dev.       Min        Max
-------------+---------------------------------------------------------
dm_type_ex~s |     77,792           1           0          1          1
  77,792
  10,988,308
  52,914
  1,032,315
  2,208
  343,618
  1,064
  171,757
  556
  324,146
  534
  4,591,443
  20,516
  17,451,587

    Variable |        Obs        Mean    Std. Dev.       Min        Max
-------------+---------------------------------------------------------
dm_type_ex~s |  1,249,327           2           0          2          2
  1,249,327
  10,988,308
  760,571
  1,032,315
  134,953
  343,618
  31,698
  171,757
  9,614
  324,146
  15,480
  4,591,443
  297,011

. file write tablecontent _n 

. 
. tabulatevariable, variable(diabcat) min(1) max(6) 
  17,451,587

    Variable |        Obs        Mean    Std. Dev.       Min        Max
-------------+---------------------------------------------------------
     diabcat | 15,725,515           1           0          1          1
  15,725,515
  10,988,308
  9,945,017
  1,032,315
  840,544
  343,618
  294,624
  171,757
  157,084
  324,146
  298,313
  4,591,443
  4,189,933
  17,451,587

    Variable |        Obs        Mean    Std. Dev.       Min        Max
-------------+---------------------------------------------------------
     diabcat |     18,946           2           0          2          2
  18,946
  10,988,308
  12,862
  1,032,315
  556
  343,618
  315
  171,757
  119
  324,146
  137
  4,591,443
  4,957
  17,451,587

    Variable |        Obs        Mean    Std. Dev.       Min        Max
-------------+---------------------------------------------------------
     diabcat |     51,119           3           0          3          3
  51,119
  10,988,308
  34,975
  1,032,315
  1,410
  343,618
  734
  171,757
  348
  324,146
  364
  4,591,443
  13,288
  17,451,587

    Variable |        Obs        Mean    Std. Dev.       Min        Max
-------------+---------------------------------------------------------
     diabcat |    721,075           4           0          4          4
  721,075
  10,988,308
  442,625
  1,032,315
  73,528
  343,618
  17,681
  171,757
  5,303
  324,146
  8,873
  4,591,443
  173,065
  17,451,587

    Variable |        Obs        Mean    Std. Dev.       Min        Max
-------------+---------------------------------------------------------
     diabcat |    420,925           5           0          5          5
  420,925
  10,988,308
  253,297
  1,032,315
  50,288
  343,618
  10,269
  171,757
  3,233
  324,146
  5,038
  4,591,443
  98,800
  17,451,587

    Variable |        Obs        Mean    Std. Dev.       Min        Max
-------------+---------------------------------------------------------
     diabcat |    128,434           6           0          6          6
  128,434
  10,988,308
  76,234
  1,032,315
  13,150
  343,618
  4,204
  171,757
  1,323
  324,146
  1,898
  4,591,443
  31,625

. file write tablecontent _n 

. 
. 
. file write tablecontent _n _n

. 
. ** COMORBIDITIES (categorical and continous)
. 
. * COMORBIDITIES (continous)
. format hba1c_pct bmi egfr %9.2f

. 
. qui summarizevariable, variable(hba1c_pct)

. file write tablecontent _n

. 
. ** COMORBIDITIES (binary)
. 
. foreach comorb of varlist               ///
>         hypertension                            ///
>         htdiag_or_highbp                        ///
>         chronic_cardiac_disease         ///
>         stroke                                          ///
>         egfr60                                                  ///
>         esrf                                            ///
>         cancer                                          ///
>         ra_sle_psoriasis                        ///
>         other_immuno                            ///
>         chronic_liver_disease           ///
>         dementia                                        ///
>         other_neuro                                     ///
>         chronic_respiratory_disease ///
>         { 
  2.         local comorb: subinstr local comorb "i." ""
  3.         local lab: variable label `comorb'
  4.         file write tablecontent ("`lab'") _n 
  5.                                                                 
.         generaterow, variable(`comorb') condition("==0")
  6.         generaterow, variable(`comorb') condition("==1")
  7.         file write tablecontent _n
  8. }
  17,451,587

    Variable |        Obs        Mean    Std. Dev.       Min        Max
-------------+---------------------------------------------------------
hypertension | 13,701,530           0           0          0          0
  13,701,530
  10,988,308
  8,517,931
  1,032,315
  858,597
  343,618
  273,791
  171,757
  150,953
  324,146
  292,221
  4,591,443
  3,608,037
  17,451,587

    Variable |        Obs        Mean    Std. Dev.       Min        Max
-------------+---------------------------------------------------------
hypertension |  3,750,057           1           0          1          1
  3,750,057
  10,988,308
  2,470,377
  1,032,315
  173,718
  343,618
  69,827
  171,757
  20,804
  324,146
  31,925
  4,591,443
  983,406
  17,451,587

    Variable |        Obs        Mean    Std. Dev.       Min        Max
-------------+---------------------------------------------------------
htdiag_or_~p | 12,771,325           0           0          0          0
  12,771,325
  10,988,308
  7,875,537
  1,032,315
  820,189
  343,618
  258,941
  171,757
  144,717
  324,146
  283,490
  4,591,443
  3,388,451
  17,451,587

    Variable |        Obs        Mean    Std. Dev.       Min        Max
-------------+---------------------------------------------------------
htdiag_or_~p |  4,680,262           1           0          1          1
  4,680,262
  10,988,308
  3,112,771
  1,032,315
  212,126
  343,618
  84,677
  171,757
  27,040
  324,146
  40,656
  4,591,443
  1,202,992
  17,451,587

    Variable |        Obs        Mean    Std. Dev.       Min        Max
-------------+---------------------------------------------------------
chronic_c~se | 16,240,783           0           0          0          0
  16,240,783
  10,988,308
  10,171,599
  1,032,315
  978,427
  343,618
  332,499
  171,757
  166,991
  324,146
  315,956
  4,591,443
  4,275,311
  17,451,587

    Variable |        Obs        Mean    Std. Dev.       Min        Max
-------------+---------------------------------------------------------
chronic_c~se |  1,210,804           1           0          1          1
  1,210,804
  10,988,308
  816,709
  1,032,315
  53,888
  343,618
  11,119
  171,757
  4,766
  324,146
  8,190
  4,591,443
  316,132
  17,451,587

    Variable |        Obs        Mean    Std. Dev.       Min        Max
-------------+---------------------------------------------------------
      stroke | 17,068,772           0           0          0          0
  17,068,772
  10,988,308
  10,728,211
  1,032,315
  1,019,830
  343,618
  339,172
  171,757
  170,234
  324,146
  321,930
  4,591,443
  4,489,395
  17,451,587

    Variable |        Obs        Mean    Std. Dev.       Min        Max
-------------+---------------------------------------------------------
      stroke |    382,815           1           0          1          1
  382,815
  10,988,308
  260,097
  1,032,315
  12,485
  343,618
  4,446
  171,757
  1,523
  324,146
  2,216
  4,591,443
  102,048
  17,451,587

    Variable |        Obs        Mean    Std. Dev.       Min        Max
-------------+---------------------------------------------------------
      egfr60 | 16,581,358           0           0          0          0
  16,581,358
  10,988,308
  10,410,592
  1,032,315
  1,007,508
  343,618
  331,292
  171,757
  168,645
  324,146
  320,026
  4,591,443
  4,343,295
  17,451,587

    Variable |        Obs        Mean    Std. Dev.       Min        Max
-------------+---------------------------------------------------------
      egfr60 |    870,229           1           0          1          1
  870,229
  10,988,308
  577,716
  1,032,315
  24,807
  343,618
  12,326
  171,757
  3,112
  324,146
  4,120
  4,591,443
  248,148
  17,451,587

    Variable |        Obs        Mean    Std. Dev.       Min        Max
-------------+---------------------------------------------------------
        esrf | 17,426,258           0           0          0          0
  17,426,258
  10,988,308
  10,973,681
  1,032,315
  1,029,923
  343,618
  342,745
  171,757
  171,536
  324,146
  323,793
  4,591,443
  4,584,580
  17,451,587

    Variable |        Obs        Mean    Std. Dev.       Min        Max
-------------+---------------------------------------------------------
        esrf |     25,329           1           0          1          1
  25,329
  10,988,308
  14,627
  1,032,315
  2,392
  343,618
  873
  171,757
  221
  324,146
  353
  4,591,443
  6,863
  17,451,587

    Variable |        Obs        Mean    Std. Dev.       Min        Max
-------------+---------------------------------------------------------
      cancer | 16,465,982           0           0          0          0
  16,465,982
  10,988,308
  10,299,065
  1,032,315
  1,012,490
  343,618
  334,412
  171,757
  168,025
  324,146
  317,506
  4,591,443
  4,334,484
  17,451,587

    Variable |        Obs        Mean    Std. Dev.       Min        Max
-------------+---------------------------------------------------------
      cancer |    985,605           1           0          1          1
  985,605
  10,988,308
  689,243
  1,032,315
  19,825
  343,618
  9,206
  171,757
  3,732
  324,146
  6,640
  4,591,443
  256,959
  17,451,587

    Variable |        Obs        Mean    Std. Dev.       Min        Max
-------------+---------------------------------------------------------
ra_sle_pso~s | 16,554,964           0           0          0          0
  16,554,964
  10,988,308
  10,368,180
  1,032,315
  994,880
  343,618
  336,692
  171,757
  166,744
  324,146
  316,619
  4,591,443
  4,371,849
  17,451,587

    Variable |        Obs        Mean    Std. Dev.       Min        Max
-------------+---------------------------------------------------------
ra_sle_pso~s |    896,623           1           0          1          1
  896,623
  10,988,308
  620,128
  1,032,315
  37,435
  343,618
  6,926
  171,757
  5,013
  324,146
  7,527
  4,591,443
  219,594
  17,451,587

    Variable |        Obs        Mean    Std. Dev.       Min        Max
-------------+---------------------------------------------------------
other_immuno | 17,358,482           0           0          0          0
  17,358,482
  10,988,308
  10,934,099
  1,032,315
  1,027,707
  343,618
  333,474
  171,757
  169,623
  324,146
  322,712
  4,591,443
  4,570,867
  17,451,587

    Variable |        Obs        Mean    Std. Dev.       Min        Max
-------------+---------------------------------------------------------
other_immuno |     93,105           1           0          1          1
  93,105
  10,988,308
  54,209
  1,032,315
  4,608
  343,618
  10,144
  171,757
  2,134
  324,146
  1,434
  4,591,443
  20,576
  17,451,587

    Variable |        Obs        Mean    Std. Dev.       Min        Max
-------------+---------------------------------------------------------
chronic_l~se | 17,346,431           0           0          0          0
  17,346,431
  10,988,308
  10,918,085
  1,032,315
  1,026,652
  343,618
  340,565
  171,757
  170,856
  324,146
  321,700
  4,591,443
  4,568,573
  17,451,587

    Variable |        Obs        Mean    Std. Dev.       Min        Max
-------------+---------------------------------------------------------
chronic_l~se |    105,156           1           0          1          1
  105,156
  10,988,308
  70,223
  1,032,315
  5,663
  343,618
  3,053
  171,757
  901
  324,146
  2,446
  4,591,443
  22,870
  17,451,587

    Variable |        Obs        Mean    Std. Dev.       Min        Max
-------------+---------------------------------------------------------
    dementia | 17,407,007           0           0          0          0
  17,407,007
  10,988,308
  10,957,983
  1,032,315
  1,031,066
  343,618
  343,024
  171,757
  171,634
  324,146
  323,917
  4,591,443
  4,579,383
  17,451,587

    Variable |        Obs        Mean    Std. Dev.       Min        Max
-------------+---------------------------------------------------------
    dementia |     44,580           1           0          1          1
  44,580
  10,988,308
  30,325
  1,032,315
  1,249
  343,618
  594
  171,757
  123
  324,146
  229
  4,591,443
  12,060
  17,451,587

    Variable |        Obs        Mean    Std. Dev.       Min        Max
-------------+---------------------------------------------------------
 other_neuro | 17,275,605           0           0          0          0
  17,275,605
  10,988,308
  10,867,300
  1,032,315
  1,026,456
  343,618
  341,627
  171,757
  170,838
  324,146
  322,952
  4,591,443
  4,546,432
  17,451,587

    Variable |        Obs        Mean    Std. Dev.       Min        Max
-------------+---------------------------------------------------------
 other_neuro |    175,982           1           0          1          1
  175,982
  10,988,308
  121,008
  1,032,315
  5,859
  343,618
  1,991
  171,757
  919
  324,146
  1,194
  4,591,443
  45,011
  17,451,587

    Variable |        Obs        Mean    Std. Dev.       Min        Max
-------------+---------------------------------------------------------
chronic_r~se | 16,724,671           0           0          0          0
  16,724,671
  10,988,308
  10,454,318
  1,032,315
  1,014,821
  343,618
  338,599
  171,757
  169,468
  324,146
  320,590
  4,591,443
  4,426,875
  17,451,587

    Variable |        Obs        Mean    Std. Dev.       Min        Max
-------------+---------------------------------------------------------
chronic_r~se |    726,916           1           0          1          1
  726,916
  10,988,308
  533,990
  1,032,315
  17,494
  343,618
  5,019
  171,757
  2,289
  324,146
  3,556
  4,591,443
  164,568

. 
. 
. 
. ** OTHER TREATMENT VARIABLES (binary)
. foreach treat of varlist ///
>         statin                          ///
>         insulin                         ///
>                                                 {               
  2. 
. local lab: variable label `treat'
  3. file write tablecontent ("`lab'") _n 
  4.         
. generaterow, variable(`treat') condition("==0")
  5. generaterow, variable(`treat') condition("==1")
  6. 
. file write tablecontent _n
  7. }
  17,451,587

    Variable |        Obs        Mean    Std. Dev.       Min        Max
-------------+---------------------------------------------------------
      statin | 14,510,942           0           0          0          0
  14,510,942
  10,988,308
  9,019,418
  1,032,315
  861,368
  343,618
  309,112
  171,757
  158,957
  324,146
  299,997
  4,591,443
  3,862,090
  17,451,587

    Variable |        Obs        Mean    Std. Dev.       Min        Max
-------------+---------------------------------------------------------
      statin |  2,940,645           1           0          1          1
  2,940,645
  10,988,308
  1,968,890
  1,032,315
  170,947
  343,618
  34,506
  171,757
  12,800
  324,146
  24,149
  4,591,443
  729,353
  17,451,587

    Variable |        Obs        Mean    Std. Dev.       Min        Max
-------------+---------------------------------------------------------
     insulin | 17,191,367           0           0          0          0
  17,191,367
  10,988,308
  10,820,869
  1,032,315
  1,013,120
  343,618
  337,834
  171,757
  169,830
  324,146
  321,797
  4,591,443
  4,527,917
  17,451,587

    Variable |        Obs        Mean    Std. Dev.       Min        Max
-------------+---------------------------------------------------------
     insulin |    260,220           1           0          1          1
  260,220
  10,988,308
  167,439
  1,032,315
  19,195
  343,618
  5,784
  171,757
  1,927
  324,146
  2,349
  4,591,443
  63,526

. 
. file close tablecontent

. 
. * Close log file 
. log close
      name:  <unnamed>
       log:  E:\analyses\ethnicity-covid-research/output/log/05b_eth_table1_des
> criptives_eth5.log
  log type:  text
 closed on:  11 Aug 2020, 13:53:32
-------------------------------------------------------------------------------
