------------------------------------------------------------------------------------------------------
      name:  <unnamed>
       log:  /Users/lsh152058/Documents/GitHub/ethnicity-covid-research/logs/07c_eth_sensanalysis_rura
> lurban_eth16.log
  log type:  text
 opened on:   6 Jan 2021, 16:26:31

. 
. 
. foreach i of global outcomes {
  2.         di "`i'"
  3.         
. * Open Stata dataset
. use ./output/analysis_dataset_STSET_`i'.dta, clear
  4. drop if carehome==1
  5. 
. gen urban=0 if rural_urban=="rural"
  6. replace urban=1 if rural_urban=="urban"
  7. tab urban
  8. 
. 
. *Adjusted for rural urban
. stcox i.ethnicity_16 i.male age1 age2 age3      i.imd                                           ///
>                                                                                 i.bmicat_sa     i.hb
> a1ccat                      ///
>                                                                                 gp_consult_count    
>                     ///
>                                                                                 i.smoke_nomiss      
>                     ///
>                                                                                 i.hypertension i.bp_
> cat         ///     
>                                                                                 i.asthma            
>                             ///
>                                                                                 i.chronic_respirator
> y_disease ///
>                                                                                 i.chronic_cardiac_di
> sease       ///
>                                                                                 i.dm_type           
>                             ///     
>                                                                                 i.cancer            
>         ///
>                                                                                 i.chronic_liver_dise
> ase         ///
>                                                                                 i.stroke            
>                             ///
>                                                                                 i.dementia          
>                             ///
>                                                                                 i.other_neuro       
>                     ///
>                                                                                 i.egfr60            
>                             ///
>                                                                                 i.esrf              
>                             ///
>                                                                                 i.immunosuppressed  
>                     ///
>                                                                                 i.ra_sle_psoriasis  
>                     ///
>                                                                                 i.hh_total_cat i.urb
> an, strata(stp) nolog       
  9. eststo model_adj
 10. 
. *rural                                                                  
. stcox i.ethnicity_16 i.male age1 age2 age3      i.imd                                           ///
>                                                                                 i.bmicat_sa     i.hb
> a1ccat                      ///
>                                                                                 gp_consult_count    
>                     ///
>                                                                                 i.smoke_nomiss      
>                     ///
>                                                                                 i.hypertension i.bp_
> cat         ///     
>                                                                                 i.asthma            
>                             ///
>                                                                                 i.chronic_respirator
> y_disease ///
>                                                                                 i.chronic_cardiac_di
> sease       ///
>                                                                                 i.dm_type           
>                             ///     
>                                                                                 i.cancer            
>         ///
>                                                                                 i.chronic_liver_dise
> ase         ///
>                                                                                 i.stroke            
>                             ///
>                                                                                 i.dementia          
>                             ///
>                                                                                 i.other_neuro       
>                     ///
>                                                                                 i.egfr60            
>                             ///
>                                                                                 i.esrf              
>                             ///
>                                                                                 i.immunosuppressed  
>                     ///
>                                                                                 i.ra_sle_psoriasis  
>                     ///
>                                                                                 i.hh_total_cat if ur
> ban==0, strata(stp) nolog
 11. eststo model_rural
 12. *urban
. stcox i.ethnicity_16 i.male age1 age2 age3      i.imd                                           ///
>                                                                                 i.bmicat_sa     i.hb
> a1ccat                      ///
>                                                                                 gp_consult_count    
>                     ///
>                                                                                 i.smoke_nomiss      
>                     ///
>                                                                                 i.hypertension i.bp_
> cat         ///     
>                                                                                 i.asthma            
>                             ///
>                                                                                 i.chronic_respirator
> y_disease ///
>                                                                                 i.chronic_cardiac_di
> sease       ///
>                                                                                 i.dm_type           
>                             ///     
>                                                                                 i.cancer            
>         ///
>                                                                                 i.chronic_liver_dise
> ase         ///
>                                                                                 i.stroke            
>                             ///
>                                                                                 i.dementia          
>                             ///
>                                                                                 i.other_neuro       
>                     ///
>                                                                                 i.egfr60            
>                             ///
>                                                                                 i.esrf              
>                             ///
>                                                                                 i.immunosuppressed  
>                     ///
>                                                                                 i.ra_sle_psoriasis  
>                     ///
>                                                                                 i.hh_total_cat if ur
> ban==1, strata(stp) nolog           
 13. eststo model_urban
 14. /* Estout================================================================*/ 
. esttab model_adj model_rural model_urban using ./output/estout_sens_ruralurban_eth16.txt, b(a2) ci(2
> ) label wide compress eform ///
>         title ("`i'") ///
>         varlabels(`e(labels)') ///
>         stats(N_sub) ///
>         append 
 15. eststo clear
 16. }
tested
(11,863 observations deleted)
(60,315 missing values generated)
(60,315 real changes made)

      urban |      Freq.     Percent        Cum.
------------+-----------------------------------
          0 |      6,687        9.98        9.98
          1 |     60,315       90.02      100.00
------------+-----------------------------------
      Total |     67,002      100.00

         failure _d:  tested
   analysis time _t:  (stime_tested-origin)
             origin:  time indexdate
  enter on or after:  time indexdate
                 id:  patient_id

Stratified Cox regr. -- Breslow method for ties

No. of subjects =       67,002                  Number of obs    =      67,002
No. of failures =          143
Time at risk    =     12318818
                                                LR chi2(57)      =       49.96
Log likelihood  =   -1234.7489                  Prob > chi2      =      0.7342

--------------------------------------------------------------------------------------------------
                              _t | Haz. Ratio   Std. Err.      z    P>|z|     [95% Conf. Interval]
---------------------------------+----------------------------------------------------------------
                    ethnicity_16 |
                          Irish  |   .4417613   .2352974    -1.53   0.125     .1555279    1.254779
                    Other White  |   .7200503   .3288211    -0.72   0.472     .2942047    1.762285
              White + Caribbean  |    .529408   .2648194    -1.27   0.204     .1986114    1.411162
                White + African  |   .6045072   .2876956    -1.06   0.290     .2378481    1.536396
                  White + Asian  |   .4305266   .2292816    -1.58   0.114     .1515945    1.222691
                    Other mixed  |   .6325877   .3010639    -0.96   0.336     .2488933    1.607786
                         Indian  |   .5210147   .2606546    -1.30   0.193     .1954378    1.388965
                      Pakistani  |   .5185886   .2594167    -1.31   0.189     .1945455    1.382371
                    Bangladeshi  |   .4298617   .2289439    -1.59   0.113      .151349    1.220893
                    Other Asian  |   .9558582   .3993043    -0.11   0.914      .421511    2.167594
                      Caribbean  |   .8584927   .3677993    -0.36   0.722     .3707327    1.987981
                        African  |   .3540632   .2044979    -1.80   0.072     .1141428     1.09828
                    Other Black  |   .5050605   .2526557    -1.37   0.172      .189466    1.346343
                        Chinese  |   .4386005   .2335491    -1.55   0.122     .1544597     1.24544
                          Other  |   .2559903   .1652767    -2.11   0.035     .0722199    .9073827
                        Unknown  |   .6165029   .2049673    -1.45   0.146     .3213203    1.182857
                                 |
                            male |
                           Male  |   .8521993   .1446045    -0.94   0.346     .6110911    1.188438
                            age1 |   .9728896   .0229037    -1.17   0.243      .929019    1.018832
                            age2 |   1.145993   .0989825     1.58   0.115      .967523    1.357383
                            age3 |   .6771282   .1558377    -1.69   0.090     .4312917    1.063092
                                 |
                             imd |
                              4  |   .6342985   .1581213    -1.83   0.068     .3891361    1.033917
                5 most deprived  |   1.211642   .3091654     0.75   0.452     .7348182    1.997878
                                 |
                       bmicat_sa |
      Normal (18.5-24.9 / 22.9)  |   .7292622    .426049    -0.54   0.589     .2320574    2.291775
 Overweight (25-29.9 / 23-27.4)  |   .7596214   .4249239    -0.49   0.623     .2537724    2.273788
  Obese I (30-34.9 / 27.4-32.4)  |   .9377046   .5039784    -0.12   0.905     .3270239    2.688763
Obese II (35-39.9 / 32.5- 37.4)  |   .8124386   .4404301    -0.38   0.702     .2807674    2.350901
        Obese III (40+ / 37.5+)  |   .7942806   .4230769    -0.43   0.665     .2796262    2.256161
                        Unknown  |   1.090833   .5834022     0.16   0.871     .3823986    3.111717
                                 |
                        hba1ccat |
                      >=6.5-7.4  |   .6471656   .1657918    -1.70   0.089     .3916998    1.069246
                      >=7.5-7.9  |   .6893343   .2696279    -0.95   0.342     .3202498    1.483785
                        >=8-8.9  |   1.065636   .3144523     0.22   0.829     .5976302    1.900137
                            >=9  |   .6039311   .3080643    -0.99   0.323     .2222239    1.641285
                        Unknown  |   1.755936   1.766616     0.56   0.576     .2444161    12.61501
                                 |
                gp_consult_count |   .9868804   .0361291    -0.36   0.718     .9185494    1.060295
                                 |
                    smoke_nomiss |
                         Former  |   1.127264   .6593843     0.20   0.838     .3581968    3.547557
                        Current  |   1.148196   .2835776     0.56   0.576     .7076019    1.863129
                                 |
                  1.hypertension |    .769112   .1751623    -1.15   0.249     .4921888    1.201842
                                 |
                          bp_cat |
                  High, stage I  |   9.50e-07   11.05441    -0.00   1.000            0           .
                 High, stage II  |   2.78e+07    8384206    56.80   0.000     1.54e+07    5.02e+07
                        Unknown  |   2.30e+07          .        .       .            .           .
                                 |
                        1.asthma |   1.644833   .5672063     1.44   0.149     .8367438    3.233339
   1.chronic_respiratory_disease |   .9820593   .2071535    -0.09   0.932     .6495119     1.48487
       1.chronic_cardiac_disease |   .8415832   .1853905    -0.78   0.434      .546497    1.296004
                                 |
                         dm_type |
                           T1DM  |   .4371767   .3118818    -1.16   0.246     .1079966    1.769718
                           T2DM  |   .7039942   .1639027    -1.51   0.132     .4460605    1.111077
                     UNKNOWN_DM  |   1.285323    .654469     0.49   0.622     .4737967    3.486844
                                 |
                        1.cancer |   1.032558   .2149162     0.15   0.878     .6866659    1.552684
         1.chronic_liver_disease |   .7725345   .1759551    -1.13   0.257     .4943623    1.207231
                        1.stroke |   .8127448   .1819358    -0.93   0.354     .5240946    1.260372
                      1.dementia |    .932789   .1994635    -0.33   0.745     .6134316    1.418406
                   1.other_neuro |   1.097897   .2230029     0.46   0.646     .7373386    1.634768
                                 |
                          egfr60 |
                       eGFR <60  |   1.764001   1.062877     0.94   0.346     .5415246    5.746186
                          1.esrf |   .8867195   .1923782    -0.55   0.579     .5795806    1.356621
              1.immunosuppressed |   .9231361   .1627372    -0.45   0.650     .6534459    1.304133
              1.ra_sle_psoriasis |   1.340238   .2584329     1.52   0.129     .9184339    1.955761
                                 |
                    hh_total_cat |
                           6-10  |   3.383352   3.395868     1.21   0.225     .4731478    24.19343
                            11+  |   1.11e-13   1.32e-06    -0.00   1.000            0           .
                                 |
                         1.urban |   .8258178   .2136099    -0.74   0.459     .4974031    1.371071
--------------------------------------------------------------------------------------------------
                                                             Stratified by stp

         failure _d:  tested
   analysis time _t:  (stime_tested-origin)
             origin:  time indexdate
  enter on or after:  time indexdate
                 id:  patient_id

Stratified Cox regr. -- no ties

No. of subjects =        6,687                  Number of obs    =       6,687
No. of failures =           17
Time at risk    =      1229366
                                                LR chi2(39)      =       61.36
Log likelihood  =   -79.824003                  Prob > chi2      =      0.0126

--------------------------------------------------------------------------------------------------
                              _t | Haz. Ratio   Std. Err.      z    P>|z|     [95% Conf. Interval]
---------------------------------+----------------------------------------------------------------
                    ethnicity_16 |
                          Irish  |   1.26e-20          .        .       .            .           .
                    Other White  |   1.66e-20          .        .       .            .           .
              White + Caribbean  |   1.09e-20          .        .       .            .           .
                White + African  |   .2256343   .2596169    -1.29   0.196     .0236594    2.151818
                  White + Asian  |   1.40e-20          .        .       .            .           .
                    Other mixed  |   1.27e-20          .        .       .            .           .
                         Indian  |   1.22e-20          .        .       .            .           .
                      Pakistani  |     .40914   .3703926    -0.99   0.324     .0693878    2.412464
                    Bangladeshi  |   .1395602   .1631443    -1.68   0.092     .0141161    1.379771
                    Other Asian  |   .5328461   .4350458    -0.77   0.441     .1075554    2.639801
                      Caribbean  |   .1922159   .2215748    -1.43   0.153     .0200713    1.840784
                        African  |   1.46e-20          .        .       .            .           .
                    Other Black  |   .2260631   .2606161    -1.29   0.197     .0236007    2.165381
                        Chinese  |   1.37e-20          .        .       .            .           .
                          Other  |   1.32e-20          .        .       .            .           .
                        Unknown  |   .1418402   .1071249    -2.59   0.010     .0322797    .6232609
                                 |
                            male |
                           Male  |   .4218844   .2234732    -1.63   0.103      .149386    1.191453
                            age1 |   .8791997   .0687535    -1.65   0.100     .7542642    1.024829
                            age2 |    1.77925   .5420795     1.89   0.059     .9792729    3.232737
                            age3 |   .1906205   .1608466    -1.96   0.049     .0364688    .9963638
                                 |
                             imd |
                              4  |   .6271473   .4204854    -0.70   0.486      .168524    2.333874
                5 most deprived  |   .9873294   .7872872    -0.02   0.987     .2068816    4.711967
                                 |
                       bmicat_sa |
      Normal (18.5-24.9 / 22.9)  |   .5021958   .6506517    -0.53   0.595     .0396319    6.363577
 Overweight (25-29.9 / 23-27.4)  |   .1798187   .2682014    -1.15   0.250     .0096663    3.345114
  Obese I (30-34.9 / 27.4-32.4)  |     .26009   .3384632    -1.03   0.301     .0202969    3.332872
Obese II (35-39.9 / 32.5- 37.4)  |   .6464557   .7717191    -0.37   0.715     .0622874    6.709301
        Obese III (40+ / 37.5+)  |   .3352893   .4076029    -0.90   0.369     .0309482    3.632489
                        Unknown  |   .3935015   .4826682    -0.76   0.447      .035552    4.355407
                                 |
                        hba1ccat |
                      >=6.5-7.4  |   .5979765   .4779033    -0.64   0.520     .1248542    2.863947
                      >=7.5-7.9  |    .737015    .796572    -0.28   0.778     .0886116    6.130023
                        >=8-8.9  |   3.270495   2.302224     1.68   0.092     .8230399    12.99589
                            >=9  |   1.050855   1.198159     0.04   0.965     .1124667    9.818878
                        Unknown  |   2.29e-18          .        .       .            .           .
                                 |
                gp_consult_count |   1.173057   .1222026     1.53   0.125     .9564133    1.438774
                                 |
                    smoke_nomiss |
                         Former  |   1.78e-19          .        .       .            .           .
                        Current  |   .8859145   .7068823    -0.15   0.879     .1854417    4.232298
                                 |
                  1.hypertension |    .847753   .5563242    -0.25   0.801     .2342514    3.068009
                                 |
                          bp_cat |
                 High, stage II  |   6.91e+07   5.40e+07    23.09   0.000     1.49e+07    3.20e+08
                        Unknown  |   8.34e+07          .        .       .            .           .
                                 |
                        1.asthma |   1.171788   1.254053     0.15   0.882      .143843    9.545725
   1.chronic_respiratory_disease |    1.23746   .7366175     0.36   0.720     .3853367    3.973948
       1.chronic_cardiac_disease |   .2171577   .2322672    -1.43   0.153       .02669    1.766859
                                 |
                         dm_type |
                           T1DM  |   2.15e-19          .        .       .            .           .
                           T2DM  |   .6936137   .4557965    -0.56   0.578      .191322    2.514609
                     UNKNOWN_DM  |   1.58e-19          .        .       .            .           .
                                 |
                        1.cancer |   1.568464   .8694278     0.81   0.417     .5292227    4.648479
         1.chronic_liver_disease |   1.316394   .8046349     0.45   0.653     .3972793      4.3619
                        1.stroke |   1.18e-19   1.65e-10    -0.00   1.000            0           .
                      1.dementia |   .2345008   .2452713    -1.39   0.166     .0301889     1.82155
                   1.other_neuro |   1.403202   .7806516     0.61   0.543     .4715919     4.17517
                                 |
                          egfr60 |
                       eGFR <60  |   2.83e-19          .        .       .            .           .
                          1.esrf |   1.784869   1.097341     0.94   0.346     .5349167    5.955615
              1.immunosuppressed |   .5223763   .3091038    -1.10   0.272     .1637967     1.66595
              1.ra_sle_psoriasis |   .4686449   .3689198    -0.96   0.336     .1001783    2.192373
                                 |
                    hh_total_cat |
                           6-10  |   3.83e+16          .        .       .            .           .
                            11+  |   .0027162          .        .       .            .           .
--------------------------------------------------------------------------------------------------
                                                             Stratified by stp

         failure _d:  tested
   analysis time _t:  (stime_tested-origin)
             origin:  time indexdate
  enter on or after:  time indexdate
                 id:  patient_id

Stratified Cox regr. -- Breslow method for ties

No. of subjects =       60,315                  Number of obs    =      60,315
No. of failures =          126
Time at risk    =     11089452
                                                LR chi2(56)      =       43.12
Log likelihood  =   -1075.2011                  Prob > chi2      =      0.8963

--------------------------------------------------------------------------------------------------
                              _t | Haz. Ratio   Std. Err.      z    P>|z|     [95% Conf. Interval]
---------------------------------+----------------------------------------------------------------
                    ethnicity_16 |
                          Irish  |   .6702793   .3823869    -0.70   0.483     .2191062    2.050486
                    Other White  |   1.089021   .5447593     0.17   0.865     .4085461    2.902896
              White + Caribbean  |   .8023998   .4335491    -0.41   0.684     .2782744    2.313707
                White + African  |   .7851513   .4243152    -0.45   0.654     .2722344    2.264455
                  White + Asian  |   .6547741   .3735043    -0.74   0.458     .2140615    2.002831
                    Other mixed  |   .9592702   .4968159    -0.08   0.936     .3476122    2.647201
                         Indian  |      .7933   .4286824    -0.43   0.668     .2750846     2.28775
                      Pakistani  |   .5250441   .3216359    -1.05   0.293     .1580373    1.744343
                    Bangladeshi  |   .5297308   .3245537    -1.04   0.300     .1594204    1.760219
                    Other Asian  |   1.057201   .5289564     0.11   0.911     .3965248    2.818674
                      Caribbean  |   1.172852   .5702889     0.33   0.743     .4522244    3.041812
                        African  |   .5259915   .3222228    -1.05   0.294     .1583186    1.747533
                    Other Black  |   .6391448   .3645645    -0.78   0.433     .2089675    1.954878
                        Chinese  |   .6522482   .3719761    -0.75   0.454     .2132917    1.994581
                          Other  |   .3912248   .2649151    -1.39   0.166     .1037627    1.475066
                        Unknown  |   .8275936   .3263373    -0.48   0.631     .3820945    1.792518
                                 |
                            male |
                           Male  |     .90831   .1640394    -0.53   0.594     .6375414    1.294076
                            age1 |   .9823104   .0246625    -0.71   0.477     .9351428    1.031857
                            age2 |   1.098785   .1003961     1.03   0.303      .918625    1.314278
                            age3 |     .76148    .184613    -1.12   0.261      .473471    1.224683
                                 |
                             imd |
                              4  |   .6053025   .1638086    -1.86   0.064     .3561377    1.028791
                5 most deprived  |    1.19911   .3246414     0.67   0.502      .705357    2.038494
                                 |
                       bmicat_sa |
      Normal (18.5-24.9 / 22.9)  |   .7946294   .5301231    -0.34   0.730     .2149317    2.937845
 Overweight (25-29.9 / 23-27.4)  |   .9411146   .5956363    -0.10   0.924     .2722154    3.253661
  Obese I (30-34.9 / 27.4-32.4)  |   1.156628   .7088478     0.24   0.812     .3479598    3.844666
Obese II (35-39.9 / 32.5- 37.4)  |   .8936347   .5555977    -0.18   0.856     .2642069    3.022566
        Obese III (40+ / 37.5+)  |   .9546323   .5814288    -0.08   0.939     .2893363    3.149701
                        Unknown  |   1.297771   .7934047     0.43   0.670     .3915686    4.301186
                                 |
                        hba1ccat |
                      >=6.5-7.4  |   .6367462   .1728745    -1.66   0.096     .3739968    1.084089
                      >=7.5-7.9  |   .6496179   .2740282    -1.02   0.306     .2841815    1.484978
                        >=8-8.9  |   .9152842   .3053769    -0.27   0.791     .4759482     1.76016
                            >=9  |   .5004233   .2938089    -1.18   0.238     .1583359    1.581596
                        Unknown  |   1.865032   1.877824     0.62   0.536     .2592067    13.41919
                                 |
                gp_consult_count |   .9647137   .0381644    -0.91   0.364     .8927392    1.042491
                                 |
                    smoke_nomiss |
                         Former  |   1.288974   .7553757     0.43   0.665     .4087106    4.065113
                        Current  |   1.177617   .3079432     0.63   0.532     .7053705    1.966032
                                 |
                  1.hypertension |   .7537519   .1838648    -1.16   0.246     .4672965    1.215806
                                 |
                          bp_cat |
                  High, stage I  |   1.06e-06   12.93472    -0.00   1.000            0           .
                 High, stage II  |   2.97e+07    9783115    52.17   0.000     1.55e+07    5.66e+07
                        Unknown  |   2.34e+07          .        .       .            .           .
                                 |
                        1.asthma |   1.677523   .6139119     1.41   0.157     .8187666    3.436981
   1.chronic_respiratory_disease |   .9485057   .2153723    -0.23   0.816     .6078019    1.480191
       1.chronic_cardiac_disease |   .9247182   .2099248    -0.34   0.730     .5926167    1.442929
                                 |
                         dm_type |
                           T1DM  |   .4909842   .3506854    -1.00   0.319     .1210869    1.990848
                           T2DM  |   .6917011   .1730505    -1.47   0.141     .4236079    1.129465
                     UNKNOWN_DM  |   1.480489   .7556484     0.77   0.442     .5444377    4.025894
                                 |
                        1.cancer |   .9572782    .217375    -0.19   0.848     .6134098    1.493914
         1.chronic_liver_disease |    .718718   .1790585    -1.33   0.185     .4410558     1.17118
                        1.stroke |   .9464843   .2148722    -0.24   0.809     .6065581    1.476911
                      1.dementia |   1.040939   .2293521     0.18   0.856     .6758935    1.603142
                   1.other_neuro |   1.054047   .2322072     0.24   0.811     .6844473    1.623231
                                 |
                          egfr60 |
                       eGFR <60  |   2.139917   1.299945     1.25   0.210     .6505993    7.038501
                          1.esrf |    .836771   .1964802    -0.76   0.448     .5281266    1.325791
              1.immunosuppressed |   .9825019   .1827896    -0.09   0.924     .6822941      1.4148
              1.ra_sle_psoriasis |   1.465337    .294407     1.90   0.057     .9883691    2.172481
                                 |
                    hh_total_cat |
                           6-10  |   3.006711   3.019445     1.10   0.273     .4200346    21.52278
                            11+  |   9.76e-14   1.27e-06    -0.00   1.000            0           .
--------------------------------------------------------------------------------------------------
                                                             Stratified by stp
(output written to ./output/estout_sens_ruralurban_eth16.txt)
positivetest
(11,863 observations deleted)
(60,315 missing values generated)
(60,315 real changes made)

      urban |      Freq.     Percent        Cum.
------------+-----------------------------------
          0 |      6,687        9.98        9.98
          1 |     60,315       90.02      100.00
------------+-----------------------------------
      Total |     67,002      100.00

         failure _d:  positivetest
   analysis time _t:  (stime_positivetest-origin)
             origin:  time indexdate
  enter on or after:  time indexdate
                 id:  patient_id
