----------------------------------------------------------
      name:  <unnamed>
       log:  /Users/lsh152058/Documents/GitHub/ethnicity-c
> ovid-research/logs/11b_eth_an_infectedpop_eth5.log
  log type:  text
 opened on:  16 Jan 2021, 20:23:24

. 
. cap file close tablecontent

. file open tablecontent using ./output/table4_infectedpop
> _eth5_nocarehomes.txt, write text replace

. file write tablecontent ("Table 3: Odds of testing posit
> ive amongst those receiving a test - No care homes") _n

. file write tablecontent _tab ("Denominator") _tab ("Even
> t") _tab ("%") _tab ("Crude") _tab _tab ("Age/Sex Adjust
> ed") _tab _tab ("Age/Sex/IMD Adjusted") _tab _tab       
> ("plus co-morbidities") _tab _tab       ("plus hh size")
>   _n

. 
. file write tablecontent _tab _tab _tab _tab   ("OR") _ta
> b ("95% CI") _tab ("OR") _tab ("95% CI") _tab ("OR") _ta
> b ("95% CI") _tab ("OR") _tab ("95% CI") _tab ("95% CI")
>  _tab ("95% CI") _n

. 
. 
. foreach i of global outcomes {
  2. * Open Stata dataset
. use ./output/analysis_dataset.dta, clear
  3. 
. safecount
  4. 
. *define population as anyone who has received a test
. keep if positivetest==1
  5. safecount
  6. 
. keep if carehome==0
  7. safecount
  8. 
. 
. /* keep those with at least 30 days f-up after positivet
> est ====================================================
> ===*/ 
. gen fup=stime_`i'-positivetest_date
  9. sum fup
 10. drop if fup<30
 11. sum fup
 12. 
. /* Create outcomes to be within 30 days of positivetest 
> =======================================================*
> / 
. 
. gen `i'_30=0
 13. replace `i'_30=1 if (`i'_date - positivetest_date) <=
> 30  & `i'_date <= stime_`i'
 14. tab `i' `i'_30
 15. 
. /* Sense check outcomes=================================
> ======================*/ 
. safetab positivetest `i'_30
 16. 
. safetab eth5 `i'_30, missing row
 17. 
. 
. /* Main Model===========================================
> ======================*/
. 
. /* Univariable model */ 
. 
. cap logistic `i'_30 i.eth5 i.stp, nolog 
 18. cap estimates save ./output/crude_`i'_eth5, replace 
 19. cap parmest, label eform format(estimate p lb ub) sav
> ing(./output/crude_`i'_eth5, replace) idstr("crude_`i'_e
> th5") 
 20. cap eststo model1
 21. local hr "`hr' ./output/crude_`i'_eth5 "
 22. 
. 
. /* Multivariable models */ 
. *Age Gender
. cap logistic `i'_30 i.eth5 i.male age1 age2 age3 i.stp, 
> nolog 
 23. cap estimates save ./output/model0_`i'_eth5, replace 
 24. cap parmest, label eform format(estimate p lb ub) sav
> ing(./output/model0_`i'_eth5, replace) idstr("model0_`i'
> _eth5") 
 25. cap eststo model2
 26. local hr "`hr' ./output/model0_`i'_eth5 "
 27. 
. * Age, Gender, IMD
. cap logistic `i'_30 i.eth5 i.male age1 age2 age3 i.imd i
> .stp , nolog 
 28. cap estimates save ./output/model1_`i'_eth5, replace 
 29. cap parmest, label eform format(estimate p lb ub) sav
> ing(./output/model1_`i'_eth5, replace) idstr("model1_`i'
> _eth5") 
 30. cap eststo model3
 31. local hr "`hr' ./output/model1_`i'_eth5 "
 32. 
. * Age, Gender, IMD and Comorbidities  
. cap logistic `i'_30 i.eth5 i.male age1 age2 age3        
> i.imd                                           ///
>                                                         
>                         i.bmicat_sa     i.hba1ccat      
>                 ///
>                                                         
>                         gp_consult_count                
>         ///
>                                                         
>                         i.smoke_nomiss                  
>         ///
>                                                         
>                         i.hypertension i.bp_cat         
> ///     
>                                                         
>                         i.asthma                        
>                 ///
>                                                         
>                         i.chronic_respiratory_disease //
> /
>                                                         
>                         i.chronic_cardiac_disease       
> ///
>                                                         
>                         i.dm_type                       
>                 ///     
>                                                         
>                         i.cancer                    ///
>                                                         
>                         i.chronic_liver_disease         
> ///
>                                                         
>                         i.stroke                        
>                 ///
>                                                         
>                         i.dementia                      
>                 ///
>                                                         
>                         i.other_neuro                   
>         ///
>                                                         
>                         i.egfr60                        
>                 ///
>                                                         
>                         i.esrf                          
>                 ///
>                                                         
>                         i.immunosuppressed              
>         ///
>                                                         
>                         i.ra_sle_psoriasis      i. stp, 
> nolog           
 33.                                                      
>                            
. cap estimates save ./output/model2_`i'_eth5, replace 
 34. cap parmest, label eform format(estimate p lb ub) sav
> ing(./output/model2_`i'_eth5, replace) idstr("model2_`i'
> _eth5") 
 35. cap eststo model4
 36. local hr "`hr' ./output/model2_`i'_eth5 "
 37. 
. * Age, Gender, IMD and Comorbidities  and household size
>  
. cap logistic `i'_30 i.eth5 i.male age1 age2 age3        
> i.imd                                           ///
>                                                         
>                         i.bmicat_sa     i.hba1ccat      
>                 ///
>                                                         
>                         gp_consult_count                
>         ///
>                                                         
>                         i.smoke_nomiss                  
>         ///
>                                                         
>                         i.hypertension i.bp_cat         
> ///     
>                                                         
>                         i.asthma                        
>                 ///
>                                                         
>                         i.chronic_respiratory_disease //
> /
>                                                         
>                         i.chronic_cardiac_disease       
> ///
>                                                         
>                         i.dm_type                       
>                 ///     
>                                                         
>                         i.cancer                    ///
>                                                         
>                         i.chronic_liver_disease         
> ///
>                                                         
>                         i.stroke                        
>                 ///
>                                                         
>                         i.dementia                      
>                 ///
>                                                         
>                         i.other_neuro                   
>         ///
>                                                         
>                         i.egfr60                        
>                 ///
>                                                         
>                         i.esrf                          
>                 ///
>                                                         
>                         i.immunosuppressed              
>         ///
>                                                         
>                         i.ra_sle_psoriasis              
>         ///
>                                                         
>                         i.hh_total_cat i.stp, nolog     
>         
 38.                                                      
>                            
. cap estimates save ./output/model3_`i'_eth5, replace 
 39. cap parmest, label eform format(estimate p lb ub) sav
> ing(./output/model3_`i'_eth5, replace) idstr("model3_`i'
> _eth5") 
 40. cap eststo model5
 41. local hr "`hr' ./output/model3_`i'_eth5 "
 42. 
. /* Estout===============================================
> =================*/ 
. cap esttab model1 model2 model3 model4 model5   using ./
> output/estout_table4_infectedpop_eth5_nocarehomes.txt, b
> (a2) ci(2) label wide compress eform ///
>         title ("`i'") ///
>         varlabels(`e(labels)') ///
>         stats(N_sub) ///
>         append 
 43. eststo clear
 44. 
. /* Print table==========================================
> ======================*/ 
. *  Print the results for the main model 
. 
. 
. * Column headings 
. file write tablecontent ("`i'") _n
 45. 
. * eth5 labelled columns
. 
. local lab1: label eth5 1
 46. local lab2: label eth5 2
 47. local lab3: label eth5 3
 48. local lab4: label eth5 4
 49. local lab5: label eth5 5
 50. local lab6: label eth5 6
 51. 
. /* Counts */
.  
. * First row, eth5 = 1 (White) reference cat
.         qui safecount if eth5==1
 52.         local denominator = r(N)
 53.         qui safecount if eth5 == 1 & `i' == 1
 54.         local event = r(N)
 55.         local pct =(`event'/`denominator')
 56.         file write tablecontent  ("`lab1'") _tab (`de
> nominator') _tab (`event') _tab %3.2f (`pct') _tab
 57.         file write tablecontent ("1.00") _tab _tab ("
> 1.00") _tab _tab ("1.00")  _tab _tab ("1.00") _tab _tab 
> ("1.00") _n
 58.         
. * Subsequent ethnic groups
. forvalues eth=2/6 {
 59.         qui safecount if eth5==`eth'
 60.         local denominator = r(N)
 61.         qui safecount if eth5 == `eth' & `i' == 1
 62.         local event = r(N)
 63.         local pct =(`event'/`denominator')
 64.         file write tablecontent  ("`lab`eth''") _tab 
> (`denominator') _tab (`event') _tab %3.2f (`pct') _tab
 65.         cap estimates use ./output/crude_`i'_eth5" 
 66.         cap lincom `eth'.eth5, eform
 67.         file write tablecontent  %4.2f (r(estimate)) 
> _tab ("(") %4.2f (r(lb)) (" - ") %4.2f (r(ub)) (")") _ta
> b 
 68.         cap estimates clear
 69.         cap estimates use ./output/model0_`i'_eth5" 
 70.         cap lincom `eth'.eth5, eform
 71.         file write tablecontent  %4.2f (r(estimate)) 
> _tab ("(") %4.2f (r(lb)) (" - ") %4.2f (r(ub)) (")") _ta
> b 
 72.         cap estimates clear
 73.         cap estimates use ./output/model1_`i'_eth5" 
 74.         cap lincom `eth'.eth5, eform
 75.         file write tablecontent  %4.2f (r(estimate)) 
> _tab ("(") %4.2f (r(lb)) (" - ") %4.2f (r(ub)) (")") _ta
> b 
 76.         cap estimates clear
 77.         cap estimates use ./output/model2_`i'_eth5" 
 78.         cap lincom `eth'.eth5, eform
 79.         file write tablecontent  %4.2f (r(estimate)) 
> _tab ("(") %4.2f (r(lb)) (" - ") %4.2f (r(ub)) (")") _ta
> b 
 80.         cap estimates clear
 81.         cap estimates use ./output/model3_`i'_eth5" 
 82.         cap lincom `eth'.eth5, eform
 83.         file write tablecontent  %4.2f (r(estimate)) 
> _tab ("(") %4.2f (r(lb)) (" - ") %4.2f (r(ub)) (")") _n
 84. }  //end ethnic group
 85. 
. } //end outcomes
  78,684
(68,938 observations deleted)
  9,746
(1,521 observations deleted)
  8,225

    Variable |        Obs        Mean    Std. Dev.       M
> in        Max
-------------+--------------------------------------------
> -------------
         fup |      8,225    77.44195    64.34212       -1
> 78        183
(1,976 observations deleted)

    Variable |        Obs        Mean    Std. Dev.       M
> in        Max
-------------+--------------------------------------------
> -------------
         fup |      6,249    104.1301    44.01002         
> 30        183
(1 real change made)

   outcome |        hes_30
       hes |         0          1 |     Total
-----------+----------------------+----------
         0 |     5,891          0 |     5,891 
         1 |       357          1 |       358 
-----------+----------------------+----------
     Total |     6,248          1 |     6,249 

**TABLE OF positivetest hes_30 REDACTED DUE TO SMALL N**


**TABLE OF eth5 hes_30 REDACTED DUE TO SMALL N**

  78,684
(68,938 observations deleted)
  9,746
(1,521 observations deleted)
  8,225

    Variable |        Obs        Mean    Std. Dev.       M
> in        Max
-------------+--------------------------------------------
> -------------
         fup |      8,225     75.0817    63.00366       -1
> 80        179
(2,044 observations deleted)

    Variable |        Obs        Mean    Std. Dev.       M
> in        Max
-------------+--------------------------------------------
> -------------
         fup |      6,181    101.9298    43.12947         
> 30        179
(4 real changes made)

   outcome |        icu_30
       icu |         0          1 |     Total
-----------+----------------------+----------
         0 |     5,845          0 |     5,845 
         1 |       332          4 |       336 
-----------+----------------------+----------
     Total |     6,177          4 |     6,181 

**TABLE OF positivetest icu_30 REDACTED DUE TO SMALL N**


**TABLE OF eth5 icu_30 REDACTED DUE TO SMALL N**

  78,684
(68,938 observations deleted)
  9,746
(1,521 observations deleted)
  8,225

    Variable |        Obs        Mean    Std. Dev.       M
> in        Max
-------------+--------------------------------------------
> -------------
         fup |      8,225    89.66553    53.25271         
>  0        183
(1,435 observations deleted)

    Variable |        Obs        Mean    Std. Dev.       M
> in        Max
-------------+--------------------------------------------
> -------------
         fup |      6,790    105.6495    44.21588         
> 30        183
(0 real changes made)

   outcome | onscovidde
onscovidde |   ath_30
       ath |         0 |     Total
-----------+-----------+----------
         0 |     6,693 |     6,693 
         1 |        97 |        97 
-----------+-----------+----------
     Total |     6,790 |     6,790 

   outcome | onscovidde
positivete |   ath_30
        st |         0 |     Total
-----------+-----------+----------
         1 |     6,790 |     6,790 
-----------+-----------+----------
     Total |     6,790 |     6,790 

+----------------+
| Key            |
|----------------|
|   frequency    |
| row percentage |
+----------------+

            | onscovidde
      Eth 5 |   ath_30
 categories |         0 |     Total
------------+-----------+----------
      White |     1,028 |     1,028 
            |    100.00 |    100.00 
------------+-----------+----------
South Asian |     1,017 |     1,017 
            |    100.00 |    100.00 
------------+-----------+----------
      Black |     1,033 |     1,033 
            |    100.00 |    100.00 
------------+-----------+----------
      Mixed |       978 |       978 
            |    100.00 |    100.00 
------------+-----------+----------
      Other |     1,066 |     1,066 
            |    100.00 |    100.00 
------------+-----------+----------
    Unknown |     1,668 |     1,668 
            |    100.00 |    100.00 
------------+-----------+----------
      Total |     6,790 |     6,790 
            |    100.00 |    100.00 
  78,684
(68,938 observations deleted)
  9,746
(1,521 observations deleted)
  8,225

    Variable |        Obs        Mean    Std. Dev.       M
> in        Max
-------------+--------------------------------------------
> -------------
         fup |      8,225    89.66553    53.25271         
>  0        183
(1,435 observations deleted)

    Variable |        Obs        Mean    Std. Dev.       M
> in        Max
-------------+--------------------------------------------
> -------------
         fup |      6,790    105.6495    44.21588         
> 30        183
(3 real changes made)

   outcome |
ons_noncov | ons_noncoviddeath_30
   iddeath |         0          1 |     Total
-----------+----------------------+----------
         0 |     6,470          0 |     6,470 
         1 |       317          3 |       320 
-----------+----------------------+----------
     Total |     6,787          3 |     6,790 

**TABLE OF positivetest ons_noncoviddeath_30 REDACTED DUE 
> TO SMALL N**


**TABLE OF eth5 ons_noncoviddeath_30 REDACTED DUE TO SMALL
>  N**

  78,684
(68,938 observations deleted)
  9,746
(1,521 observations deleted)
  8,225

    Variable |        Obs        Mean    Std. Dev.       M
> in        Max
-------------+--------------------------------------------
> -------------
         fup |      8,225    89.66553    53.25271         
>  0        183
(1,435 observations deleted)

    Variable |        Obs        Mean    Std. Dev.       M
> in        Max
-------------+--------------------------------------------
> -------------
         fup |      6,790    105.6495    44.21588         
> 30        183
(3 real changes made)

   outcome |      onsdeath_30
  onsdeath |         0          1 |     Total
-----------+----------------------+----------
         0 |     6,373          0 |     6,373 
         1 |       414          3 |       417 
-----------+----------------------+----------
     Total |     6,787          3 |     6,790 

**TABLE OF positivetest onsdeath_30 REDACTED DUE TO SMALL 
> N**


**TABLE OF eth5 onsdeath_30 REDACTED DUE TO SMALL N**


. file close tablecontent

. 
. ************************************************create f
> orestplot dataset
. dsconcat `hr'

. duplicates drop

Duplicates in terms of all variables

(0 observations are duplicates)

. split idstr, p(_)
variables created as string: 
idstr1  idstr2  idstr3  idstr4

. ren idstr1 model

. ren idstr2 outcome

. drop idstr idstr3

. tab model

      model |      Freq.     Percent        Cum.
------------+-----------------------------------
      crude |         85        7.83        7.83
     model0 |        110       10.14       17.97
     model1 |        125       11.52       29.49
     model2 |        375       34.56       64.06
     model3 |        390       35.94      100.00
------------+-----------------------------------
      Total |      1,085      100.00

. 
. *save dataset for later
. outsheet using ./output/FP_infectedpop_eth5.txt, replace

. 
. * Close log file 
. log close
      name:  <unnamed>
       log:  /Users/lsh152058/Documents/GitHub/ethnicity-c
> ovid-research/logs/11b_eth_an_infectedpop_eth5.log
  log type:  text
 closed on:  16 Jan 2021, 20:23:30
----------------------------------------------------------
